<?xml version="1.0" encoding="UTF-8"?>
<coverage generated="1674747580083" clover="3.2.0">
  <project timestamp="1674747580083" name="All files">
    <metrics statements="930" coveredstatements="598" conditionals="391" coveredconditionals="123" methods="289" coveredmethods="150" elements="1610" coveredelements="871" complexity="0" loc="930" ncloc="930" packages="4" files="31" classes="31"/>
    <package name="src">
      <metrics statements="19" coveredstatements="13" conditionals="4" coveredconditionals="2" methods="4" coveredmethods="3"/>
      <file name="App.jsx" path="C:\Users\paulh\OneDrive\Escritorio\Infor\cuarto\gpsw\Docenta\src\App.jsx">
        <metrics statements="8" coveredstatements="8" conditionals="0" coveredconditionals="0" methods="2" coveredmethods="2"/>
        <line num="26" count="121" type="stmt"/>
        <line num="27" count="121" type="stmt"/>
        <line num="28" count="121" type="stmt"/>
        <line num="29" count="104" type="stmt"/>
        <line num="31" count="104" type="stmt"/>
        <line num="32" count="98" type="stmt"/>
        <line num="33" count="98" type="stmt"/>
        <line num="36" count="104" type="stmt"/>
      </file>
      <file name="index.js" path="C:\Users\paulh\OneDrive\Escritorio\Infor\cuarto\gpsw\Docenta\src\index.js">
        <metrics statements="3" coveredstatements="3" conditionals="0" coveredconditionals="0" methods="0" coveredmethods="0"/>
        <line num="8" count="52" type="stmt"/>
        <line num="9" count="52" type="stmt"/>
        <line num="20" count="52" type="stmt"/>
      </file>
      <file name="reportWebVitals.js" path="C:\Users\paulh\OneDrive\Escritorio\Infor\cuarto\gpsw\Docenta\src\reportWebVitals.js">
        <metrics statements="8" coveredstatements="2" conditionals="4" coveredconditionals="2" methods="2" coveredmethods="1"/>
        <line num="1" count="52" type="stmt"/>
        <line num="2" count="52" type="cond" truecount="2" falsecount="2"/>
        <line num="3" count="0" type="stmt"/>
        <line num="4" count="0" type="stmt"/>
        <line num="5" count="0" type="stmt"/>
        <line num="6" count="0" type="stmt"/>
        <line num="7" count="0" type="stmt"/>
        <line num="8" count="0" type="stmt"/>
      </file>
    </package>
    <package name="src.components">
      <metrics statements="38" coveredstatements="27" conditionals="56" coveredconditionals="31" methods="19" coveredmethods="12"/>
      <file name="Loader.jsx" path="C:\Users\paulh\OneDrive\Escritorio\Infor\cuarto\gpsw\Docenta\src\components\Loader.jsx">
        <metrics statements="1" coveredstatements="1" conditionals="0" coveredconditionals="0" methods="1" coveredmethods="1"/>
        <line num="6" count="106" type="stmt"/>
      </file>
      <file name="Navbar.jsx" path="C:\Users\paulh\OneDrive\Escritorio\Infor\cuarto\gpsw\Docenta\src\components\Navbar.jsx">
        <metrics statements="5" coveredstatements="5" conditionals="8" coveredconditionals="7" methods="2" coveredmethods="2"/>
        <line num="8" count="20" type="stmt"/>
        <line num="9" count="20" type="stmt"/>
        <line num="10" count="20" type="stmt"/>
        <line num="11" count="20" type="stmt"/>
        <line num="34" count="4" type="stmt"/>
      </file>
      <file name="NavbarAdmin.jsx" path="C:\Users\paulh\OneDrive\Escritorio\Infor\cuarto\gpsw\Docenta\src\components\NavbarAdmin.jsx">
        <metrics statements="6" coveredstatements="0" conditionals="10" coveredconditionals="0" methods="3" coveredmethods="0"/>
        <line num="8" count="0" type="stmt"/>
        <line num="10" count="0" type="stmt"/>
        <line num="11" count="0" type="stmt"/>
        <line num="16" count="0" type="stmt"/>
        <line num="38" count="0" type="stmt"/>
        <line num="55" count="0" type="stmt"/>
      </file>
      <file name="NavbarCatalog.jsx" path="C:\Users\paulh\OneDrive\Escritorio\Infor\cuarto\gpsw\Docenta\src\components\NavbarCatalog.jsx">
        <metrics statements="6" coveredstatements="5" conditionals="10" coveredconditionals="7" methods="3" coveredmethods="2"/>
        <line num="8" count="54" type="stmt"/>
        <line num="10" count="54" type="stmt"/>
        <line num="11" count="54" type="stmt"/>
        <line num="17" count="54" type="stmt"/>
        <line num="39" count="0" type="stmt"/>
        <line num="56" count="162" type="stmt"/>
      </file>
      <file name="NavbarFavs.jsx" path="C:\Users\paulh\OneDrive\Escritorio\Infor\cuarto\gpsw\Docenta\src\components\NavbarFavs.jsx">
        <metrics statements="5" coveredstatements="4" conditionals="8" coveredconditionals="5" methods="3" coveredmethods="2"/>
        <line num="8" count="46" type="stmt"/>
        <line num="9" count="46" type="stmt"/>
        <line num="15" count="46" type="stmt"/>
        <line num="37" count="0" type="stmt"/>
        <line num="54" count="138" type="stmt"/>
      </file>
      <file name="NavbarManagement.jsx" path="C:\Users\paulh\OneDrive\Escritorio\Infor\cuarto\gpsw\Docenta\src\components\NavbarManagement.jsx">
        <metrics statements="6" coveredstatements="5" conditionals="10" coveredconditionals="6" methods="3" coveredmethods="2"/>
        <line num="8" count="2046" type="stmt"/>
        <line num="10" count="2046" type="stmt"/>
        <line num="11" count="2046" type="stmt"/>
        <line num="16" count="2046" type="stmt"/>
        <line num="38" count="0" type="stmt"/>
        <line num="55" count="4092" type="stmt"/>
      </file>
      <file name="NavbarProfile.jsx" path="C:\Users\paulh\OneDrive\Escritorio\Infor\cuarto\gpsw\Docenta\src\components\NavbarProfile.jsx">
        <metrics statements="5" coveredstatements="4" conditionals="8" coveredconditionals="5" methods="3" coveredmethods="2"/>
        <line num="8" count="8" type="stmt"/>
        <line num="9" count="8" type="stmt"/>
        <line num="15" count="8" type="stmt"/>
        <line num="37" count="0" type="stmt"/>
        <line num="54" count="24" type="stmt"/>
      </file>
      <file name="ProtectedRoute.jsx" path="C:\Users\paulh\OneDrive\Escritorio\Infor\cuarto\gpsw\Docenta\src\components\ProtectedRoute.jsx">
        <metrics statements="4" coveredstatements="3" conditionals="2" coveredconditionals="1" methods="1" coveredmethods="1"/>
        <line num="3" count="52" type="stmt"/>
        <line num="4" count="52" type="cond" truecount="1" falsecount="1"/>
        <line num="5" count="0" type="stmt"/>
        <line num="7" count="52" type="stmt"/>
      </file>
    </package>
    <package name="src.data">
      <metrics statements="1" coveredstatements="1" conditionals="0" coveredconditionals="0" methods="0" coveredmethods="0"/>
      <file name="Countries.js" path="C:\Users\paulh\OneDrive\Escritorio\Infor\cuarto\gpsw\Docenta\src\data\Countries.js">
        <metrics statements="1" coveredstatements="1" conditionals="0" coveredconditionals="0" methods="0" coveredmethods="0"/>
        <line num="1" count="52" type="stmt"/>
      </file>
    </package>
    <package name="src.pages">
      <metrics statements="872" coveredstatements="557" conditionals="331" coveredconditionals="90" methods="266" coveredmethods="135"/>
      <file name="AddCourse.jsx" path="C:\Users\paulh\OneDrive\Escritorio\Infor\cuarto\gpsw\Docenta\src\pages\AddCourse.jsx">
        <metrics statements="43" coveredstatements="42" conditionals="17" coveredconditionals="16" methods="18" coveredmethods="17"/>
        <line num="9" count="52" type="stmt"/>
        <line num="10" count="52" type="stmt"/>
        <line num="13" count="1981" type="stmt"/>
        <line num="15" count="1978" type="stmt"/>
        <line num="16" count="1978" type="stmt"/>
        <line num="17" count="1978" type="stmt"/>
        <line num="18" count="1978" type="stmt"/>
        <line num="19" count="1978" type="stmt"/>
        <line num="20" count="1978" type="stmt"/>
        <line num="21" count="1978" type="stmt"/>
        <line num="22" count="1978" type="stmt"/>
        <line num="24" count="1978" type="stmt"/>
        <line num="25" count="6" type="stmt"/>
        <line num="26" count="5" type="stmt"/>
        <line num="29" count="1978" type="stmt"/>
        <line num="30" count="6" type="stmt"/>
        <line num="34" count="1978" type="stmt"/>
        <line num="35" count="3" type="cond" truecount="2" falsecount="0"/>
        <line num="44" count="1" type="stmt"/>
        <line num="46" count="2" type="stmt"/>
        <line num="51" count="1978" type="stmt"/>
        <line num="52" count="101" type="cond" truecount="2" falsecount="0"/>
        <line num="53" count="1" type="stmt"/>
        <line num="55" count="1" type="stmt"/>
        <line num="59" count="1978" type="stmt"/>
        <line num="60" count="3" type="cond" truecount="2" falsecount="0"/>
        <line num="61" count="1" type="stmt"/>
        <line num="68" count="2" type="cond" truecount="2" falsecount="0"/>
        <line num="69" count="1" type="stmt"/>
        <line num="77" count="1" type="stmt"/>
        <line num="88" count="1" type="cond" truecount="1" falsecount="1"/>
        <line num="89" count="1" type="stmt"/>
        <line num="96" count="1" type="stmt"/>
        <line num="97" count="1" type="stmt"/>
        <line num="105" count="1978" type="stmt"/>
        <line num="144" count="82" type="stmt"/>
        <line num="159" count="8" type="stmt"/>
        <line num="174" count="352" type="stmt"/>
        <line num="189" count="394" type="stmt"/>
        <line num="204" count="118" type="stmt"/>
        <line num="219" count="12" type="stmt"/>
        <line num="234" count="16" type="stmt"/>
        <line num="252" count="0" type="stmt"/>
      </file>
      <file name="AdminProfile.jsx" path="C:\Users\paulh\OneDrive\Escritorio\Infor\cuarto\gpsw\Docenta\src\pages\AdminProfile.jsx">
        <metrics statements="29" coveredstatements="1" conditionals="2" coveredconditionals="0" methods="4" coveredmethods="0"/>
        <line num="8" count="52" type="stmt"/>
        <line num="11" count="0" type="stmt"/>
        <line num="12" count="0" type="stmt"/>
        <line num="14" count="0" type="stmt"/>
        <line num="15" count="0" type="stmt"/>
        <line num="16" count="0" type="stmt"/>
        <line num="17" count="0" type="stmt"/>
        <line num="18" count="0" type="stmt"/>
        <line num="19" count="0" type="stmt"/>
        <line num="20" count="0" type="stmt"/>
        <line num="21" count="0" type="stmt"/>
        <line num="22" count="0" type="stmt"/>
        <line num="24" count="0" type="stmt"/>
        <line num="25" count="0" type="stmt"/>
        <line num="26" count="0" type="stmt"/>
        <line num="27" count="0" type="stmt"/>
        <line num="28" count="0" type="stmt"/>
        <line num="29" count="0" type="stmt"/>
        <line num="30" count="0" type="stmt"/>
        <line num="31" count="0" type="stmt"/>
        <line num="32" count="0" type="stmt"/>
        <line num="33" count="0" type="stmt"/>
        <line num="34" count="0" type="stmt"/>
        <line num="35" count="0" type="stmt"/>
        <line num="37" count="0" type="stmt"/>
        <line num="41" count="0" type="stmt"/>
        <line num="42" count="0" type="stmt"/>
        <line num="43" count="0" type="stmt"/>
        <line num="46" count="0" type="stmt"/>
      </file>
      <file name="Catalog.jsx" path="C:\Users\paulh\OneDrive\Escritorio\Infor\cuarto\gpsw\Docenta\src\pages\Catalog.jsx">
        <metrics statements="61" coveredstatements="37" conditionals="36" coveredconditionals="10" methods="22" coveredmethods="10"/>
        <line num="23" count="52" type="stmt"/>
        <line num="24" count="52" type="stmt"/>
        <line num="27" count="86" type="stmt"/>
        <line num="28" count="86" type="stmt"/>
        <line num="29" count="82" type="stmt"/>
        <line num="30" count="82" type="stmt"/>
        <line num="31" count="82" type="stmt"/>
        <line num="32" count="82" type="stmt"/>
        <line num="34" count="82" type="stmt"/>
        <line num="36" count="82" type="stmt"/>
        <line num="37" count="82" type="stmt"/>
        <line num="40" count="82" type="stmt"/>
        <line num="41" count="16" type="stmt"/>
        <line num="44" count="82" type="stmt"/>
        <line num="45" count="16" type="stmt"/>
        <line num="46" count="16" type="stmt"/>
        <line num="47" count="8" type="stmt"/>
        <line num="49" count="16" type="stmt"/>
        <line num="50" count="16" type="stmt"/>
        <line num="54" count="82" type="stmt"/>
        <line num="55" count="1" type="stmt"/>
        <line num="59" count="82" type="stmt"/>
        <line num="60" count="1" type="stmt"/>
        <line num="61" count="1" type="stmt"/>
        <line num="69" count="82" type="stmt"/>
        <line num="70" count="0" type="cond" truecount="0" falsecount="5"/>
        <line num="71" count="0" type="stmt"/>
        <line num="72" count="0" type="stmt"/>
        <line num="74" count="0" type="stmt"/>
        <line num="78" count="0" type="stmt"/>
        <line num="83" count="82" type="stmt"/>
        <line num="84" count="0" type="cond" truecount="0" falsecount="5"/>
        <line num="85" count="0" type="stmt"/>
        <line num="86" count="0" type="stmt"/>
        <line num="88" count="0" type="cond" truecount="0" falsecount="2"/>
        <line num="92" count="0" type="stmt"/>
        <line num="97" count="82" type="stmt"/>
        <line num="98" count="0" type="cond" truecount="0" falsecount="5"/>
        <line num="99" count="0" type="stmt"/>
        <line num="100" count="0" type="stmt"/>
        <line num="102" count="0" type="cond" truecount="0" falsecount="2"/>
        <line num="106" count="0" type="stmt"/>
        <line num="111" count="82" type="stmt"/>
        <line num="112" count="0" type="cond" truecount="0" falsecount="5"/>
        <line num="113" count="0" type="stmt"/>
        <line num="114" count="0" type="stmt"/>
        <line num="116" count="0" type="cond" truecount="0" falsecount="2"/>
        <line num="120" count="0" type="stmt"/>
        <line num="124" count="82" type="stmt"/>
        <line num="125" count="0" type="stmt"/>
        <line num="131" count="0" type="stmt"/>
        <line num="134" count="0" type="stmt"/>
        <line num="138" count="82" type="stmt"/>
        <line num="140" count="3200" type="cond" truecount="2" falsecount="0"/>
        <line num="141" count="1400" type="stmt"/>
        <line num="142" count="1800" type="cond" truecount="2" falsecount="0"/>
        <line num="146" count="274" type="stmt"/>
        <line num="160" count="850" type="stmt"/>
        <line num="162" count="850" type="stmt"/>
        <line num="201" count="82" type="stmt"/>
        <line num="327" count="0" type="stmt"/>
      </file>
      <file name="ContentManagement.jsx" path="C:\Users\paulh\OneDrive\Escritorio\Infor\cuarto\gpsw\Docenta\src\pages\ContentManagement.jsx">
        <metrics statements="66" coveredstatements="42" conditionals="38" coveredconditionals="11" methods="24" coveredmethods="12"/>
        <line num="25" count="52" type="stmt"/>
        <line num="26" count="52" type="stmt"/>
        <line num="29" count="67" type="stmt"/>
        <line num="30" count="67" type="stmt"/>
        <line num="31" count="62" type="stmt"/>
        <line num="32" count="62" type="stmt"/>
        <line num="33" count="62" type="stmt"/>
        <line num="34" count="62" type="stmt"/>
        <line num="36" count="62" type="stmt"/>
        <line num="38" count="62" type="stmt"/>
        <line num="39" count="62" type="stmt"/>
        <line num="42" count="62" type="stmt"/>
        <line num="43" count="9" type="stmt"/>
        <line num="46" count="62" type="stmt"/>
        <line num="47" count="10" type="stmt"/>
        <line num="48" count="10" type="stmt"/>
        <line num="51" count="62" type="stmt"/>
        <line num="52" count="10" type="stmt"/>
        <line num="53" count="10" type="stmt"/>
        <line num="57" count="62" type="stmt"/>
        <line num="58" count="0" type="stmt"/>
        <line num="62" count="62" type="stmt"/>
        <line num="63" count="0" type="stmt"/>
        <line num="64" count="0" type="stmt"/>
        <line num="72" count="62" type="stmt"/>
        <line num="73" count="0" type="cond" truecount="0" falsecount="5"/>
        <line num="74" count="0" type="stmt"/>
        <line num="75" count="0" type="stmt"/>
        <line num="77" count="0" type="stmt"/>
        <line num="81" count="0" type="stmt"/>
        <line num="86" count="62" type="stmt"/>
        <line num="87" count="0" type="cond" truecount="0" falsecount="5"/>
        <line num="88" count="0" type="stmt"/>
        <line num="89" count="0" type="stmt"/>
        <line num="91" count="0" type="cond" truecount="0" falsecount="2"/>
        <line num="95" count="0" type="stmt"/>
        <line num="100" count="62" type="stmt"/>
        <line num="101" count="0" type="cond" truecount="0" falsecount="5"/>
        <line num="102" count="0" type="stmt"/>
        <line num="103" count="0" type="stmt"/>
        <line num="105" count="0" type="cond" truecount="0" falsecount="2"/>
        <line num="109" count="0" type="stmt"/>
        <line num="114" count="62" type="stmt"/>
        <line num="115" count="0" type="cond" truecount="0" falsecount="5"/>
        <line num="116" count="0" type="stmt"/>
        <line num="117" count="0" type="stmt"/>
        <line num="119" count="0" type="cond" truecount="0" falsecount="2"/>
        <line num="123" count="0" type="stmt"/>
        <line num="127" count="62" type="stmt"/>
        <line num="128" count="3" type="stmt"/>
        <line num="131" count="62" type="stmt"/>
        <line num="132" count="1" type="stmt"/>
        <line num="142" count="1" type="cond" truecount="1" falsecount="1"/>
        <line num="143" count="1" type="stmt"/>
        <line num="144" count="1" type="stmt"/>
        <line num="150" count="0" type="stmt"/>
        <line num="156" count="62" type="stmt"/>
        <line num="158" count="2532" type="cond" truecount="2" falsecount="0"/>
        <line num="159" count="1512" type="stmt"/>
        <line num="160" count="1020" type="cond" truecount="2" falsecount="0"/>
        <line num="164" count="176" type="stmt"/>
        <line num="178" count="728" type="stmt"/>
        <line num="180" count="728" type="stmt"/>
        <line num="208" count="1" type="stmt"/>
        <line num="218" count="62" type="stmt"/>
        <line num="326" count="1" type="stmt"/>
      </file>
      <file name="Course.jsx" path="C:\Users\paulh\OneDrive\Escritorio\Infor\cuarto\gpsw\Docenta\src\pages\Course.jsx">
        <metrics statements="38" coveredstatements="36" conditionals="2" coveredconditionals="1" methods="8" coveredmethods="6"/>
        <line num="12" count="52" type="stmt"/>
        <line num="13" count="52" type="stmt"/>
        <line num="14" count="52" type="stmt"/>
        <line num="17" count="12" type="stmt"/>
        <line num="18" count="12" type="stmt"/>
        <line num="20" count="12" type="stmt"/>
        <line num="21" count="12" type="stmt"/>
        <line num="23" count="12" type="stmt"/>
        <line num="24" count="12" type="stmt"/>
        <line num="26" count="12" type="stmt"/>
        <line num="27" count="12" type="stmt"/>
        <line num="28" count="12" type="stmt"/>
        <line num="29" count="12" type="stmt"/>
        <line num="30" count="12" type="stmt"/>
        <line num="31" count="12" type="stmt"/>
        <line num="32" count="12" type="stmt"/>
        <line num="33" count="12" type="stmt"/>
        <line num="35" count="12" type="stmt"/>
        <line num="36" count="4" type="stmt"/>
        <line num="37" count="4" type="stmt"/>
        <line num="38" count="4" type="stmt"/>
        <line num="39" count="4" type="stmt"/>
        <line num="40" count="4" type="stmt"/>
        <line num="41" count="4" type="stmt"/>
        <line num="42" count="4" type="stmt"/>
        <line num="43" count="4" type="stmt"/>
        <line num="44" count="4" type="stmt"/>
        <line num="47" count="12" type="stmt"/>
        <line num="48" count="4" type="stmt"/>
        <line num="52" count="12" type="stmt"/>
        <line num="53" count="1" type="stmt"/>
        <line num="59" count="1" type="cond" truecount="1" falsecount="1"/>
        <line num="60" count="1" type="stmt"/>
        <line num="67" count="0" type="stmt"/>
        <line num="73" count="12" type="stmt"/>
        <line num="74" count="1" type="stmt"/>
        <line num="77" count="12" type="stmt"/>
        <line num="130" count="0" type="stmt"/>
      </file>
      <file name="Dashboard.jsx" path="C:\Users\paulh\OneDrive\Escritorio\Infor\cuarto\gpsw\Docenta\src\pages\Dashboard.jsx">
        <metrics statements="52" coveredstatements="50" conditionals="2" coveredconditionals="2" methods="17" coveredmethods="15"/>
        <line num="12" count="52" type="stmt"/>
        <line num="15" count="52" type="stmt"/>
        <line num="16" count="52" type="stmt"/>
        <line num="17" count="52" type="stmt"/>
        <line num="18" count="52" type="stmt"/>
        <line num="21" count="14" type="stmt"/>
        <line num="23" count="14" type="stmt"/>
        <line num="24" count="14" type="stmt"/>
        <line num="25" count="14" type="stmt"/>
        <line num="26" count="14" type="stmt"/>
        <line num="27" count="14" type="stmt"/>
        <line num="28" count="14" type="stmt"/>
        <line num="29" count="14" type="stmt"/>
        <line num="30" count="14" type="stmt"/>
        <line num="31" count="14" type="stmt"/>
        <line num="33" count="14" type="stmt"/>
        <line num="34" count="2" type="stmt"/>
        <line num="35" count="2" type="stmt"/>
        <line num="37" count="2" type="stmt"/>
        <line num="39" count="12" type="stmt"/>
        <line num="41" count="12" type="stmt"/>
        <line num="42" count="2" type="stmt"/>
        <line num="43" count="2" type="stmt"/>
        <line num="44" count="2" type="stmt"/>
        <line num="47" count="14" type="stmt"/>
        <line num="48" count="2" type="stmt"/>
        <line num="49" count="2" type="stmt"/>
        <line num="52" count="14" type="stmt"/>
        <line num="53" count="2" type="stmt"/>
        <line num="54" count="2" type="stmt"/>
        <line num="56" count="2" type="stmt"/>
        <line num="59" count="2" type="stmt"/>
        <line num="60" count="2" type="stmt"/>
        <line num="62" count="0" type="stmt"/>
        <line num="64" count="2" type="stmt"/>
        <line num="67" count="2" type="stmt"/>
        <line num="68" count="2" type="stmt"/>
        <line num="70" count="0" type="stmt"/>
        <line num="72" count="2" type="stmt"/>
        <line num="73" count="294" type="stmt"/>
        <line num="75" count="2" type="stmt"/>
        <line num="78" count="14" type="stmt"/>
        <line num="79" count="2" type="stmt"/>
        <line num="80" count="2" type="stmt"/>
        <line num="81" count="2" type="stmt"/>
        <line num="82" count="2" type="stmt"/>
        <line num="85" count="14" type="stmt"/>
        <line num="88" count="36" type="stmt"/>
        <line num="95" count="14" type="stmt"/>
        <line num="98" count="18" type="stmt"/>
        <line num="105" count="14" type="stmt"/>
        <line num="193" count="1" type="stmt"/>
      </file>
      <file name="FavCourse.jsx" path="C:\Users\paulh\OneDrive\Escritorio\Infor\cuarto\gpsw\Docenta\src\pages\FavCourse.jsx">
        <metrics statements="54" coveredstatements="50" conditionals="4" coveredconditionals="2" methods="15" coveredmethods="11"/>
        <line num="13" count="52" type="stmt"/>
        <line num="14" count="52" type="stmt"/>
        <line num="15" count="52" type="stmt"/>
        <line num="16" count="52" type="stmt"/>
        <line num="19" count="24" type="stmt"/>
        <line num="20" count="22" type="stmt"/>
        <line num="22" count="22" type="stmt"/>
        <line num="24" count="22" type="stmt"/>
        <line num="25" count="22" type="stmt"/>
        <line num="26" count="22" type="stmt"/>
        <line num="28" count="22" type="stmt"/>
        <line num="29" count="22" type="stmt"/>
        <line num="30" count="22" type="stmt"/>
        <line num="31" count="22" type="stmt"/>
        <line num="32" count="22" type="stmt"/>
        <line num="33" count="22" type="stmt"/>
        <line num="34" count="22" type="stmt"/>
        <line num="35" count="22" type="stmt"/>
        <line num="37" count="22" type="stmt"/>
        <line num="38" count="4" type="stmt"/>
        <line num="39" count="4" type="stmt"/>
        <line num="40" count="4" type="stmt"/>
        <line num="41" count="4" type="stmt"/>
        <line num="42" count="4" type="stmt"/>
        <line num="43" count="4" type="stmt"/>
        <line num="44" count="4" type="stmt"/>
        <line num="45" count="4" type="stmt"/>
        <line num="46" count="4" type="stmt"/>
        <line num="49" count="22" type="stmt"/>
        <line num="50" count="4" type="stmt"/>
        <line num="51" count="4" type="stmt"/>
        <line num="52" count="4" type="stmt"/>
        <line num="55" count="22" type="stmt"/>
        <line num="56" count="4" type="stmt"/>
        <line num="57" count="4" type="stmt"/>
        <line num="61" count="22" type="stmt"/>
        <line num="62" count="1" type="stmt"/>
        <line num="72" count="1" type="cond" truecount="1" falsecount="1"/>
        <line num="73" count="1" type="stmt"/>
        <line num="74" count="1" type="stmt"/>
        <line num="80" count="0" type="stmt"/>
        <line num="87" count="22" type="stmt"/>
        <line num="88" count="1" type="stmt"/>
        <line num="93" count="1" type="cond" truecount="1" falsecount="1"/>
        <line num="94" count="1" type="stmt"/>
        <line num="101" count="1" type="stmt"/>
        <line num="106" count="22" type="stmt"/>
        <line num="107" count="0" type="stmt"/>
        <line num="110" count="22" type="stmt"/>
        <line num="122" count="1" type="stmt"/>
        <line num="157" count="0" type="stmt"/>
        <line num="173" count="2" type="stmt"/>
        <line num="191" count="1" type="stmt"/>
        <line num="211" count="0" type="stmt"/>
      </file>
      <file name="Favorites.jsx" path="C:\Users\paulh\OneDrive\Escritorio\Infor\cuarto\gpsw\Docenta\src\pages\Favorites.jsx">
        <metrics statements="67" coveredstatements="42" conditionals="36" coveredconditionals="10" methods="24" coveredmethods="11"/>
        <line num="19" count="52" type="stmt"/>
        <line num="20" count="52" type="stmt"/>
        <line num="23" count="48" type="stmt"/>
        <line num="24" count="48" type="stmt"/>
        <line num="25" count="46" type="stmt"/>
        <line num="26" count="46" type="stmt"/>
        <line num="27" count="46" type="stmt"/>
        <line num="28" count="46" type="stmt"/>
        <line num="29" count="46" type="stmt"/>
        <line num="30" count="46" type="stmt"/>
        <line num="32" count="46" type="stmt"/>
        <line num="35" count="46" type="stmt"/>
        <line num="36" count="10" type="stmt"/>
        <line num="42" count="46" type="stmt"/>
        <line num="45" count="4" type="stmt"/>
        <line num="46" count="4" type="stmt"/>
        <line num="48" count="4" type="stmt"/>
        <line num="51" count="4" type="stmt"/>
        <line num="52" count="4" type="stmt"/>
        <line num="54" count="0" type="stmt"/>
        <line num="56" count="4" type="stmt"/>
        <line num="59" count="4" type="stmt"/>
        <line num="60" count="4" type="stmt"/>
        <line num="62" count="0" type="stmt"/>
        <line num="64" count="4" type="stmt"/>
        <line num="65" count="1656" type="stmt"/>
        <line num="67" count="4" type="stmt"/>
        <line num="70" count="46" type="stmt"/>
        <line num="71" count="4" type="stmt"/>
        <line num="72" count="4" type="stmt"/>
        <line num="77" count="46" type="stmt"/>
        <line num="78" count="0" type="stmt"/>
        <line num="82" count="46" type="stmt"/>
        <line num="83" count="0" type="stmt"/>
        <line num="84" count="0" type="stmt"/>
        <line num="92" count="46" type="stmt"/>
        <line num="93" count="0" type="cond" truecount="0" falsecount="5"/>
        <line num="94" count="0" type="stmt"/>
        <line num="95" count="0" type="stmt"/>
        <line num="97" count="0" type="stmt"/>
        <line num="101" count="0" type="stmt"/>
        <line num="106" count="46" type="stmt"/>
        <line num="107" count="0" type="cond" truecount="0" falsecount="5"/>
        <line num="108" count="0" type="stmt"/>
        <line num="109" count="0" type="stmt"/>
        <line num="111" count="0" type="cond" truecount="0" falsecount="2"/>
        <line num="115" count="0" type="stmt"/>
        <line num="120" count="46" type="stmt"/>
        <line num="121" count="0" type="cond" truecount="0" falsecount="5"/>
        <line num="122" count="0" type="stmt"/>
        <line num="123" count="0" type="stmt"/>
        <line num="125" count="0" type="cond" truecount="0" falsecount="2"/>
        <line num="129" count="0" type="stmt"/>
        <line num="134" count="46" type="stmt"/>
        <line num="135" count="0" type="cond" truecount="0" falsecount="5"/>
        <line num="136" count="0" type="stmt"/>
        <line num="137" count="0" type="stmt"/>
        <line num="139" count="0" type="cond" truecount="0" falsecount="2"/>
        <line num="143" count="0" type="stmt"/>
        <line num="147" count="46" type="stmt"/>
        <line num="149" count="324" type="cond" truecount="2" falsecount="0"/>
        <line num="150" count="108" type="stmt"/>
        <line num="151" count="216" type="cond" truecount="2" falsecount="0"/>
        <line num="155" count="56" type="stmt"/>
        <line num="169" count="164" type="stmt"/>
        <line num="171" count="164" type="stmt"/>
        <line num="210" count="46" type="stmt"/>
      </file>
      <file name="ForgotPasswd.jsx" path="C:\Users\paulh\OneDrive\Escritorio\Infor\cuarto\gpsw\Docenta\src\pages\ForgotPasswd.jsx">
        <metrics statements="26" coveredstatements="24" conditionals="8" coveredconditionals="8" methods="10" coveredmethods="8"/>
        <line num="11" count="52" type="stmt"/>
        <line num="14" count="110" type="stmt"/>
        <line num="15" count="110" type="stmt"/>
        <line num="18" count="110" type="stmt"/>
        <line num="19" count="10" type="stmt"/>
        <line num="20" count="10" type="stmt"/>
        <line num="21" count="4" type="stmt"/>
        <line num="23" count="10" type="stmt"/>
        <line num="27" count="110" type="stmt"/>
        <line num="28" count="3" type="cond" truecount="2" falsecount="0"/>
        <line num="29" count="1" type="stmt"/>
        <line num="36" count="2" type="cond" truecount="2" falsecount="0"/>
        <line num="37" count="1" type="stmt"/>
        <line num="45" count="1" type="stmt"/>
        <line num="52" count="0" type="stmt"/>
        <line num="53" count="0" type="stmt"/>
        <line num="60" count="110" type="stmt"/>
        <line num="61" count="3" type="cond" truecount="2" falsecount="0"/>
        <line num="62" count="1" type="stmt"/>
        <line num="64" count="2" type="stmt"/>
        <line num="69" count="110" type="stmt"/>
        <line num="70" count="10" type="cond" truecount="2" falsecount="0"/>
        <line num="71" count="1" type="stmt"/>
        <line num="73" count="1" type="stmt"/>
        <line num="77" count="110" type="stmt"/>
        <line num="126" count="46" type="stmt"/>
      </file>
      <file name="Home.jsx" path="C:\Users\paulh\OneDrive\Escritorio\Infor\cuarto\gpsw\Docenta\src\pages\Home.jsx">
        <metrics statements="1" coveredstatements="1" conditionals="0" coveredconditionals="0" methods="1" coveredmethods="1"/>
        <line num="6" count="12" type="stmt"/>
      </file>
      <file name="Login.jsx" path="C:\Users\paulh\OneDrive\Escritorio\Infor\cuarto\gpsw\Docenta\src\pages\Login.jsx">
        <metrics statements="34" coveredstatements="28" conditionals="10" coveredconditionals="7" methods="10" coveredmethods="9"/>
        <line num="13" count="52" type="stmt"/>
        <line num="16" count="496" type="stmt"/>
        <line num="17" count="496" type="stmt"/>
        <line num="18" count="496" type="stmt"/>
        <line num="19" count="496" type="stmt"/>
        <line num="22" count="496" type="stmt"/>
        <line num="23" count="0" type="cond" truecount="0" falsecount="2"/>
        <line num="24" count="0" type="stmt"/>
        <line num="25" count="0" type="stmt"/>
        <line num="27" count="0" type="stmt"/>
        <line num="28" count="0" type="stmt"/>
        <line num="33" count="496" type="stmt"/>
        <line num="34" count="13" type="stmt"/>
        <line num="36" count="13" type="cond" truecount="4" falsecount="0"/>
        <line num="37" count="1" type="stmt"/>
        <line num="45" count="12" type="stmt"/>
        <line num="50" count="496" type="stmt"/>
        <line num="51" count="12" type="stmt"/>
        <line num="54" count="11" type="cond" truecount="1" falsecount="1"/>
        <line num="55" count="11" type="cond" truecount="2" falsecount="0"/>
        <line num="56" count="6" type="stmt"/>
        <line num="57" count="6" type="stmt"/>
        <line num="58" count="6" type="stmt"/>
        <line num="59" count="6" type="stmt"/>
        <line num="60" count="6" type="stmt"/>
        <line num="63" count="5" type="stmt"/>
        <line num="64" count="5" type="stmt"/>
        <line num="65" count="5" type="stmt"/>
        <line num="66" count="5" type="stmt"/>
        <line num="70" count="0" type="stmt"/>
        <line num="80" count="1" type="stmt"/>
        <line num="90" count="496" type="stmt"/>
        <line num="140" count="95" type="stmt"/>
        <line num="163" count="135" type="stmt"/>
      </file>
      <file name="Management.jsx" path="C:\Users\paulh\OneDrive\Escritorio\Infor\cuarto\gpsw\Docenta\src\pages\Management.jsx">
        <metrics statements="1" coveredstatements="1" conditionals="0" coveredconditionals="0" methods="1" coveredmethods="1"/>
        <line num="10" count="18" type="stmt"/>
      </file>
      <file name="NotFound.jsx" path="C:\Users\paulh\OneDrive\Escritorio\Infor\cuarto\gpsw\Docenta\src\pages\NotFound.jsx">
        <metrics statements="3" coveredstatements="3" conditionals="0" coveredconditionals="0" methods="2" coveredmethods="2"/>
        <line num="6" count="2" type="stmt"/>
        <line num="7" count="2" type="stmt"/>
        <line num="29" count="1" type="stmt"/>
      </file>
      <file name="Profile.jsx" path="C:\Users\paulh\OneDrive\Escritorio\Infor\cuarto\gpsw\Docenta\src\pages\Profile.jsx">
        <metrics statements="58" coveredstatements="46" conditionals="10" coveredconditionals="4" methods="10" coveredmethods="5"/>
        <line num="8" count="52" type="stmt"/>
        <line num="9" count="52" type="stmt"/>
        <line num="12" count="11" type="stmt"/>
        <line num="13" count="11" type="stmt"/>
        <line num="15" count="11" type="stmt"/>
        <line num="16" count="10" type="stmt"/>
        <line num="17" count="10" type="stmt"/>
        <line num="18" count="10" type="stmt"/>
        <line num="19" count="10" type="stmt"/>
        <line num="20" count="10" type="stmt"/>
        <line num="21" count="10" type="stmt"/>
        <line num="22" count="10" type="stmt"/>
        <line num="23" count="10" type="stmt"/>
        <line num="24" count="10" type="stmt"/>
        <line num="27" count="10" type="stmt"/>
        <line num="28" count="10" type="stmt"/>
        <line num="29" count="10" type="stmt"/>
        <line num="31" count="10" type="stmt"/>
        <line num="32" count="2" type="stmt"/>
        <line num="33" count="2" type="stmt"/>
        <line num="34" count="2" type="stmt"/>
        <line num="35" count="2" type="stmt"/>
        <line num="36" count="2" type="stmt"/>
        <line num="37" count="2" type="stmt"/>
        <line num="38" count="2" type="stmt"/>
        <line num="39" count="2" type="stmt"/>
        <line num="40" count="2" type="stmt"/>
        <line num="41" count="2" type="stmt"/>
        <line num="42" count="2" type="stmt"/>
        <line num="44" count="2" type="stmt"/>
        <line num="47" count="10" type="stmt"/>
        <line num="48" count="0" type="stmt"/>
        <line num="60" count="0" type="cond" truecount="0" falsecount="2"/>
        <line num="61" count="0" type="stmt"/>
        <line num="68" count="0" type="stmt"/>
        <line num="69" count="0" type="stmt"/>
        <line num="77" count="10" type="stmt"/>
        <line num="78" count="2" type="cond" truecount="2" falsecount="0"/>
        <line num="79" count="1" type="stmt"/>
        <line num="82" count="1" type="stmt"/>
        <line num="83" count="1" type="stmt"/>
        <line num="84" count="1" type="stmt"/>
        <line num="86" count="1" type="stmt"/>
        <line num="87" count="1" type="stmt"/>
        <line num="91" count="10" type="stmt"/>
        <line num="92" count="1" type="cond" truecount="1" falsecount="1"/>
        <line num="93" count="1" type="stmt"/>
        <line num="96" count="1" type="stmt"/>
        <line num="97" count="1" type="stmt"/>
        <line num="98" count="1" type="stmt"/>
        <line num="99" count="0" type="cond" truecount="0" falsecount="2"/>
        <line num="100" count="0" type="stmt"/>
        <line num="101" count="0" type="stmt"/>
        <line num="104" count="0" type="stmt"/>
        <line num="105" count="0" type="stmt"/>
        <line num="106" count="0" type="stmt"/>
        <line num="110" count="10" type="stmt"/>
        <line num="136" count="0" type="stmt"/>
      </file>
      <file name="Register.jsx" path="C:\Users\paulh\OneDrive\Escritorio\Infor\cuarto\gpsw\Docenta\src\pages\Register.jsx">
        <metrics statements="1" coveredstatements="1" conditionals="0" coveredconditionals="0" methods="1" coveredmethods="1"/>
        <line num="13" count="4" type="stmt"/>
      </file>
      <file name="RegisterMobile.jsx" path="C:\Users\paulh\OneDrive\Escritorio\Infor\cuarto\gpsw\Docenta\src\pages\RegisterMobile.jsx">
        <metrics statements="119" coveredstatements="47" conditionals="53" coveredconditionals="0" methods="33" coveredmethods="5"/>
        <line num="14" count="52" type="stmt"/>
        <line num="15" count="52" type="stmt"/>
        <line num="18" count="52" type="stmt"/>
        <line num="19" count="52" type="stmt"/>
        <line num="22" count="52" type="stmt"/>
        <line num="24" count="52" type="stmt"/>
        <line num="26" count="52" type="stmt"/>
        <line num="34" count="8" type="stmt"/>
        <line num="38" count="8" type="stmt"/>
        <line num="39" count="8" type="stmt"/>
        <line num="41" count="8" type="stmt"/>
        <line num="42" count="8" type="stmt"/>
        <line num="43" count="8" type="stmt"/>
        <line num="44" count="8" type="stmt"/>
        <line num="45" count="8" type="stmt"/>
        <line num="46" count="8" type="stmt"/>
        <line num="47" count="8" type="stmt"/>
        <line num="48" count="8" type="stmt"/>
        <line num="49" count="8" type="stmt"/>
        <line num="50" count="8" type="stmt"/>
        <line num="51" count="8" type="stmt"/>
        <line num="52" count="8" type="stmt"/>
        <line num="54" count="8" type="stmt"/>
        <line num="55" count="8" type="stmt"/>
        <line num="56" count="8" type="stmt"/>
        <line num="57" count="8" type="stmt"/>
        <line num="60" count="8" type="stmt"/>
        <line num="96" count="8" type="stmt"/>
        <line num="99" count="8" type="stmt"/>
        <line num="100" count="0" type="cond" truecount="0" falsecount="2"/>
        <line num="101" count="0" type="stmt"/>
        <line num="102" count="0" type="stmt"/>
        <line num="104" count="0" type="stmt"/>
        <line num="105" count="0" type="stmt"/>
        <line num="110" count="8" type="stmt"/>
        <line num="111" count="0" type="cond" truecount="0" falsecount="2"/>
        <line num="112" count="0" type="stmt"/>
        <line num="113" count="0" type="stmt"/>
        <line num="115" count="0" type="stmt"/>
        <line num="116" count="0" type="stmt"/>
        <line num="120" count="8" type="stmt"/>
        <line num="121" count="0" type="stmt"/>
        <line num="125" count="8" type="stmt"/>
        <line num="126" count="4" type="stmt"/>
        <line num="127" count="4" type="stmt"/>
        <line num="128" count="0" type="stmt"/>
        <line num="130" count="4" type="stmt"/>
        <line num="134" count="8" type="stmt"/>
        <line num="135" count="0" type="cond" truecount="0" falsecount="2"/>
        <line num="146" count="0" type="stmt"/>
        <line num="148" count="0" type="stmt"/>
        <line num="153" count="8" type="stmt"/>
        <line num="154" count="0" type="cond" truecount="0" falsecount="2"/>
        <line num="155" count="0" type="stmt"/>
        <line num="157" count="0" type="stmt"/>
        <line num="162" count="8" type="stmt"/>
        <line num="163" count="0" type="cond" truecount="0" falsecount="2"/>
        <line num="164" count="0" type="stmt"/>
        <line num="166" count="0" type="stmt"/>
        <line num="171" count="8" type="stmt"/>
        <line num="172" count="0" type="cond" truecount="0" falsecount="2"/>
        <line num="173" count="0" type="stmt"/>
        <line num="175" count="0" type="stmt"/>
        <line num="179" count="8" type="stmt"/>
        <line num="180" count="0" type="cond" truecount="0" falsecount="2"/>
        <line num="181" count="0" type="stmt"/>
        <line num="183" count="0" type="stmt"/>
        <line num="187" count="8" type="stmt"/>
        <line num="188" count="0" type="cond" truecount="0" falsecount="2"/>
        <line num="194" count="0" type="stmt"/>
        <line num="196" count="0" type="stmt"/>
        <line num="200" count="8" type="stmt"/>
        <line num="201" count="0" type="cond" truecount="0" falsecount="2"/>
        <line num="202" count="0" type="stmt"/>
        <line num="204" count="0" type="stmt"/>
        <line num="208" count="8" type="stmt"/>
        <line num="209" count="0" type="cond" truecount="0" falsecount="2"/>
        <line num="210" count="0" type="stmt"/>
        <line num="212" count="0" type="stmt"/>
        <line num="216" count="8" type="stmt"/>
        <line num="217" count="0" type="cond" truecount="0" falsecount="2"/>
        <line num="218" count="0" type="stmt"/>
        <line num="220" count="0" type="stmt"/>
        <line num="224" count="8" type="stmt"/>
        <line num="225" count="0" type="cond" truecount="0" falsecount="2"/>
        <line num="226" count="0" type="stmt"/>
        <line num="233" count="0" type="cond" truecount="0" falsecount="2"/>
        <line num="234" count="0" type="stmt"/>
        <line num="241" count="0" type="cond" truecount="0" falsecount="2"/>
        <line num="242" count="0" type="stmt"/>
        <line num="249" count="0" type="cond" truecount="0" falsecount="2"/>
        <line num="250" count="0" type="stmt"/>
        <line num="257" count="0" type="cond" truecount="0" falsecount="2"/>
        <line num="258" count="0" type="stmt"/>
        <line num="265" count="0" type="cond" truecount="0" falsecount="2"/>
        <line num="266" count="0" type="stmt"/>
        <line num="273" count="0" type="cond" truecount="0" falsecount="2"/>
        <line num="274" count="0" type="stmt"/>
        <line num="281" count="0" type="cond" truecount="0" falsecount="2"/>
        <line num="282" count="0" type="stmt"/>
        <line num="289" count="0" type="cond" truecount="0" falsecount="2"/>
        <line num="290" count="0" type="stmt"/>
        <line num="298" count="0" type="stmt"/>
        <line num="311" count="0" type="cond" truecount="0" falsecount="2"/>
        <line num="312" count="0" type="stmt"/>
        <line num="319" count="0" type="stmt"/>
        <line num="320" count="0" type="stmt"/>
        <line num="328" count="8" type="stmt"/>
        <line num="344" count="0" type="stmt"/>
        <line num="363" count="0" type="stmt"/>
        <line num="396" count="0" type="stmt"/>
        <line num="421" count="0" type="stmt"/>
        <line num="445" count="0" type="stmt"/>
        <line num="468" count="0" type="stmt"/>
        <line num="493" count="0" type="stmt"/>
        <line num="511" count="0" type="stmt"/>
        <line num="534" count="0" type="stmt"/>
        <line num="579" count="0" type="stmt"/>
        <line num="603" count="4" type="stmt"/>
      </file>
      <file name="RegisterWeb.jsx" path="C:\Users\paulh\OneDrive\Escritorio\Infor\cuarto\gpsw\Docenta\src\pages\RegisterWeb.jsx">
        <metrics statements="133" coveredstatements="50" conditionals="63" coveredconditionals="0" methods="33" coveredmethods="5"/>
        <line num="22" count="52" type="stmt"/>
        <line num="23" count="52" type="stmt"/>
        <line num="26" count="52" type="stmt"/>
        <line num="27" count="52" type="stmt"/>
        <line num="30" count="52" type="stmt"/>
        <line num="32" count="52" type="stmt"/>
        <line num="34" count="52" type="stmt"/>
        <line num="42" count="8" type="stmt"/>
        <line num="46" count="8" type="stmt"/>
        <line num="47" count="8" type="stmt"/>
        <line num="49" count="8" type="stmt"/>
        <line num="50" count="8" type="stmt"/>
        <line num="51" count="8" type="stmt"/>
        <line num="52" count="8" type="stmt"/>
        <line num="53" count="8" type="stmt"/>
        <line num="54" count="8" type="stmt"/>
        <line num="55" count="8" type="stmt"/>
        <line num="56" count="8" type="stmt"/>
        <line num="57" count="8" type="stmt"/>
        <line num="58" count="8" type="stmt"/>
        <line num="59" count="8" type="stmt"/>
        <line num="61" count="8" type="stmt"/>
        <line num="62" count="8" type="stmt"/>
        <line num="64" count="8" type="stmt"/>
        <line num="65" count="8" type="stmt"/>
        <line num="66" count="8" type="stmt"/>
        <line num="67" count="8" type="stmt"/>
        <line num="68" count="8" type="stmt"/>
        <line num="71" count="8" type="stmt"/>
        <line num="107" count="8" type="stmt"/>
        <line num="110" count="8" type="stmt"/>
        <line num="111" count="0" type="cond" truecount="0" falsecount="4"/>
        <line num="112" count="0" type="stmt"/>
        <line num="113" count="0" type="stmt"/>
        <line num="114" count="0" type="cond" truecount="0" falsecount="2"/>
        <line num="118" count="0" type="stmt"/>
        <line num="119" count="0" type="stmt"/>
        <line num="121" count="0" type="stmt"/>
        <line num="122" count="0" type="stmt"/>
        <line num="127" count="8" type="stmt"/>
        <line num="128" count="0" type="cond" truecount="0" falsecount="2"/>
        <line num="129" count="0" type="stmt"/>
        <line num="130" count="0" type="stmt"/>
        <line num="132" count="0" type="stmt"/>
        <line num="133" count="0" type="stmt"/>
        <line num="138" count="8" type="stmt"/>
        <line num="139" count="0" type="cond" truecount="0" falsecount="2"/>
        <line num="140" count="0" type="stmt"/>
        <line num="141" count="0" type="stmt"/>
        <line num="143" count="0" type="stmt"/>
        <line num="144" count="0" type="stmt"/>
        <line num="149" count="8" type="stmt"/>
        <line num="150" count="0" type="cond" truecount="0" falsecount="2"/>
        <line num="151" count="0" type="stmt"/>
        <line num="152" count="0" type="stmt"/>
        <line num="154" count="0" type="stmt"/>
        <line num="155" count="0" type="stmt"/>
        <line num="160" count="8" type="stmt"/>
        <line num="161" count="4" type="stmt"/>
        <line num="162" count="4" type="stmt"/>
        <line num="163" count="0" type="stmt"/>
        <line num="165" count="4" type="stmt"/>
        <line num="169" count="8" type="stmt"/>
        <line num="170" count="0" type="cond" truecount="0" falsecount="2"/>
        <line num="181" count="0" type="stmt"/>
        <line num="183" count="0" type="stmt"/>
        <line num="188" count="8" type="stmt"/>
        <line num="189" count="0" type="cond" truecount="0" falsecount="2"/>
        <line num="190" count="0" type="stmt"/>
        <line num="192" count="0" type="stmt"/>
        <line num="197" count="8" type="stmt"/>
        <line num="198" count="0" type="cond" truecount="0" falsecount="2"/>
        <line num="199" count="0" type="stmt"/>
        <line num="201" count="0" type="stmt"/>
        <line num="206" count="8" type="stmt"/>
        <line num="207" count="0" type="cond" truecount="0" falsecount="2"/>
        <line num="208" count="0" type="stmt"/>
        <line num="210" count="0" type="stmt"/>
        <line num="214" count="8" type="stmt"/>
        <line num="215" count="0" type="cond" truecount="0" falsecount="2"/>
        <line num="216" count="0" type="stmt"/>
        <line num="218" count="0" type="stmt"/>
        <line num="222" count="8" type="stmt"/>
        <line num="223" count="0" type="cond" truecount="0" falsecount="2"/>
        <line num="229" count="0" type="stmt"/>
        <line num="231" count="0" type="stmt"/>
        <line num="235" count="8" type="stmt"/>
        <line num="236" count="0" type="cond" truecount="0" falsecount="2"/>
        <line num="237" count="0" type="stmt"/>
        <line num="239" count="0" type="stmt"/>
        <line num="243" count="8" type="stmt"/>
        <line num="244" count="0" type="cond" truecount="0" falsecount="2"/>
        <line num="245" count="0" type="stmt"/>
        <line num="247" count="0" type="stmt"/>
        <line num="251" count="8" type="stmt"/>
        <line num="252" count="0" type="cond" truecount="0" falsecount="2"/>
        <line num="253" count="0" type="stmt"/>
        <line num="255" count="0" type="stmt"/>
        <line num="259" count="8" type="stmt"/>
        <line num="260" count="0" type="cond" truecount="0" falsecount="2"/>
        <line num="261" count="0" type="stmt"/>
        <line num="268" count="0" type="cond" truecount="0" falsecount="2"/>
        <line num="269" count="0" type="stmt"/>
        <line num="276" count="0" type="cond" truecount="0" falsecount="2"/>
        <line num="277" count="0" type="stmt"/>
        <line num="284" count="0" type="cond" truecount="0" falsecount="2"/>
        <line num="285" count="0" type="stmt"/>
        <line num="292" count="0" type="cond" truecount="0" falsecount="2"/>
        <line num="293" count="0" type="stmt"/>
        <line num="300" count="0" type="cond" truecount="0" falsecount="2"/>
        <line num="301" count="0" type="stmt"/>
        <line num="308" count="0" type="cond" truecount="0" falsecount="2"/>
        <line num="309" count="0" type="stmt"/>
        <line num="316" count="0" type="cond" truecount="0" falsecount="2"/>
        <line num="317" count="0" type="stmt"/>
        <line num="324" count="0" type="cond" truecount="0" falsecount="2"/>
        <line num="325" count="0" type="stmt"/>
        <line num="333" count="0" type="stmt"/>
        <line num="346" count="0" type="cond" truecount="0" falsecount="2"/>
        <line num="347" count="0" type="stmt"/>
        <line num="354" count="0" type="stmt"/>
        <line num="355" count="0" type="stmt"/>
        <line num="363" count="8" type="stmt"/>
        <line num="379" count="0" type="stmt"/>
        <line num="398" count="0" type="stmt"/>
        <line num="431" count="0" type="stmt"/>
        <line num="456" count="0" type="stmt"/>
        <line num="502" count="0" type="stmt"/>
        <line num="524" count="0" type="stmt"/>
        <line num="542" count="0" type="stmt"/>
        <line num="565" count="0" type="stmt"/>
        <line num="610" count="0" type="stmt"/>
        <line num="634" count="4" type="stmt"/>
      </file>
      <file name="RestorePasswd.jsx" path="C:\Users\paulh\OneDrive\Escritorio\Infor\cuarto\gpsw\Docenta\src\pages\RestorePasswd.jsx">
        <metrics statements="15" coveredstatements="13" conditionals="6" coveredconditionals="6" methods="7" coveredmethods="5"/>
        <line num="10" count="56" type="stmt"/>
        <line num="11" count="56" type="stmt"/>
        <line num="14" count="56" type="stmt"/>
        <line num="15" count="2" type="cond" truecount="4" falsecount="0"/>
        <line num="16" count="1" type="stmt"/>
        <line num="18" count="1" type="stmt"/>
        <line num="23" count="56" type="stmt"/>
        <line num="24" count="2" type="cond" truecount="2" falsecount="0"/>
        <line num="25" count="1" type="stmt"/>
        <line num="33" count="1" type="stmt"/>
        <line num="40" count="0" type="stmt"/>
        <line num="41" count="0" type="stmt"/>
        <line num="47" count="56" type="stmt"/>
        <line num="91" count="13" type="stmt"/>
        <line num="108" count="13" type="stmt"/>
      </file>
      <file name="UserManagement.jsx" path="C:\Users\paulh\OneDrive\Escritorio\Infor\cuarto\gpsw\Docenta\src\pages\UserManagement.jsx">
        <metrics statements="71" coveredstatements="43" conditionals="44" coveredconditionals="13" methods="26" coveredmethods="11"/>
        <line num="25" count="52" type="stmt"/>
        <line num="26" count="52" type="stmt"/>
        <line num="29" count="34" type="stmt"/>
        <line num="30" count="34" type="stmt"/>
        <line num="31" count="32" type="stmt"/>
        <line num="32" count="32" type="stmt"/>
        <line num="33" count="32" type="stmt"/>
        <line num="34" count="32" type="stmt"/>
        <line num="36" count="32" type="stmt"/>
        <line num="38" count="32" type="stmt"/>
        <line num="39" count="32" type="stmt"/>
        <line num="42" count="32" type="stmt"/>
        <line num="43" count="7" type="stmt"/>
        <line num="47" count="32" type="stmt"/>
        <line num="48" count="0" type="stmt"/>
        <line num="51" count="0" type="stmt"/>
        <line num="53" count="0" type="stmt"/>
        <line num="56" count="32" type="stmt"/>
        <line num="57" count="4" type="stmt"/>
        <line num="58" count="4" type="stmt"/>
        <line num="59" count="4" type="stmt"/>
        <line num="61" count="4" type="stmt"/>
        <line num="62" count="4" type="stmt"/>
        <line num="66" count="32" type="stmt"/>
        <line num="67" count="0" type="stmt"/>
        <line num="71" count="32" type="stmt"/>
        <line num="72" count="0" type="stmt"/>
        <line num="73" count="0" type="stmt"/>
        <line num="81" count="32" type="stmt"/>
        <line num="82" count="0" type="cond" truecount="0" falsecount="5"/>
        <line num="83" count="0" type="stmt"/>
        <line num="84" count="0" type="stmt"/>
        <line num="86" count="0" type="cond" truecount="0" falsecount="2"/>
        <line num="90" count="0" type="stmt"/>
        <line num="95" count="32" type="stmt"/>
        <line num="96" count="0" type="cond" truecount="0" falsecount="5"/>
        <line num="97" count="0" type="stmt"/>
        <line num="98" count="0" type="stmt"/>
        <line num="100" count="0" type="cond" truecount="0" falsecount="2"/>
        <line num="104" count="0" type="stmt"/>
        <line num="109" count="32" type="stmt"/>
        <line num="110" count="0" type="cond" truecount="0" falsecount="5"/>
        <line num="111" count="0" type="stmt"/>
        <line num="112" count="0" type="stmt"/>
        <line num="114" count="0" type="cond" truecount="0" falsecount="2"/>
        <line num="118" count="0" type="stmt"/>
        <line num="123" count="32" type="stmt"/>
        <line num="124" count="0" type="cond" truecount="0" falsecount="5"/>
        <line num="125" count="0" type="stmt"/>
        <line num="126" count="0" type="stmt"/>
        <line num="128" count="0" type="cond" truecount="0" falsecount="2"/>
        <line num="132" count="0" type="stmt"/>
        <line num="136" count="32" type="stmt"/>
        <line num="137" count="1" type="cond" truecount="1" falsecount="1"/>
        <line num="138" count="0" type="stmt"/>
        <line num="144" count="1" type="stmt"/>
        <line num="154" count="1" type="cond" truecount="1" falsecount="1"/>
        <line num="155" count="1" type="stmt"/>
        <line num="156" count="1" type="stmt"/>
        <line num="162" count="0" type="stmt"/>
        <line num="169" count="32" type="stmt"/>
        <line num="171" count="32" type="stmt"/>
        <line num="173" count="162" type="cond" truecount="2" falsecount="0"/>
        <line num="174" count="66" type="stmt"/>
        <line num="175" count="96" type="cond" truecount="2" falsecount="0"/>
        <line num="181" count="28" type="stmt"/>
        <line num="195" count="94" type="stmt"/>
        <line num="197" count="94" type="stmt"/>
        <line num="225" count="1" type="stmt"/>
        <line num="235" count="32" type="stmt"/>
        <line num="333" count="1" type="stmt"/>
      </file>
    </package>
  </project>
</coverage>
