{"total": {"lines":{"total":930,"covered":598,"skipped":0,"pct":64.3},"statements":{"total":951,"covered":612,"skipped":0,"pct":64.35},"functions":{"total":289,"covered":150,"skipped":0,"pct":51.9},"branches":{"total":391,"covered":123,"skipped":0,"pct":31.45},"branchesTrue":{"total":0,"covered":0,"skipped":0,"pct":100}}
,"C:\\Users\\paulh\\OneDrive\\Escritorio\\Infor\\cuarto\\gpsw\\Docenta\\src\\App.jsx": {"lines":{"total":8,"covered":8,"skipped":0,"pct":100},"functions":{"total":2,"covered":2,"skipped":0,"pct":100},"statements":{"total":8,"covered":8,"skipped":0,"pct":100},"branches":{"total":0,"covered":0,"skipped":0,"pct":100}}
,"C:\\Users\\paulh\\OneDrive\\Escritorio\\Infor\\cuarto\\gpsw\\Docenta\\src\\index.js": {"lines":{"total":3,"covered":3,"skipped":0,"pct":100},"functions":{"total":0,"covered":0,"skipped":0,"pct":100},"statements":{"total":3,"covered":3,"skipped":0,"pct":100},"branches":{"total":0,"covered":0,"skipped":0,"pct":100}}
,"C:\\Users\\paulh\\OneDrive\\Escritorio\\Infor\\cuarto\\gpsw\\Docenta\\src\\reportWebVitals.js": {"lines":{"total":8,"covered":2,"skipped":0,"pct":25},"functions":{"total":2,"covered":1,"skipped":0,"pct":50},"statements":{"total":8,"covered":2,"skipped":0,"pct":25},"branches":{"total":4,"covered":2,"skipped":0,"pct":50}}
,"C:\\Users\\paulh\\OneDrive\\Escritorio\\Infor\\cuarto\\gpsw\\Docenta\\src\\components\\Loader.jsx": {"lines":{"total":1,"covered":1,"skipped":0,"pct":100},"functions":{"total":1,"covered":1,"skipped":0,"pct":100},"statements":{"total":1,"covered":1,"skipped":0,"pct":100},"branches":{"total":0,"covered":0,"skipped":0,"pct":100}}
,"C:\\Users\\paulh\\OneDrive\\Escritorio\\Infor\\cuarto\\gpsw\\Docenta\\src\\components\\Navbar.jsx": {"lines":{"total":5,"covered":5,"skipped":0,"pct":100},"functions":{"total":2,"covered":2,"skipped":0,"pct":100},"statements":{"total":5,"covered":5,"skipped":0,"pct":100},"branches":{"total":8,"covered":7,"skipped":0,"pct":87.5}}
,"C:\\Users\\paulh\\OneDrive\\Escritorio\\Infor\\cuarto\\gpsw\\Docenta\\src\\components\\NavbarAdmin.jsx": {"lines":{"total":6,"covered":0,"skipped":0,"pct":0},"functions":{"total":3,"covered":0,"skipped":0,"pct":0},"statements":{"total":6,"covered":0,"skipped":0,"pct":0},"branches":{"total":10,"covered":0,"skipped":0,"pct":0}}
,"C:\\Users\\paulh\\OneDrive\\Escritorio\\Infor\\cuarto\\gpsw\\Docenta\\src\\components\\NavbarCatalog.jsx": {"lines":{"total":6,"covered":5,"skipped":0,"pct":83.33},"functions":{"total":3,"covered":2,"skipped":0,"pct":66.66},"statements":{"total":6,"covered":5,"skipped":0,"pct":83.33},"branches":{"total":10,"covered":7,"skipped":0,"pct":70}}
,"C:\\Users\\paulh\\OneDrive\\Escritorio\\Infor\\cuarto\\gpsw\\Docenta\\src\\components\\NavbarFavs.jsx": {"lines":{"total":5,"covered":4,"skipped":0,"pct":80},"functions":{"total":3,"covered":2,"skipped":0,"pct":66.66},"statements":{"total":5,"covered":4,"skipped":0,"pct":80},"branches":{"total":8,"covered":5,"skipped":0,"pct":62.5}}
,"C:\\Users\\paulh\\OneDrive\\Escritorio\\Infor\\cuarto\\gpsw\\Docenta\\src\\components\\NavbarManagement.jsx": {"lines":{"total":6,"covered":5,"skipped":0,"pct":83.33},"functions":{"total":3,"covered":2,"skipped":0,"pct":66.66},"statements":{"total":6,"covered":5,"skipped":0,"pct":83.33},"branches":{"total":10,"covered":6,"skipped":0,"pct":60}}
,"C:\\Users\\paulh\\OneDrive\\Escritorio\\Infor\\cuarto\\gpsw\\Docenta\\src\\components\\NavbarProfile.jsx": {"lines":{"total":5,"covered":4,"skipped":0,"pct":80},"functions":{"total":3,"covered":2,"skipped":0,"pct":66.66},"statements":{"total":5,"covered":4,"skipped":0,"pct":80},"branches":{"total":8,"covered":5,"skipped":0,"pct":62.5}}
,"C:\\Users\\paulh\\OneDrive\\Escritorio\\Infor\\cuarto\\gpsw\\Docenta\\src\\components\\ProtectedRoute.jsx": {"lines":{"total":4,"covered":3,"skipped":0,"pct":75},"functions":{"total":1,"covered":1,"skipped":0,"pct":100},"statements":{"total":4,"covered":3,"skipped":0,"pct":75},"branches":{"total":2,"covered":1,"skipped":0,"pct":50}}
,"C:\\Users\\paulh\\OneDrive\\Escritorio\\Infor\\cuarto\\gpsw\\Docenta\\src\\data\\Countries.js": {"lines":{"total":1,"covered":1,"skipped":0,"pct":100},"functions":{"total":0,"covered":0,"skipped":0,"pct":100},"statements":{"total":1,"covered":1,"skipped":0,"pct":100},"branches":{"total":0,"covered":0,"skipped":0,"pct":100}}
,"C:\\Users\\paulh\\OneDrive\\Escritorio\\Infor\\cuarto\\gpsw\\Docenta\\src\\pages\\AddCourse.jsx": {"lines":{"total":43,"covered":42,"skipped":0,"pct":97.67},"functions":{"total":18,"covered":17,"skipped":0,"pct":94.44},"statements":{"total":44,"covered":43,"skipped":0,"pct":97.72},"branches":{"total":17,"covered":16,"skipped":0,"pct":94.11}}
,"C:\\Users\\paulh\\OneDrive\\Escritorio\\Infor\\cuarto\\gpsw\\Docenta\\src\\pages\\AdminProfile.jsx": {"lines":{"total":29,"covered":1,"skipped":0,"pct":3.44},"functions":{"total":4,"covered":0,"skipped":0,"pct":0},"statements":{"total":29,"covered":1,"skipped":0,"pct":3.44},"branches":{"total":2,"covered":0,"skipped":0,"pct":0}}
,"C:\\Users\\paulh\\OneDrive\\Escritorio\\Infor\\cuarto\\gpsw\\Docenta\\src\\pages\\Catalog.jsx": {"lines":{"total":61,"covered":37,"skipped":0,"pct":60.65},"functions":{"total":22,"covered":10,"skipped":0,"pct":45.45},"statements":{"total":63,"covered":39,"skipped":0,"pct":61.9},"branches":{"total":36,"covered":10,"skipped":0,"pct":27.77}}
,"C:\\Users\\paulh\\OneDrive\\Escritorio\\Infor\\cuarto\\gpsw\\Docenta\\src\\pages\\ContentManagement.jsx": {"lines":{"total":66,"covered":42,"skipped":0,"pct":63.63},"functions":{"total":24,"covered":12,"skipped":0,"pct":50},"statements":{"total":68,"covered":43,"skipped":0,"pct":63.23},"branches":{"total":38,"covered":11,"skipped":0,"pct":28.94}}
,"C:\\Users\\paulh\\OneDrive\\Escritorio\\Infor\\cuarto\\gpsw\\Docenta\\src\\pages\\Course.jsx": {"lines":{"total":38,"covered":36,"skipped":0,"pct":94.73},"functions":{"total":8,"covered":6,"skipped":0,"pct":75},"statements":{"total":38,"covered":36,"skipped":0,"pct":94.73},"branches":{"total":2,"covered":1,"skipped":0,"pct":50}}
,"C:\\Users\\paulh\\OneDrive\\Escritorio\\Infor\\cuarto\\gpsw\\Docenta\\src\\pages\\Dashboard.jsx": {"lines":{"total":52,"covered":50,"skipped":0,"pct":96.15},"functions":{"total":17,"covered":15,"skipped":0,"pct":88.23},"statements":{"total":56,"covered":54,"skipped":0,"pct":96.42},"branches":{"total":2,"covered":2,"skipped":0,"pct":100}}
,"C:\\Users\\paulh\\OneDrive\\Escritorio\\Infor\\cuarto\\gpsw\\Docenta\\src\\pages\\FavCourse.jsx": {"lines":{"total":54,"covered":50,"skipped":0,"pct":92.59},"functions":{"total":15,"covered":11,"skipped":0,"pct":73.33},"statements":{"total":54,"covered":50,"skipped":0,"pct":92.59},"branches":{"total":4,"covered":2,"skipped":0,"pct":50}}
,"C:\\Users\\paulh\\OneDrive\\Escritorio\\Infor\\cuarto\\gpsw\\Docenta\\src\\pages\\Favorites.jsx": {"lines":{"total":67,"covered":42,"skipped":0,"pct":62.68},"functions":{"total":24,"covered":11,"skipped":0,"pct":45.83},"statements":{"total":70,"covered":44,"skipped":0,"pct":62.85},"branches":{"total":36,"covered":10,"skipped":0,"pct":27.77}}
,"C:\\Users\\paulh\\OneDrive\\Escritorio\\Infor\\cuarto\\gpsw\\Docenta\\src\\pages\\ForgotPasswd.jsx": {"lines":{"total":26,"covered":24,"skipped":0,"pct":92.3},"functions":{"total":10,"covered":8,"skipped":0,"pct":80},"statements":{"total":27,"covered":25,"skipped":0,"pct":92.59},"branches":{"total":8,"covered":8,"skipped":0,"pct":100}}
,"C:\\Users\\paulh\\OneDrive\\Escritorio\\Infor\\cuarto\\gpsw\\Docenta\\src\\pages\\Home.jsx": {"lines":{"total":1,"covered":1,"skipped":0,"pct":100},"functions":{"total":1,"covered":1,"skipped":0,"pct":100},"statements":{"total":1,"covered":1,"skipped":0,"pct":100},"branches":{"total":0,"covered":0,"skipped":0,"pct":100}}
,"C:\\Users\\paulh\\OneDrive\\Escritorio\\Infor\\cuarto\\gpsw\\Docenta\\src\\pages\\Login.jsx": {"lines":{"total":34,"covered":28,"skipped":0,"pct":82.35},"functions":{"total":10,"covered":9,"skipped":0,"pct":90},"statements":{"total":34,"covered":28,"skipped":0,"pct":82.35},"branches":{"total":10,"covered":7,"skipped":0,"pct":70}}
,"C:\\Users\\paulh\\OneDrive\\Escritorio\\Infor\\cuarto\\gpsw\\Docenta\\src\\pages\\Management.jsx": {"lines":{"total":1,"covered":1,"skipped":0,"pct":100},"functions":{"total":1,"covered":1,"skipped":0,"pct":100},"statements":{"total":1,"covered":1,"skipped":0,"pct":100},"branches":{"total":0,"covered":0,"skipped":0,"pct":100}}
,"C:\\Users\\paulh\\OneDrive\\Escritorio\\Infor\\cuarto\\gpsw\\Docenta\\src\\pages\\NotFound.jsx": {"lines":{"total":3,"covered":3,"skipped":0,"pct":100},"functions":{"total":2,"covered":2,"skipped":0,"pct":100},"statements":{"total":3,"covered":3,"skipped":0,"pct":100},"branches":{"total":0,"covered":0,"skipped":0,"pct":100}}
,"C:\\Users\\paulh\\OneDrive\\Escritorio\\Infor\\cuarto\\gpsw\\Docenta\\src\\pages\\Profile.jsx": {"lines":{"total":58,"covered":46,"skipped":0,"pct":79.31},"functions":{"total":10,"covered":5,"skipped":0,"pct":50},"statements":{"total":58,"covered":46,"skipped":0,"pct":79.31},"branches":{"total":10,"covered":4,"skipped":0,"pct":40}}
,"C:\\Users\\paulh\\OneDrive\\Escritorio\\Infor\\cuarto\\gpsw\\Docenta\\src\\pages\\Register.jsx": {"lines":{"total":1,"covered":1,"skipped":0,"pct":100},"functions":{"total":1,"covered":1,"skipped":0,"pct":100},"statements":{"total":1,"covered":1,"skipped":0,"pct":100},"branches":{"total":0,"covered":0,"skipped":0,"pct":100}}
,"C:\\Users\\paulh\\OneDrive\\Escritorio\\Infor\\cuarto\\gpsw\\Docenta\\src\\pages\\RegisterMobile.jsx": {"lines":{"total":119,"covered":47,"skipped":0,"pct":39.49},"functions":{"total":33,"covered":5,"skipped":0,"pct":15.15},"statements":{"total":122,"covered":48,"skipped":0,"pct":39.34},"branches":{"total":53,"covered":0,"skipped":0,"pct":0}}
,"C:\\Users\\paulh\\OneDrive\\Escritorio\\Infor\\cuarto\\gpsw\\Docenta\\src\\pages\\RegisterWeb.jsx": {"lines":{"total":133,"covered":50,"skipped":0,"pct":37.59},"functions":{"total":33,"covered":5,"skipped":0,"pct":15.15},"statements":{"total":136,"covered":51,"skipped":0,"pct":37.5},"branches":{"total":63,"covered":0,"skipped":0,"pct":0}}
,"C:\\Users\\paulh\\OneDrive\\Escritorio\\Infor\\cuarto\\gpsw\\Docenta\\src\\pages\\RestorePasswd.jsx": {"lines":{"total":15,"covered":13,"skipped":0,"pct":86.66},"functions":{"total":7,"covered":5,"skipped":0,"pct":71.42},"statements":{"total":15,"covered":13,"skipped":0,"pct":86.66},"branches":{"total":6,"covered":6,"skipped":0,"pct":100}}
,"C:\\Users\\paulh\\OneDrive\\Escritorio\\Infor\\cuarto\\gpsw\\Docenta\\src\\pages\\UserManagement.jsx": {"lines":{"total":71,"covered":43,"skipped":0,"pct":60.56},"functions":{"total":26,"covered":11,"skipped":0,"pct":42.3},"statements":{"total":73,"covered":44,"skipped":0,"pct":60.27},"branches":{"total":44,"covered":13,"skipped":0,"pct":29.54}}
}
