{"C:\\Users\\paulh\\OneDrive\\Escritorio\\Infor\\cuarto\\gpsw\\Docenta\\src\\App.jsx": {"path":"C:\\Users\\paulh\\OneDrive\\Escritorio\\Infor\\cuarto\\gpsw\\Docenta\\src\\App.jsx","statementMap":{"0":{"start":{"line":26,"column":22},"end":{"line":26,"column":58}},"1":{"start":{"line":27,"column":21},"end":{"line":27,"column":55}},"2":{"start":{"line":28,"column":28},"end":{"line":28,"column":49}},"3":{"start":{"line":29,"column":26},"end":{"line":29,"column":46}},"4":{"start":{"line":31,"column":2},"end":{"line":34,"column":32}},"5":{"start":{"line":32,"column":4},"end":{"line":32,"column":26}},"6":{"start":{"line":33,"column":4},"end":{"line":33,"column":24}},"7":{"start":{"line":36,"column":2},"end":{"line":127,"column":4}}},"fnMap":{"0":{"name":"App","decl":{"start":{"line":25,"column":9},"end":{"line":25,"column":12}},"loc":{"start":{"line":25,"column":15},"end":{"line":128,"column":1}},"line":25},"1":{"name":"(anonymous_1)","decl":{"start":{"line":31,"column":12},"end":{"line":31,"column":13}},"loc":{"start":{"line":31,"column":18},"end":{"line":34,"column":3}},"line":31}},"branchMap":{},"s":{"0":121,"1":121,"2":121,"3":104,"4":104,"5":98,"6":98,"7":104},"f":{"0":121,"1":98},"b":{},"_coverageSchema":"1a1c01bbd47fc00a2c39e90264f33305004495a9","hash":"a42cd39d9cedcacb7dd1873de59f7bb9f12ce329"}
,"C:\\Users\\paulh\\OneDrive\\Escritorio\\Infor\\cuarto\\gpsw\\Docenta\\src\\index.js": {"path":"C:\\Users\\paulh\\OneDrive\\Escritorio\\Infor\\cuarto\\gpsw\\Docenta\\src\\index.js","statementMap":{"0":{"start":{"line":8,"column":13},"end":{"line":8,"column":65}},"1":{"start":{"line":9,"column":0},"end":{"line":15,"column":2}},"2":{"start":{"line":20,"column":0},"end":{"line":20,"column":18}}},"fnMap":{},"branchMap":{},"s":{"0":52,"1":52,"2":52},"f":{},"b":{},"_coverageSchema":"1a1c01bbd47fc00a2c39e90264f33305004495a9","hash":"62bb07aa3e2bcd836c111978b3e0dfe6f8811d43"}
,"C:\\Users\\paulh\\OneDrive\\Escritorio\\Infor\\cuarto\\gpsw\\Docenta\\src\\reportWebVitals.js": {"path":"C:\\Users\\paulh\\OneDrive\\Escritorio\\Infor\\cuarto\\gpsw\\Docenta\\src\\reportWebVitals.js","statementMap":{"0":{"start":{"line":1,"column":24},"end":{"line":11,"column":1}},"1":{"start":{"line":2,"column":2},"end":{"line":10,"column":3}},"2":{"start":{"line":3,"column":4},"end":{"line":9,"column":7}},"3":{"start":{"line":4,"column":6},"end":{"line":4,"column":26}},"4":{"start":{"line":5,"column":6},"end":{"line":5,"column":26}},"5":{"start":{"line":6,"column":6},"end":{"line":6,"column":26}},"6":{"start":{"line":7,"column":6},"end":{"line":7,"column":26}},"7":{"start":{"line":8,"column":6},"end":{"line":8,"column":27}}},"fnMap":{"0":{"name":"(anonymous_0)","decl":{"start":{"line":1,"column":24},"end":{"line":1,"column":25}},"loc":{"start":{"line":1,"column":39},"end":{"line":11,"column":1}},"line":1},"1":{"name":"(anonymous_1)","decl":{"start":{"line":3,"column":30},"end":{"line":3,"column":31}},"loc":{"start":{"line":3,"column":79},"end":{"line":9,"column":5}},"line":3}},"branchMap":{"0":{"loc":{"start":{"line":2,"column":2},"end":{"line":10,"column":3}},"type":"if","locations":[{"start":{"line":2,"column":2},"end":{"line":10,"column":3}},{"start":{"line":2,"column":2},"end":{"line":10,"column":3}}],"line":2},"1":{"loc":{"start":{"line":2,"column":6},"end":{"line":2,"column":52}},"type":"binary-expr","locations":[{"start":{"line":2,"column":6},"end":{"line":2,"column":17}},{"start":{"line":2,"column":21},"end":{"line":2,"column":52}}],"line":2}},"s":{"0":52,"1":52,"2":0,"3":0,"4":0,"5":0,"6":0,"7":0},"f":{"0":52,"1":0},"b":{"0":[0,52],"1":[52,0]},"_coverageSchema":"1a1c01bbd47fc00a2c39e90264f33305004495a9","hash":"40c4afd8f4191806273aec5613a751382c8acfa8"}
,"C:\\Users\\paulh\\OneDrive\\Escritorio\\Infor\\cuarto\\gpsw\\Docenta\\src\\components\\Loader.jsx": {"path":"C:\\Users\\paulh\\OneDrive\\Escritorio\\Infor\\cuarto\\gpsw\\Docenta\\src\\components\\Loader.jsx","statementMap":{"0":{"start":{"line":6,"column":2},"end":{"line":17,"column":4}}},"fnMap":{"0":{"name":"Loading","decl":{"start":{"line":5,"column":9},"end":{"line":5,"column":16}},"loc":{"start":{"line":5,"column":19},"end":{"line":18,"column":1}},"line":5}},"branchMap":{},"s":{"0":106},"f":{"0":106},"b":{},"_coverageSchema":"1a1c01bbd47fc00a2c39e90264f33305004495a9","hash":"eac9fc39bb5daf03d4a3e7dc93679b2fa5eaa22f"}
,"C:\\Users\\paulh\\OneDrive\\Escritorio\\Infor\\cuarto\\gpsw\\Docenta\\src\\components\\Navbar.jsx": {"path":"C:\\Users\\paulh\\OneDrive\\Escritorio\\Infor\\cuarto\\gpsw\\Docenta\\src\\components\\Navbar.jsx","statementMap":{"0":{"start":{"line":8,"column":26},"end":{"line":8,"column":41}},"1":{"start":{"line":9,"column":20},"end":{"line":9,"column":54}},"2":{"start":{"line":10,"column":20},"end":{"line":10,"column":56}},"3":{"start":{"line":11,"column":2},"end":{"line":102,"column":4}},"4":{"start":{"line":34,"column":29},"end":{"line":34,"column":43}}},"fnMap":{"0":{"name":"Navbar","decl":{"start":{"line":7,"column":9},"end":{"line":7,"column":15}},"loc":{"start":{"line":7,"column":18},"end":{"line":103,"column":1}},"line":7},"1":{"name":"(anonymous_1)","decl":{"start":{"line":34,"column":23},"end":{"line":34,"column":24}},"loc":{"start":{"line":34,"column":29},"end":{"line":34,"column":43}},"line":34}},"branchMap":{"0":{"loc":{"start":{"line":31,"column":16},"end":{"line":31,"column":34}},"type":"cond-expr","locations":[{"start":{"line":31,"column":23},"end":{"line":31,"column":29}},{"start":{"line":31,"column":32},"end":{"line":31,"column":34}}],"line":31},"1":{"loc":{"start":{"line":38,"column":22},"end":{"line":38,"column":45}},"type":"cond-expr","locations":[{"start":{"line":38,"column":29},"end":{"line":38,"column":36}},{"start":{"line":38,"column":39},"end":{"line":38,"column":45}}],"line":38},"2":{"loc":{"start":{"line":45,"column":14},"end":{"line":47,"column":57}},"type":"cond-expr","locations":[{"start":{"line":46,"column":18},"end":{"line":46,"column":38}},{"start":{"line":47,"column":18},"end":{"line":47,"column":57}}],"line":45},"3":{"loc":{"start":{"line":92,"column":23},"end":{"line":92,"column":56}},"type":"cond-expr","locations":[{"start":{"line":92,"column":35},"end":{"line":92,"column":45}},{"start":{"line":92,"column":48},"end":{"line":92,"column":56}}],"line":92}},"s":{"0":20,"1":20,"2":20,"3":20,"4":4},"f":{"0":20,"1":4},"b":{"0":[8,12],"1":[8,12],"2":[8,12],"3":[0,20]},"_coverageSchema":"1a1c01bbd47fc00a2c39e90264f33305004495a9","hash":"7b8a05d8019ab38794931e0a455d7f92bc981729"}
,"C:\\Users\\paulh\\OneDrive\\Escritorio\\Infor\\cuarto\\gpsw\\Docenta\\src\\components\\NavbarAdmin.jsx": {"path":"C:\\Users\\paulh\\OneDrive\\Escritorio\\Infor\\cuarto\\gpsw\\Docenta\\src\\components\\NavbarAdmin.jsx","statementMap":{"0":{"start":{"line":8,"column":20},"end":{"line":8,"column":54}},"1":{"start":{"line":10,"column":26},"end":{"line":10,"column":41}},"2":{"start":{"line":11,"column":16},"end":{"line":14,"column":3}},"3":{"start":{"line":16,"column":2},"end":{"line":77,"column":4}},"4":{"start":{"line":38,"column":29},"end":{"line":38,"column":43}},"5":{"start":{"line":55,"column":14},"end":{"line":71,"column":19}}},"fnMap":{"0":{"name":"NavbarAdmin","decl":{"start":{"line":7,"column":9},"end":{"line":7,"column":20}},"loc":{"start":{"line":7,"column":23},"end":{"line":78,"column":1}},"line":7},"1":{"name":"(anonymous_1)","decl":{"start":{"line":38,"column":23},"end":{"line":38,"column":24}},"loc":{"start":{"line":38,"column":29},"end":{"line":38,"column":43}},"line":38},"2":{"name":"(anonymous_2)","decl":{"start":{"line":54,"column":23},"end":{"line":54,"column":24}},"loc":{"start":{"line":55,"column":14},"end":{"line":71,"column":19}},"line":55}},"branchMap":{"0":{"loc":{"start":{"line":35,"column":16},"end":{"line":35,"column":34}},"type":"cond-expr","locations":[{"start":{"line":35,"column":23},"end":{"line":35,"column":29}},{"start":{"line":35,"column":32},"end":{"line":35,"column":34}}],"line":35},"1":{"loc":{"start":{"line":42,"column":22},"end":{"line":42,"column":45}},"type":"cond-expr","locations":[{"start":{"line":42,"column":29},"end":{"line":42,"column":36}},{"start":{"line":42,"column":39},"end":{"line":42,"column":45}}],"line":42},"2":{"loc":{"start":{"line":49,"column":14},"end":{"line":51,"column":57}},"type":"cond-expr","locations":[{"start":{"line":50,"column":18},"end":{"line":50,"column":38}},{"start":{"line":51,"column":18},"end":{"line":51,"column":57}}],"line":49},"3":{"loc":{"start":{"line":58,"column":18},"end":{"line":58,"column":68}},"type":"cond-expr","locations":[{"start":{"line":58,"column":30},"end":{"line":58,"column":57}},{"start":{"line":58,"column":60},"end":{"line":58,"column":68}}],"line":58},"4":{"loc":{"start":{"line":64,"column":20},"end":{"line":66,"column":40}},"type":"cond-expr","locations":[{"start":{"line":65,"column":24},"end":{"line":65,"column":60}},{"start":{"line":66,"column":24},"end":{"line":66,"column":40}}],"line":64}},"s":{"0":0,"1":0,"2":0,"3":0,"4":0,"5":0},"f":{"0":0,"1":0,"2":0},"b":{"0":[0,0],"1":[0,0],"2":[0,0],"3":[0,0],"4":[0,0]},"_coverageSchema":"1a1c01bbd47fc00a2c39e90264f33305004495a9","hash":"12017b2ebba748df528955b1cbf01800fc6426e2"}
,"C:\\Users\\paulh\\OneDrive\\Escritorio\\Infor\\cuarto\\gpsw\\Docenta\\src\\components\\NavbarCatalog.jsx": {"path":"C:\\Users\\paulh\\OneDrive\\Escritorio\\Infor\\cuarto\\gpsw\\Docenta\\src\\components\\NavbarCatalog.jsx","statementMap":{"0":{"start":{"line":8,"column":20},"end":{"line":8,"column":54}},"1":{"start":{"line":10,"column":26},"end":{"line":10,"column":41}},"2":{"start":{"line":11,"column":16},"end":{"line":15,"column":3}},"3":{"start":{"line":17,"column":2},"end":{"line":78,"column":4}},"4":{"start":{"line":39,"column":29},"end":{"line":39,"column":43}},"5":{"start":{"line":56,"column":14},"end":{"line":72,"column":19}}},"fnMap":{"0":{"name":"NavbarCatalog","decl":{"start":{"line":7,"column":9},"end":{"line":7,"column":22}},"loc":{"start":{"line":7,"column":25},"end":{"line":79,"column":1}},"line":7},"1":{"name":"(anonymous_1)","decl":{"start":{"line":39,"column":23},"end":{"line":39,"column":24}},"loc":{"start":{"line":39,"column":29},"end":{"line":39,"column":43}},"line":39},"2":{"name":"(anonymous_2)","decl":{"start":{"line":55,"column":23},"end":{"line":55,"column":24}},"loc":{"start":{"line":56,"column":14},"end":{"line":72,"column":19}},"line":56}},"branchMap":{"0":{"loc":{"start":{"line":36,"column":16},"end":{"line":36,"column":34}},"type":"cond-expr","locations":[{"start":{"line":36,"column":23},"end":{"line":36,"column":29}},{"start":{"line":36,"column":32},"end":{"line":36,"column":34}}],"line":36},"1":{"loc":{"start":{"line":43,"column":22},"end":{"line":43,"column":45}},"type":"cond-expr","locations":[{"start":{"line":43,"column":29},"end":{"line":43,"column":36}},{"start":{"line":43,"column":39},"end":{"line":43,"column":45}}],"line":43},"2":{"loc":{"start":{"line":50,"column":14},"end":{"line":52,"column":57}},"type":"cond-expr","locations":[{"start":{"line":51,"column":18},"end":{"line":51,"column":38}},{"start":{"line":52,"column":18},"end":{"line":52,"column":57}}],"line":50},"3":{"loc":{"start":{"line":59,"column":18},"end":{"line":59,"column":68}},"type":"cond-expr","locations":[{"start":{"line":59,"column":30},"end":{"line":59,"column":57}},{"start":{"line":59,"column":60},"end":{"line":59,"column":68}}],"line":59},"4":{"loc":{"start":{"line":65,"column":20},"end":{"line":67,"column":40}},"type":"cond-expr","locations":[{"start":{"line":66,"column":24},"end":{"line":66,"column":60}},{"start":{"line":67,"column":24},"end":{"line":67,"column":40}}],"line":65}},"s":{"0":54,"1":54,"2":54,"3":54,"4":0,"5":162},"f":{"0":54,"1":0,"2":162},"b":{"0":[0,54],"1":[0,54],"2":[0,54],"3":[54,108],"4":[54,108]},"_coverageSchema":"1a1c01bbd47fc00a2c39e90264f33305004495a9","hash":"9cfe18e6c5969236c77064c6fa5d161e7b7e12b9"}
,"C:\\Users\\paulh\\OneDrive\\Escritorio\\Infor\\cuarto\\gpsw\\Docenta\\src\\components\\NavbarFavs.jsx": {"path":"C:\\Users\\paulh\\OneDrive\\Escritorio\\Infor\\cuarto\\gpsw\\Docenta\\src\\components\\NavbarFavs.jsx","statementMap":{"0":{"start":{"line":8,"column":26},"end":{"line":8,"column":41}},"1":{"start":{"line":9,"column":16},"end":{"line":13,"column":3}},"2":{"start":{"line":15,"column":2},"end":{"line":71,"column":4}},"3":{"start":{"line":37,"column":29},"end":{"line":37,"column":43}},"4":{"start":{"line":54,"column":14},"end":{"line":65,"column":19}}},"fnMap":{"0":{"name":"NavbarFavs","decl":{"start":{"line":7,"column":9},"end":{"line":7,"column":19}},"loc":{"start":{"line":7,"column":22},"end":{"line":72,"column":1}},"line":7},"1":{"name":"(anonymous_1)","decl":{"start":{"line":37,"column":23},"end":{"line":37,"column":24}},"loc":{"start":{"line":37,"column":29},"end":{"line":37,"column":43}},"line":37},"2":{"name":"(anonymous_2)","decl":{"start":{"line":53,"column":23},"end":{"line":53,"column":24}},"loc":{"start":{"line":54,"column":14},"end":{"line":65,"column":19}},"line":54}},"branchMap":{"0":{"loc":{"start":{"line":34,"column":16},"end":{"line":34,"column":34}},"type":"cond-expr","locations":[{"start":{"line":34,"column":23},"end":{"line":34,"column":29}},{"start":{"line":34,"column":32},"end":{"line":34,"column":34}}],"line":34},"1":{"loc":{"start":{"line":41,"column":22},"end":{"line":41,"column":45}},"type":"cond-expr","locations":[{"start":{"line":41,"column":29},"end":{"line":41,"column":36}},{"start":{"line":41,"column":39},"end":{"line":41,"column":45}}],"line":41},"2":{"loc":{"start":{"line":48,"column":14},"end":{"line":50,"column":57}},"type":"cond-expr","locations":[{"start":{"line":49,"column":18},"end":{"line":49,"column":38}},{"start":{"line":50,"column":18},"end":{"line":50,"column":57}}],"line":48},"3":{"loc":{"start":{"line":58,"column":20},"end":{"line":60,"column":40}},"type":"cond-expr","locations":[{"start":{"line":59,"column":24},"end":{"line":59,"column":60}},{"start":{"line":60,"column":24},"end":{"line":60,"column":40}}],"line":58}},"s":{"0":46,"1":46,"2":46,"3":0,"4":138},"f":{"0":46,"1":0,"2":138},"b":{"0":[0,46],"1":[0,46],"2":[0,46],"3":[46,92]},"_coverageSchema":"1a1c01bbd47fc00a2c39e90264f33305004495a9","hash":"c7503d4e247d964ca9b8c14d9023cb155dce28ac"}
,"C:\\Users\\paulh\\OneDrive\\Escritorio\\Infor\\cuarto\\gpsw\\Docenta\\src\\components\\NavbarManagement.jsx": {"path":"C:\\Users\\paulh\\OneDrive\\Escritorio\\Infor\\cuarto\\gpsw\\Docenta\\src\\components\\NavbarManagement.jsx","statementMap":{"0":{"start":{"line":8,"column":20},"end":{"line":8,"column":54}},"1":{"start":{"line":10,"column":26},"end":{"line":10,"column":41}},"2":{"start":{"line":11,"column":16},"end":{"line":14,"column":3}},"3":{"start":{"line":16,"column":2},"end":{"line":77,"column":4}},"4":{"start":{"line":38,"column":29},"end":{"line":38,"column":43}},"5":{"start":{"line":55,"column":14},"end":{"line":71,"column":19}}},"fnMap":{"0":{"name":"NavbarManagement","decl":{"start":{"line":7,"column":9},"end":{"line":7,"column":25}},"loc":{"start":{"line":7,"column":28},"end":{"line":78,"column":1}},"line":7},"1":{"name":"(anonymous_1)","decl":{"start":{"line":38,"column":23},"end":{"line":38,"column":24}},"loc":{"start":{"line":38,"column":29},"end":{"line":38,"column":43}},"line":38},"2":{"name":"(anonymous_2)","decl":{"start":{"line":54,"column":23},"end":{"line":54,"column":24}},"loc":{"start":{"line":55,"column":14},"end":{"line":71,"column":19}},"line":55}},"branchMap":{"0":{"loc":{"start":{"line":35,"column":16},"end":{"line":35,"column":34}},"type":"cond-expr","locations":[{"start":{"line":35,"column":23},"end":{"line":35,"column":29}},{"start":{"line":35,"column":32},"end":{"line":35,"column":34}}],"line":35},"1":{"loc":{"start":{"line":42,"column":22},"end":{"line":42,"column":45}},"type":"cond-expr","locations":[{"start":{"line":42,"column":29},"end":{"line":42,"column":36}},{"start":{"line":42,"column":39},"end":{"line":42,"column":45}}],"line":42},"2":{"loc":{"start":{"line":49,"column":14},"end":{"line":51,"column":57}},"type":"cond-expr","locations":[{"start":{"line":50,"column":18},"end":{"line":50,"column":38}},{"start":{"line":51,"column":18},"end":{"line":51,"column":57}}],"line":49},"3":{"loc":{"start":{"line":58,"column":18},"end":{"line":58,"column":68}},"type":"cond-expr","locations":[{"start":{"line":58,"column":30},"end":{"line":58,"column":57}},{"start":{"line":58,"column":60},"end":{"line":58,"column":68}}],"line":58},"4":{"loc":{"start":{"line":64,"column":20},"end":{"line":66,"column":40}},"type":"cond-expr","locations":[{"start":{"line":65,"column":24},"end":{"line":65,"column":60}},{"start":{"line":66,"column":24},"end":{"line":66,"column":40}}],"line":64}},"s":{"0":2046,"1":2046,"2":2046,"3":2046,"4":0,"5":4092},"f":{"0":2046,"1":0,"2":4092},"b":{"0":[0,2046],"1":[0,2046],"2":[0,2046],"3":[4092,0],"4":[2046,2046]},"_coverageSchema":"1a1c01bbd47fc00a2c39e90264f33305004495a9","hash":"33903adc49654d12e0eafcc12f2df338f7baa6c3"}
,"C:\\Users\\paulh\\OneDrive\\Escritorio\\Infor\\cuarto\\gpsw\\Docenta\\src\\components\\NavbarProfile.jsx": {"path":"C:\\Users\\paulh\\OneDrive\\Escritorio\\Infor\\cuarto\\gpsw\\Docenta\\src\\components\\NavbarProfile.jsx","statementMap":{"0":{"start":{"line":8,"column":26},"end":{"line":8,"column":41}},"1":{"start":{"line":9,"column":16},"end":{"line":13,"column":3}},"2":{"start":{"line":15,"column":2},"end":{"line":71,"column":4}},"3":{"start":{"line":37,"column":29},"end":{"line":37,"column":43}},"4":{"start":{"line":54,"column":14},"end":{"line":65,"column":19}}},"fnMap":{"0":{"name":"NavbarProfile","decl":{"start":{"line":7,"column":9},"end":{"line":7,"column":22}},"loc":{"start":{"line":7,"column":25},"end":{"line":72,"column":1}},"line":7},"1":{"name":"(anonymous_1)","decl":{"start":{"line":37,"column":23},"end":{"line":37,"column":24}},"loc":{"start":{"line":37,"column":29},"end":{"line":37,"column":43}},"line":37},"2":{"name":"(anonymous_2)","decl":{"start":{"line":53,"column":23},"end":{"line":53,"column":24}},"loc":{"start":{"line":54,"column":14},"end":{"line":65,"column":19}},"line":54}},"branchMap":{"0":{"loc":{"start":{"line":34,"column":16},"end":{"line":34,"column":34}},"type":"cond-expr","locations":[{"start":{"line":34,"column":23},"end":{"line":34,"column":29}},{"start":{"line":34,"column":32},"end":{"line":34,"column":34}}],"line":34},"1":{"loc":{"start":{"line":41,"column":22},"end":{"line":41,"column":45}},"type":"cond-expr","locations":[{"start":{"line":41,"column":29},"end":{"line":41,"column":36}},{"start":{"line":41,"column":39},"end":{"line":41,"column":45}}],"line":41},"2":{"loc":{"start":{"line":48,"column":14},"end":{"line":50,"column":57}},"type":"cond-expr","locations":[{"start":{"line":49,"column":18},"end":{"line":49,"column":38}},{"start":{"line":50,"column":18},"end":{"line":50,"column":57}}],"line":48},"3":{"loc":{"start":{"line":58,"column":20},"end":{"line":60,"column":40}},"type":"cond-expr","locations":[{"start":{"line":59,"column":24},"end":{"line":59,"column":60}},{"start":{"line":60,"column":24},"end":{"line":60,"column":40}}],"line":58}},"s":{"0":8,"1":8,"2":8,"3":0,"4":24},"f":{"0":8,"1":0,"2":24},"b":{"0":[0,8],"1":[0,8],"2":[0,8],"3":[8,16]},"_coverageSchema":"1a1c01bbd47fc00a2c39e90264f33305004495a9","hash":"dfefa42de2e9a5c9818ff497940eaa6af289e9ee"}
,"C:\\Users\\paulh\\OneDrive\\Escritorio\\Infor\\cuarto\\gpsw\\Docenta\\src\\components\\ProtectedRoute.jsx": {"path":"C:\\Users\\paulh\\OneDrive\\Escritorio\\Infor\\cuarto\\gpsw\\Docenta\\src\\components\\ProtectedRoute.jsx","statementMap":{"0":{"start":{"line":3,"column":18},"end":{"line":8,"column":1}},"1":{"start":{"line":4,"column":2},"end":{"line":6,"column":3}},"2":{"start":{"line":5,"column":4},"end":{"line":5,"column":48}},"3":{"start":{"line":7,"column":2},"end":{"line":7,"column":18}}},"fnMap":{"0":{"name":"(anonymous_0)","decl":{"start":{"line":3,"column":18},"end":{"line":3,"column":19}},"loc":{"start":{"line":3,"column":48},"end":{"line":8,"column":1}},"line":3}},"branchMap":{"0":{"loc":{"start":{"line":4,"column":2},"end":{"line":6,"column":3}},"type":"if","locations":[{"start":{"line":4,"column":2},"end":{"line":6,"column":3}},{"start":{"line":4,"column":2},"end":{"line":6,"column":3}}],"line":4}},"s":{"0":52,"1":52,"2":0,"3":52},"f":{"0":52},"b":{"0":[0,52]},"_coverageSchema":"1a1c01bbd47fc00a2c39e90264f33305004495a9","hash":"ae4c77fa508aff441b06166ec1ecff07174dd3a7"}
,"C:\\Users\\paulh\\OneDrive\\Escritorio\\Infor\\cuarto\\gpsw\\Docenta\\src\\data\\Countries.js": {"path":"C:\\Users\\paulh\\OneDrive\\Escritorio\\Infor\\cuarto\\gpsw\\Docenta\\src\\data\\Countries.js","statementMap":{"0":{"start":{"line":1,"column":27},"end":{"line":242,"column":1}}},"fnMap":{},"branchMap":{},"s":{"0":52},"f":{},"b":{},"_coverageSchema":"1a1c01bbd47fc00a2c39e90264f33305004495a9","hash":"bf00efaa603645b694a3a465b066fdf054f0ab5e"}
,"C:\\Users\\paulh\\OneDrive\\Escritorio\\Infor\\cuarto\\gpsw\\Docenta\\src\\pages\\AddCourse.jsx": {"path":"C:\\Users\\paulh\\OneDrive\\Escritorio\\Infor\\cuarto\\gpsw\\Docenta\\src\\pages\\AddCourse.jsx","statementMap":{"0":{"start":{"line":9,"column":19},"end":{"line":9,"column":60}},"1":{"start":{"line":10,"column":21},"end":{"line":10,"column":63}},"2":{"start":{"line":13,"column":19},"end":{"line":13,"column":32}},"3":{"start":{"line":15,"column":30},"end":{"line":15,"column":42}},"4":{"start":{"line":16,"column":26},"end":{"line":16,"column":38}},"5":{"start":{"line":17,"column":34},"end":{"line":17,"column":46}},"6":{"start":{"line":18,"column":40},"end":{"line":18,"column":52}},"7":{"start":{"line":19,"column":28},"end":{"line":19,"column":40}},"8":{"start":{"line":20,"column":26},"end":{"line":20,"column":38}},"9":{"start":{"line":21,"column":30},"end":{"line":21,"column":42}},"10":{"start":{"line":22,"column":34},"end":{"line":22,"column":46}},"11":{"start":{"line":24,"column":23},"end":{"line":27,"column":3}},"12":{"start":{"line":25,"column":21},"end":{"line":25,"column":48}},"13":{"start":{"line":26,"column":4},"end":{"line":26,"column":20}},"14":{"start":{"line":29,"column":2},"end":{"line":31,"column":9}},"15":{"start":{"line":30,"column":4},"end":{"line":30,"column":19}},"16":{"start":{"line":34,"column":24},"end":{"line":48,"column":3}},"17":{"start":{"line":35,"column":4},"end":{"line":47,"column":5}},"18":{"start":{"line":44,"column":6},"end":{"line":44,"column":18}},"19":{"start":{"line":46,"column":6},"end":{"line":46,"column":19}},"20":{"start":{"line":51,"column":20},"end":{"line":57,"column":3}},"21":{"start":{"line":52,"column":4},"end":{"line":56,"column":5}},"22":{"start":{"line":52,"column":30},"end":{"line":52,"column":50}},"23":{"start":{"line":53,"column":6},"end":{"line":53,"column":18}},"24":{"start":{"line":55,"column":6},"end":{"line":55,"column":19}},"25":{"start":{"line":59,"column":20},"end":{"line":103,"column":3}},"26":{"start":{"line":60,"column":4},"end":{"line":102,"column":5}},"27":{"start":{"line":61,"column":6},"end":{"line":67,"column":9}},"28":{"start":{"line":68,"column":11},"end":{"line":102,"column":5}},"29":{"start":{"line":69,"column":6},"end":{"line":75,"column":9}},"30":{"start":{"line":77,"column":6},"end":{"line":101,"column":11}},"31":{"start":{"line":88,"column":10},"end":{"line":100,"column":11}},"32":{"start":{"line":89,"column":12},"end":{"line":99,"column":15}},"33":{"start":{"line":96,"column":14},"end":{"line":98,"column":23}},"34":{"start":{"line":97,"column":16},"end":{"line":97,"column":63}},"35":{"start":{"line":105,"column":2},"end":{"line":262,"column":4}},"36":{"start":{"line":144,"column":48},"end":{"line":144,"column":69}},"37":{"start":{"line":159,"column":48},"end":{"line":159,"column":73}},"38":{"start":{"line":174,"column":48},"end":{"line":174,"column":76}},"39":{"start":{"line":189,"column":48},"end":{"line":189,"column":70}},"40":{"start":{"line":204,"column":48},"end":{"line":204,"column":69}},"41":{"start":{"line":219,"column":48},"end":{"line":219,"column":71}},"42":{"start":{"line":234,"column":48},"end":{"line":234,"column":73}},"43":{"start":{"line":252,"column":33},"end":{"line":252,"column":64}}},"fnMap":{"0":{"name":"AddCourse","decl":{"start":{"line":12,"column":9},"end":{"line":12,"column":18}},"loc":{"start":{"line":12,"column":21},"end":{"line":263,"column":1}},"line":12},"1":{"name":"(anonymous_1)","decl":{"start":{"line":24,"column":23},"end":{"line":24,"column":24}},"loc":{"start":{"line":24,"column":35},"end":{"line":27,"column":3}},"line":24},"2":{"name":"(anonymous_2)","decl":{"start":{"line":29,"column":12},"end":{"line":29,"column":13}},"loc":{"start":{"line":29,"column":18},"end":{"line":31,"column":3}},"line":29},"3":{"name":"(anonymous_3)","decl":{"start":{"line":34,"column":24},"end":{"line":34,"column":25}},"loc":{"start":{"line":34,"column":30},"end":{"line":48,"column":3}},"line":34},"4":{"name":"(anonymous_4)","decl":{"start":{"line":51,"column":20},"end":{"line":51,"column":21}},"loc":{"start":{"line":51,"column":26},"end":{"line":57,"column":3}},"line":51},"5":{"name":"(anonymous_5)","decl":{"start":{"line":52,"column":20},"end":{"line":52,"column":21}},"loc":{"start":{"line":52,"column":30},"end":{"line":52,"column":50}},"line":52},"6":{"name":"(anonymous_6)","decl":{"start":{"line":59,"column":20},"end":{"line":59,"column":21}},"loc":{"start":{"line":59,"column":32},"end":{"line":103,"column":3}},"line":59},"7":{"name":"(anonymous_7)","decl":{"start":{"line":87,"column":14},"end":{"line":87,"column":15}},"loc":{"start":{"line":87,"column":28},"end":{"line":101,"column":9}},"line":87},"8":{"name":"(anonymous_8)","decl":{"start":{"line":95,"column":20},"end":{"line":95,"column":21}},"loc":{"start":{"line":95,"column":26},"end":{"line":99,"column":13}},"line":95},"9":{"name":"(anonymous_9)","decl":{"start":{"line":96,"column":25},"end":{"line":96,"column":26}},"loc":{"start":{"line":96,"column":31},"end":{"line":98,"column":15}},"line":96},"10":{"name":"(anonymous_10)","decl":{"start":{"line":144,"column":32},"end":{"line":144,"column":33}},"loc":{"start":{"line":144,"column":48},"end":{"line":144,"column":69}},"line":144},"11":{"name":"(anonymous_11)","decl":{"start":{"line":159,"column":32},"end":{"line":159,"column":33}},"loc":{"start":{"line":159,"column":48},"end":{"line":159,"column":73}},"line":159},"12":{"name":"(anonymous_12)","decl":{"start":{"line":174,"column":32},"end":{"line":174,"column":33}},"loc":{"start":{"line":174,"column":48},"end":{"line":174,"column":76}},"line":174},"13":{"name":"(anonymous_13)","decl":{"start":{"line":189,"column":32},"end":{"line":189,"column":33}},"loc":{"start":{"line":189,"column":48},"end":{"line":189,"column":70}},"line":189},"14":{"name":"(anonymous_14)","decl":{"start":{"line":204,"column":32},"end":{"line":204,"column":33}},"loc":{"start":{"line":204,"column":48},"end":{"line":204,"column":69}},"line":204},"15":{"name":"(anonymous_15)","decl":{"start":{"line":219,"column":32},"end":{"line":219,"column":33}},"loc":{"start":{"line":219,"column":48},"end":{"line":219,"column":71}},"line":219},"16":{"name":"(anonymous_16)","decl":{"start":{"line":234,"column":32},"end":{"line":234,"column":33}},"loc":{"start":{"line":234,"column":48},"end":{"line":234,"column":73}},"line":234},"17":{"name":"(anonymous_17)","decl":{"start":{"line":252,"column":27},"end":{"line":252,"column":28}},"loc":{"start":{"line":252,"column":33},"end":{"line":252,"column":64}},"line":252}},"branchMap":{"0":{"loc":{"start":{"line":35,"column":4},"end":{"line":47,"column":5}},"type":"if","locations":[{"start":{"line":35,"column":4},"end":{"line":47,"column":5}},{"start":{"line":35,"column":4},"end":{"line":47,"column":5}}],"line":35},"1":{"loc":{"start":{"line":36,"column":6},"end":{"line":42,"column":21}},"type":"binary-expr","locations":[{"start":{"line":36,"column":6},"end":{"line":36,"column":17}},{"start":{"line":37,"column":6},"end":{"line":37,"column":21}},{"start":{"line":38,"column":6},"end":{"line":38,"column":24}},{"start":{"line":39,"column":6},"end":{"line":39,"column":18}},{"start":{"line":40,"column":6},"end":{"line":40,"column":17}},{"start":{"line":41,"column":6},"end":{"line":41,"column":19}},{"start":{"line":42,"column":6},"end":{"line":42,"column":21}}],"line":36},"2":{"loc":{"start":{"line":52,"column":4},"end":{"line":56,"column":5}},"type":"if","locations":[{"start":{"line":52,"column":4},"end":{"line":56,"column":5}},{"start":{"line":52,"column":4},"end":{"line":56,"column":5}}],"line":52},"3":{"loc":{"start":{"line":60,"column":4},"end":{"line":102,"column":5}},"type":"if","locations":[{"start":{"line":60,"column":4},"end":{"line":102,"column":5}},{"start":{"line":60,"column":4},"end":{"line":102,"column":5}}],"line":60},"4":{"loc":{"start":{"line":68,"column":11},"end":{"line":102,"column":5}},"type":"if","locations":[{"start":{"line":68,"column":11},"end":{"line":102,"column":5}},{"start":{"line":68,"column":11},"end":{"line":102,"column":5}}],"line":68},"5":{"loc":{"start":{"line":88,"column":10},"end":{"line":100,"column":11}},"type":"if","locations":[{"start":{"line":88,"column":10},"end":{"line":100,"column":11}},{"start":{"line":88,"column":10},"end":{"line":100,"column":11}}],"line":88}},"s":{"0":52,"1":52,"2":1981,"3":1978,"4":1978,"5":1978,"6":1978,"7":1978,"8":1978,"9":1978,"10":1978,"11":1978,"12":6,"13":5,"14":1978,"15":6,"16":1978,"17":3,"18":1,"19":2,"20":1978,"21":2,"22":101,"23":1,"24":1,"25":1978,"26":3,"27":1,"28":2,"29":1,"30":1,"31":1,"32":1,"33":1,"34":1,"35":1978,"36":82,"37":8,"38":352,"39":394,"40":118,"41":12,"42":16,"43":0},"f":{"0":1981,"1":6,"2":6,"3":3,"4":2,"5":101,"6":3,"7":1,"8":1,"9":1,"10":82,"11":8,"12":352,"13":394,"14":118,"15":12,"16":16,"17":0},"b":{"0":[1,2],"1":[3,2,2,2,2,2,2],"2":[1,1],"3":[1,2],"4":[1,1],"5":[1,0]},"_coverageSchema":"1a1c01bbd47fc00a2c39e90264f33305004495a9","hash":"2a04b27b5b2420825ffe4c0c53559998533f24a0"}
,"C:\\Users\\paulh\\OneDrive\\Escritorio\\Infor\\cuarto\\gpsw\\Docenta\\src\\pages\\AdminProfile.jsx": {"path":"C:\\Users\\paulh\\OneDrive\\Escritorio\\Infor\\cuarto\\gpsw\\Docenta\\src\\pages\\AdminProfile.jsx","statementMap":{"0":{"start":{"line":8,"column":17},"end":{"line":8,"column":56}},"1":{"start":{"line":11,"column":23},"end":{"line":11,"column":57}},"2":{"start":{"line":12,"column":20},"end":{"line":12,"column":54}},"3":{"start":{"line":14,"column":36},"end":{"line":14,"column":48}},"4":{"start":{"line":15,"column":36},"end":{"line":15,"column":48}},"5":{"start":{"line":16,"column":34},"end":{"line":16,"column":46}},"6":{"start":{"line":17,"column":28},"end":{"line":17,"column":40}},"7":{"start":{"line":18,"column":24},"end":{"line":18,"column":36}},"8":{"start":{"line":19,"column":34},"end":{"line":19,"column":46}},"9":{"start":{"line":20,"column":32},"end":{"line":20,"column":44}},"10":{"start":{"line":21,"column":30},"end":{"line":21,"column":42}},"11":{"start":{"line":22,"column":34},"end":{"line":22,"column":46}},"12":{"start":{"line":24,"column":2},"end":{"line":38,"column":21}},"13":{"start":{"line":25,"column":22},"end":{"line":36,"column":5}},"14":{"start":{"line":26,"column":23},"end":{"line":26,"column":63}},"15":{"start":{"line":27,"column":6},"end":{"line":27,"column":38}},"16":{"start":{"line":28,"column":6},"end":{"line":28,"column":38}},"17":{"start":{"line":29,"column":6},"end":{"line":29,"column":30}},"18":{"start":{"line":30,"column":6},"end":{"line":30,"column":28}},"19":{"start":{"line":31,"column":6},"end":{"line":31,"column":36}},"20":{"start":{"line":32,"column":6},"end":{"line":32,"column":36}},"21":{"start":{"line":33,"column":6},"end":{"line":33,"column":36}},"22":{"start":{"line":34,"column":6},"end":{"line":34,"column":34}},"23":{"start":{"line":35,"column":6},"end":{"line":35,"column":32}},"24":{"start":{"line":37,"column":4},"end":{"line":37,"column":16}},"25":{"start":{"line":41,"column":23},"end":{"line":44,"column":3}},"26":{"start":{"line":42,"column":4},"end":{"line":42,"column":27}},"27":{"start":{"line":43,"column":4},"end":{"line":43,"column":31}},"28":{"start":{"line":46,"column":2},"end":{"line":207,"column":4}}},"fnMap":{"0":{"name":"AdminProfile","decl":{"start":{"line":10,"column":9},"end":{"line":10,"column":21}},"loc":{"start":{"line":10,"column":24},"end":{"line":208,"column":1}},"line":10},"1":{"name":"(anonymous_1)","decl":{"start":{"line":24,"column":12},"end":{"line":24,"column":13}},"loc":{"start":{"line":24,"column":18},"end":{"line":38,"column":3}},"line":24},"2":{"name":"(anonymous_2)","decl":{"start":{"line":25,"column":22},"end":{"line":25,"column":23}},"loc":{"start":{"line":25,"column":34},"end":{"line":36,"column":5}},"line":25},"3":{"name":"(anonymous_3)","decl":{"start":{"line":41,"column":23},"end":{"line":41,"column":24}},"loc":{"start":{"line":41,"column":29},"end":{"line":44,"column":3}},"line":41}},"branchMap":{"0":{"loc":{"start":{"line":48,"column":7},"end":{"line":205,"column":7}},"type":"cond-expr","locations":[{"start":{"line":49,"column":8},"end":{"line":202,"column":15}},{"start":{"line":204,"column":8},"end":{"line":204,"column":41}}],"line":48}},"s":{"0":52,"1":0,"2":0,"3":0,"4":0,"5":0,"6":0,"7":0,"8":0,"9":0,"10":0,"11":0,"12":0,"13":0,"14":0,"15":0,"16":0,"17":0,"18":0,"19":0,"20":0,"21":0,"22":0,"23":0,"24":0,"25":0,"26":0,"27":0,"28":0},"f":{"0":0,"1":0,"2":0,"3":0},"b":{"0":[0,0]},"_coverageSchema":"1a1c01bbd47fc00a2c39e90264f33305004495a9","hash":"8263f30ada518c8b0b2219732660f6e91c582a51"}
,"C:\\Users\\paulh\\OneDrive\\Escritorio\\Infor\\cuarto\\gpsw\\Docenta\\src\\pages\\Catalog.jsx": {"path":"C:\\Users\\paulh\\OneDrive\\Escritorio\\Infor\\cuarto\\gpsw\\Docenta\\src\\pages\\Catalog.jsx","statementMap":{"0":{"start":{"line":23,"column":19},"end":{"line":23,"column":59}},"1":{"start":{"line":24,"column":25},"end":{"line":24,"column":71}},"2":{"start":{"line":27,"column":25},"end":{"line":27,"column":27}},"3":{"start":{"line":28,"column":30},"end":{"line":28,"column":42}},"4":{"start":{"line":29,"column":28},"end":{"line":29,"column":40}},"5":{"start":{"line":30,"column":32},"end":{"line":30,"column":46}},"6":{"start":{"line":31,"column":34},"end":{"line":31,"column":58}},"7":{"start":{"line":32,"column":28},"end":{"line":32,"column":47}},"8":{"start":{"line":34,"column":19},"end":{"line":34,"column":32}},"9":{"start":{"line":36,"column":23},"end":{"line":36,"column":57}},"10":{"start":{"line":37,"column":20},"end":{"line":37,"column":54}},"11":{"start":{"line":40,"column":21},"end":{"line":42,"column":3}},"12":{"start":{"line":41,"column":4},"end":{"line":41,"column":29}},"13":{"start":{"line":44,"column":2},"end":{"line":51,"column":9}},"14":{"start":{"line":45,"column":24},"end":{"line":48,"column":5}},"15":{"start":{"line":46,"column":23},"end":{"line":46,"column":50}},"16":{"start":{"line":47,"column":6},"end":{"line":47,"column":22}},"17":{"start":{"line":49,"column":4},"end":{"line":49,"column":18}},"18":{"start":{"line":50,"column":4},"end":{"line":50,"column":46}},"19":{"start":{"line":50,"column":21},"end":{"line":50,"column":38}},"20":{"start":{"line":54,"column":19},"end":{"line":56,"column":3}},"21":{"start":{"line":55,"column":4},"end":{"line":55,"column":59}},"22":{"start":{"line":55,"column":31},"end":{"line":55,"column":57}},"23":{"start":{"line":59,"column":22},"end":{"line":66,"column":3}},"24":{"start":{"line":60,"column":20},"end":{"line":60,"column":56}},"25":{"start":{"line":61,"column":4},"end":{"line":65,"column":7}},"26":{"start":{"line":69,"column":24},"end":{"line":80,"column":3}},"27":{"start":{"line":70,"column":4},"end":{"line":79,"column":5}},"28":{"start":{"line":71,"column":6},"end":{"line":71,"column":26}},"29":{"start":{"line":72,"column":6},"end":{"line":76,"column":8}},"30":{"start":{"line":74,"column":10},"end":{"line":74,"column":29}},"31":{"start":{"line":78,"column":6},"end":{"line":78,"column":20}},"32":{"start":{"line":83,"column":21},"end":{"line":94,"column":3}},"33":{"start":{"line":84,"column":4},"end":{"line":93,"column":5}},"34":{"start":{"line":85,"column":6},"end":{"line":85,"column":25}},"35":{"start":{"line":86,"column":6},"end":{"line":90,"column":8}},"36":{"start":{"line":88,"column":10},"end":{"line":88,"column":66}},"37":{"start":{"line":92,"column":6},"end":{"line":92,"column":20}},"38":{"start":{"line":97,"column":23},"end":{"line":108,"column":3}},"39":{"start":{"line":98,"column":4},"end":{"line":107,"column":5}},"40":{"start":{"line":99,"column":6},"end":{"line":99,"column":24}},"41":{"start":{"line":100,"column":6},"end":{"line":104,"column":8}},"42":{"start":{"line":102,"column":10},"end":{"line":102,"column":64}},"43":{"start":{"line":106,"column":6},"end":{"line":106,"column":20}},"44":{"start":{"line":111,"column":25},"end":{"line":122,"column":3}},"45":{"start":{"line":112,"column":4},"end":{"line":121,"column":5}},"46":{"start":{"line":113,"column":6},"end":{"line":113,"column":29}},"47":{"start":{"line":114,"column":6},"end":{"line":118,"column":8}},"48":{"start":{"line":116,"column":10},"end":{"line":116,"column":74}},"49":{"start":{"line":120,"column":6},"end":{"line":120,"column":20}},"50":{"start":{"line":124,"column":23},"end":{"line":136,"column":3}},"51":{"start":{"line":125,"column":4},"end":{"line":135,"column":9}},"52":{"start":{"line":131,"column":8},"end":{"line":131,"column":50}},"53":{"start":{"line":134,"column":8},"end":{"line":134,"column":52}},"54":{"start":{"line":138,"column":25},"end":{"line":199,"column":6}},"55":{"start":{"line":140,"column":6},"end":{"line":147,"column":7}},"56":{"start":{"line":141,"column":8},"end":{"line":141,"column":21}},"57":{"start":{"line":142,"column":13},"end":{"line":147,"column":7}},"58":{"start":{"line":146,"column":8},"end":{"line":146,"column":21}},"59":{"start":{"line":160,"column":10},"end":{"line":160,"column":16}},"60":{"start":{"line":162,"column":6},"end":{"line":198,"column":8}},"61":{"start":{"line":201,"column":2},"end":{"line":338,"column":4}},"62":{"start":{"line":327,"column":31},"end":{"line":327,"column":43}}},"fnMap":{"0":{"name":"Catalog","decl":{"start":{"line":26,"column":9},"end":{"line":26,"column":16}},"loc":{"start":{"line":26,"column":19},"end":{"line":339,"column":1}},"line":26},"1":{"name":"(anonymous_1)","decl":{"start":{"line":40,"column":21},"end":{"line":40,"column":22}},"loc":{"start":{"line":40,"column":28},"end":{"line":42,"column":3}},"line":40},"2":{"name":"(anonymous_2)","decl":{"start":{"line":44,"column":12},"end":{"line":44,"column":13}},"loc":{"start":{"line":44,"column":18},"end":{"line":51,"column":3}},"line":44},"3":{"name":"(anonymous_3)","decl":{"start":{"line":45,"column":24},"end":{"line":45,"column":25}},"loc":{"start":{"line":45,"column":36},"end":{"line":48,"column":5}},"line":45},"4":{"name":"(anonymous_4)","decl":{"start":{"line":50,"column":15},"end":{"line":50,"column":16}},"loc":{"start":{"line":50,"column":21},"end":{"line":50,"column":38}},"line":50},"5":{"name":"(anonymous_5)","decl":{"start":{"line":54,"column":19},"end":{"line":54,"column":20}},"loc":{"start":{"line":54,"column":25},"end":{"line":56,"column":3}},"line":54},"6":{"name":"(anonymous_6)","decl":{"start":{"line":55,"column":16},"end":{"line":55,"column":17}},"loc":{"start":{"line":55,"column":31},"end":{"line":55,"column":57}},"line":55},"7":{"name":"(anonymous_7)","decl":{"start":{"line":59,"column":22},"end":{"line":59,"column":23}},"loc":{"start":{"line":59,"column":28},"end":{"line":66,"column":3}},"line":59},"8":{"name":"(anonymous_8)","decl":{"start":{"line":69,"column":24},"end":{"line":69,"column":25}},"loc":{"start":{"line":69,"column":30},"end":{"line":80,"column":3}},"line":69},"9":{"name":"(anonymous_9)","decl":{"start":{"line":73,"column":20},"end":{"line":73,"column":21}},"loc":{"start":{"line":73,"column":30},"end":{"line":75,"column":9}},"line":73},"10":{"name":"(anonymous_10)","decl":{"start":{"line":83,"column":21},"end":{"line":83,"column":22}},"loc":{"start":{"line":83,"column":27},"end":{"line":94,"column":3}},"line":83},"11":{"name":"(anonymous_11)","decl":{"start":{"line":87,"column":20},"end":{"line":87,"column":21}},"loc":{"start":{"line":88,"column":10},"end":{"line":88,"column":66}},"line":88},"12":{"name":"(anonymous_12)","decl":{"start":{"line":97,"column":23},"end":{"line":97,"column":24}},"loc":{"start":{"line":97,"column":29},"end":{"line":108,"column":3}},"line":97},"13":{"name":"(anonymous_13)","decl":{"start":{"line":101,"column":20},"end":{"line":101,"column":21}},"loc":{"start":{"line":102,"column":10},"end":{"line":102,"column":64}},"line":102},"14":{"name":"(anonymous_14)","decl":{"start":{"line":111,"column":25},"end":{"line":111,"column":26}},"loc":{"start":{"line":111,"column":31},"end":{"line":122,"column":3}},"line":111},"15":{"name":"(anonymous_15)","decl":{"start":{"line":115,"column":20},"end":{"line":115,"column":21}},"loc":{"start":{"line":116,"column":10},"end":{"line":116,"column":74}},"line":116},"16":{"name":"(anonymous_16)","decl":{"start":{"line":124,"column":23},"end":{"line":124,"column":24}},"loc":{"start":{"line":124,"column":41},"end":{"line":136,"column":3}},"line":124},"17":{"name":"(anonymous_17)","decl":{"start":{"line":130,"column":12},"end":{"line":130,"column":13}},"loc":{"start":{"line":130,"column":18},"end":{"line":132,"column":7}},"line":130},"18":{"name":"(anonymous_18)","decl":{"start":{"line":133,"column":13},"end":{"line":133,"column":14}},"loc":{"start":{"line":133,"column":24},"end":{"line":135,"column":7}},"line":133},"19":{"name":"(anonymous_19)","decl":{"start":{"line":139,"column":12},"end":{"line":139,"column":13}},"loc":{"start":{"line":139,"column":23},"end":{"line":148,"column":5}},"line":139},"20":{"name":"(anonymous_20)","decl":{"start":{"line":150,"column":9},"end":{"line":150,"column":10}},"loc":{"start":{"line":150,"column":21},"end":{"line":199,"column":5}},"line":150},"21":{"name":"(anonymous_21)","decl":{"start":{"line":327,"column":25},"end":{"line":327,"column":26}},"loc":{"start":{"line":327,"column":31},"end":{"line":327,"column":43}},"line":327}},"branchMap":{"0":{"loc":{"start":{"line":70,"column":4},"end":{"line":79,"column":5}},"type":"if","locations":[{"start":{"line":70,"column":4},"end":{"line":79,"column":5}},{"start":{"line":70,"column":4},"end":{"line":79,"column":5}}],"line":70},"1":{"loc":{"start":{"line":70,"column":8},"end":{"line":70,"column":73}},"type":"binary-expr","locations":[{"start":{"line":70,"column":8},"end":{"line":70,"column":26}},{"start":{"line":70,"column":30},"end":{"line":70,"column":47}},{"start":{"line":70,"column":51},"end":{"line":70,"column":73}}],"line":70},"2":{"loc":{"start":{"line":84,"column":4},"end":{"line":93,"column":5}},"type":"if","locations":[{"start":{"line":84,"column":4},"end":{"line":93,"column":5}},{"start":{"line":84,"column":4},"end":{"line":93,"column":5}}],"line":84},"3":{"loc":{"start":{"line":84,"column":8},"end":{"line":84,"column":74}},"type":"binary-expr","locations":[{"start":{"line":84,"column":8},"end":{"line":84,"column":27}},{"start":{"line":84,"column":31},"end":{"line":84,"column":48}},{"start":{"line":84,"column":52},"end":{"line":84,"column":74}}],"line":84},"4":{"loc":{"start":{"line":88,"column":10},"end":{"line":88,"column":66}},"type":"cond-expr","locations":[{"start":{"line":88,"column":60},"end":{"line":88,"column":61}},{"start":{"line":88,"column":64},"end":{"line":88,"column":66}}],"line":88},"5":{"loc":{"start":{"line":98,"column":4},"end":{"line":107,"column":5}},"type":"if","locations":[{"start":{"line":98,"column":4},"end":{"line":107,"column":5}},{"start":{"line":98,"column":4},"end":{"line":107,"column":5}}],"line":98},"6":{"loc":{"start":{"line":98,"column":8},"end":{"line":98,"column":75}},"type":"binary-expr","locations":[{"start":{"line":98,"column":8},"end":{"line":98,"column":27}},{"start":{"line":98,"column":31},"end":{"line":98,"column":49}},{"start":{"line":98,"column":53},"end":{"line":98,"column":75}}],"line":98},"7":{"loc":{"start":{"line":102,"column":10},"end":{"line":102,"column":64}},"type":"cond-expr","locations":[{"start":{"line":102,"column":58},"end":{"line":102,"column":59}},{"start":{"line":102,"column":62},"end":{"line":102,"column":64}}],"line":102},"8":{"loc":{"start":{"line":112,"column":4},"end":{"line":121,"column":5}},"type":"if","locations":[{"start":{"line":112,"column":4},"end":{"line":121,"column":5}},{"start":{"line":112,"column":4},"end":{"line":121,"column":5}}],"line":112},"9":{"loc":{"start":{"line":112,"column":8},"end":{"line":112,"column":70}},"type":"binary-expr","locations":[{"start":{"line":112,"column":8},"end":{"line":112,"column":27}},{"start":{"line":112,"column":31},"end":{"line":112,"column":49}},{"start":{"line":112,"column":53},"end":{"line":112,"column":70}}],"line":112},"10":{"loc":{"start":{"line":116,"column":10},"end":{"line":116,"column":74}},"type":"cond-expr","locations":[{"start":{"line":116,"column":68},"end":{"line":116,"column":69}},{"start":{"line":116,"column":72},"end":{"line":116,"column":74}}],"line":116},"11":{"loc":{"start":{"line":140,"column":6},"end":{"line":147,"column":7}},"type":"if","locations":[{"start":{"line":140,"column":6},"end":{"line":147,"column":7}},{"start":{"line":140,"column":6},"end":{"line":147,"column":7}}],"line":140},"12":{"loc":{"start":{"line":142,"column":13},"end":{"line":147,"column":7}},"type":"if","locations":[{"start":{"line":142,"column":13},"end":{"line":147,"column":7}},{"start":{"line":142,"column":13},"end":{"line":147,"column":7}}],"line":142},"13":{"loc":{"start":{"line":143,"column":8},"end":{"line":144,"column":74}},"type":"binary-expr","locations":[{"start":{"line":143,"column":8},"end":{"line":143,"column":70}},{"start":{"line":144,"column":8},"end":{"line":144,"column":74}}],"line":143},"14":{"loc":{"start":{"line":203,"column":7},"end":{"line":336,"column":7}},"type":"cond-expr","locations":[{"start":{"line":204,"column":8},"end":{"line":333,"column":15}},{"start":{"line":335,"column":8},"end":{"line":335,"column":19}}],"line":203},"15":{"loc":{"start":{"line":301,"column":15},"end":{"line":310,"column":15}},"type":"binary-expr","locations":[{"start":{"line":301,"column":15},"end":{"line":301,"column":40}},{"start":{"line":302,"column":16},"end":{"line":309,"column":25}}],"line":301}},"s":{"0":52,"1":52,"2":86,"3":86,"4":82,"5":82,"6":82,"7":82,"8":82,"9":82,"10":82,"11":82,"12":16,"13":82,"14":16,"15":16,"16":8,"17":16,"18":16,"19":8,"20":82,"21":1,"22":1,"23":82,"24":1,"25":1,"26":82,"27":0,"28":0,"29":0,"30":0,"31":0,"32":82,"33":0,"34":0,"35":0,"36":0,"37":0,"38":82,"39":0,"40":0,"41":0,"42":0,"43":0,"44":82,"45":0,"46":0,"47":0,"48":0,"49":0,"50":82,"51":0,"52":0,"53":0,"54":82,"55":3200,"56":1400,"57":1800,"58":274,"59":850,"60":850,"61":82,"62":0},"f":{"0":86,"1":16,"2":16,"3":16,"4":8,"5":1,"6":1,"7":1,"8":0,"9":0,"10":0,"11":0,"12":0,"13":0,"14":0,"15":0,"16":0,"17":0,"18":0,"19":3200,"20":850,"21":0},"b":{"0":[0,0],"1":[0,0,0],"2":[0,0],"3":[0,0,0],"4":[0,0],"5":[0,0],"6":[0,0,0],"7":[0,0],"8":[0,0],"9":[0,0,0],"10":[0,0],"11":[1400,1800],"12":[274,1526],"13":[1800,1526],"14":[48,34],"15":[48,48]},"_coverageSchema":"1a1c01bbd47fc00a2c39e90264f33305004495a9","hash":"d1ac119f1d0c45ae075e38be773697b60bfdf471"}
,"C:\\Users\\paulh\\OneDrive\\Escritorio\\Infor\\cuarto\\gpsw\\Docenta\\src\\pages\\ContentManagement.jsx": {"path":"C:\\Users\\paulh\\OneDrive\\Escritorio\\Infor\\cuarto\\gpsw\\Docenta\\src\\pages\\ContentManagement.jsx","statementMap":{"0":{"start":{"line":25,"column":19},"end":{"line":25,"column":59}},"1":{"start":{"line":26,"column":22},"end":{"line":26,"column":67}},"2":{"start":{"line":29,"column":25},"end":{"line":29,"column":27}},"3":{"start":{"line":30,"column":30},"end":{"line":30,"column":42}},"4":{"start":{"line":31,"column":28},"end":{"line":31,"column":40}},"5":{"start":{"line":32,"column":32},"end":{"line":32,"column":46}},"6":{"start":{"line":33,"column":34},"end":{"line":33,"column":58}},"7":{"start":{"line":34,"column":28},"end":{"line":34,"column":47}},"8":{"start":{"line":36,"column":19},"end":{"line":36,"column":32}},"9":{"start":{"line":38,"column":23},"end":{"line":38,"column":57}},"10":{"start":{"line":39,"column":20},"end":{"line":39,"column":54}},"11":{"start":{"line":42,"column":21},"end":{"line":44,"column":3}},"12":{"start":{"line":43,"column":4},"end":{"line":43,"column":29}},"13":{"start":{"line":46,"column":22},"end":{"line":49,"column":3}},"14":{"start":{"line":47,"column":21},"end":{"line":47,"column":48}},"15":{"start":{"line":48,"column":4},"end":{"line":48,"column":20}},"16":{"start":{"line":51,"column":2},"end":{"line":54,"column":9}},"17":{"start":{"line":52,"column":4},"end":{"line":52,"column":18}},"18":{"start":{"line":53,"column":4},"end":{"line":53,"column":46}},"19":{"start":{"line":53,"column":21},"end":{"line":53,"column":38}},"20":{"start":{"line":57,"column":19},"end":{"line":59,"column":3}},"21":{"start":{"line":58,"column":4},"end":{"line":58,"column":59}},"22":{"start":{"line":58,"column":31},"end":{"line":58,"column":57}},"23":{"start":{"line":62,"column":22},"end":{"line":69,"column":3}},"24":{"start":{"line":63,"column":20},"end":{"line":63,"column":56}},"25":{"start":{"line":64,"column":4},"end":{"line":68,"column":7}},"26":{"start":{"line":72,"column":24},"end":{"line":83,"column":3}},"27":{"start":{"line":73,"column":4},"end":{"line":82,"column":5}},"28":{"start":{"line":74,"column":6},"end":{"line":74,"column":26}},"29":{"start":{"line":75,"column":6},"end":{"line":79,"column":8}},"30":{"start":{"line":77,"column":10},"end":{"line":77,"column":29}},"31":{"start":{"line":81,"column":6},"end":{"line":81,"column":20}},"32":{"start":{"line":86,"column":21},"end":{"line":97,"column":3}},"33":{"start":{"line":87,"column":4},"end":{"line":96,"column":5}},"34":{"start":{"line":88,"column":6},"end":{"line":88,"column":25}},"35":{"start":{"line":89,"column":6},"end":{"line":93,"column":8}},"36":{"start":{"line":91,"column":10},"end":{"line":91,"column":66}},"37":{"start":{"line":95,"column":6},"end":{"line":95,"column":20}},"38":{"start":{"line":100,"column":23},"end":{"line":111,"column":3}},"39":{"start":{"line":101,"column":4},"end":{"line":110,"column":5}},"40":{"start":{"line":102,"column":6},"end":{"line":102,"column":24}},"41":{"start":{"line":103,"column":6},"end":{"line":107,"column":8}},"42":{"start":{"line":105,"column":10},"end":{"line":105,"column":64}},"43":{"start":{"line":109,"column":6},"end":{"line":109,"column":20}},"44":{"start":{"line":114,"column":25},"end":{"line":125,"column":3}},"45":{"start":{"line":115,"column":4},"end":{"line":124,"column":5}},"46":{"start":{"line":116,"column":6},"end":{"line":116,"column":29}},"47":{"start":{"line":117,"column":6},"end":{"line":121,"column":8}},"48":{"start":{"line":119,"column":10},"end":{"line":119,"column":74}},"49":{"start":{"line":123,"column":6},"end":{"line":123,"column":20}},"50":{"start":{"line":127,"column":26},"end":{"line":129,"column":3}},"51":{"start":{"line":128,"column":4},"end":{"line":128,"column":43}},"52":{"start":{"line":131,"column":26},"end":{"line":154,"column":3}},"53":{"start":{"line":132,"column":4},"end":{"line":153,"column":7}},"54":{"start":{"line":142,"column":6},"end":{"line":152,"column":7}},"55":{"start":{"line":143,"column":8},"end":{"line":143,"column":48}},"56":{"start":{"line":144,"column":8},"end":{"line":151,"column":11}},"57":{"start":{"line":150,"column":10},"end":{"line":150,"column":24}},"58":{"start":{"line":156,"column":25},"end":{"line":216,"column":6}},"59":{"start":{"line":158,"column":6},"end":{"line":165,"column":7}},"60":{"start":{"line":159,"column":8},"end":{"line":159,"column":21}},"61":{"start":{"line":160,"column":13},"end":{"line":165,"column":7}},"62":{"start":{"line":164,"column":8},"end":{"line":164,"column":21}},"63":{"start":{"line":178,"column":10},"end":{"line":178,"column":16}},"64":{"start":{"line":180,"column":6},"end":{"line":215,"column":8}},"65":{"start":{"line":208,"column":31},"end":{"line":208,"column":54}},"66":{"start":{"line":218,"column":2},"end":{"line":358,"column":4}},"67":{"start":{"line":326,"column":33},"end":{"line":326,"column":56}}},"fnMap":{"0":{"name":"ContentManagement","decl":{"start":{"line":28,"column":9},"end":{"line":28,"column":26}},"loc":{"start":{"line":28,"column":29},"end":{"line":359,"column":1}},"line":28},"1":{"name":"(anonymous_1)","decl":{"start":{"line":42,"column":21},"end":{"line":42,"column":22}},"loc":{"start":{"line":42,"column":28},"end":{"line":44,"column":3}},"line":42},"2":{"name":"(anonymous_2)","decl":{"start":{"line":46,"column":22},"end":{"line":46,"column":23}},"loc":{"start":{"line":46,"column":34},"end":{"line":49,"column":3}},"line":46},"3":{"name":"(anonymous_3)","decl":{"start":{"line":51,"column":12},"end":{"line":51,"column":13}},"loc":{"start":{"line":51,"column":18},"end":{"line":54,"column":3}},"line":51},"4":{"name":"(anonymous_4)","decl":{"start":{"line":53,"column":15},"end":{"line":53,"column":16}},"loc":{"start":{"line":53,"column":21},"end":{"line":53,"column":38}},"line":53},"5":{"name":"(anonymous_5)","decl":{"start":{"line":57,"column":19},"end":{"line":57,"column":20}},"loc":{"start":{"line":57,"column":25},"end":{"line":59,"column":3}},"line":57},"6":{"name":"(anonymous_6)","decl":{"start":{"line":58,"column":16},"end":{"line":58,"column":17}},"loc":{"start":{"line":58,"column":31},"end":{"line":58,"column":57}},"line":58},"7":{"name":"(anonymous_7)","decl":{"start":{"line":62,"column":22},"end":{"line":62,"column":23}},"loc":{"start":{"line":62,"column":28},"end":{"line":69,"column":3}},"line":62},"8":{"name":"(anonymous_8)","decl":{"start":{"line":72,"column":24},"end":{"line":72,"column":25}},"loc":{"start":{"line":72,"column":30},"end":{"line":83,"column":3}},"line":72},"9":{"name":"(anonymous_9)","decl":{"start":{"line":76,"column":20},"end":{"line":76,"column":21}},"loc":{"start":{"line":76,"column":30},"end":{"line":78,"column":9}},"line":76},"10":{"name":"(anonymous_10)","decl":{"start":{"line":86,"column":21},"end":{"line":86,"column":22}},"loc":{"start":{"line":86,"column":27},"end":{"line":97,"column":3}},"line":86},"11":{"name":"(anonymous_11)","decl":{"start":{"line":90,"column":20},"end":{"line":90,"column":21}},"loc":{"start":{"line":91,"column":10},"end":{"line":91,"column":66}},"line":91},"12":{"name":"(anonymous_12)","decl":{"start":{"line":100,"column":23},"end":{"line":100,"column":24}},"loc":{"start":{"line":100,"column":29},"end":{"line":111,"column":3}},"line":100},"13":{"name":"(anonymous_13)","decl":{"start":{"line":104,"column":20},"end":{"line":104,"column":21}},"loc":{"start":{"line":105,"column":10},"end":{"line":105,"column":64}},"line":105},"14":{"name":"(anonymous_14)","decl":{"start":{"line":114,"column":25},"end":{"line":114,"column":26}},"loc":{"start":{"line":114,"column":31},"end":{"line":125,"column":3}},"line":114},"15":{"name":"(anonymous_15)","decl":{"start":{"line":118,"column":20},"end":{"line":118,"column":21}},"loc":{"start":{"line":119,"column":10},"end":{"line":119,"column":74}},"line":119},"16":{"name":"(anonymous_16)","decl":{"start":{"line":127,"column":26},"end":{"line":127,"column":27}},"loc":{"start":{"line":127,"column":32},"end":{"line":129,"column":3}},"line":127},"17":{"name":"(anonymous_17)","decl":{"start":{"line":131,"column":26},"end":{"line":131,"column":27}},"loc":{"start":{"line":131,"column":44},"end":{"line":154,"column":3}},"line":131},"18":{"name":"(anonymous_18)","decl":{"start":{"line":141,"column":12},"end":{"line":141,"column":13}},"loc":{"start":{"line":141,"column":24},"end":{"line":153,"column":5}},"line":141},"19":{"name":"(anonymous_19)","decl":{"start":{"line":149,"column":16},"end":{"line":149,"column":17}},"loc":{"start":{"line":149,"column":22},"end":{"line":151,"column":9}},"line":149},"20":{"name":"(anonymous_20)","decl":{"start":{"line":157,"column":12},"end":{"line":157,"column":13}},"loc":{"start":{"line":157,"column":23},"end":{"line":166,"column":5}},"line":157},"21":{"name":"(anonymous_21)","decl":{"start":{"line":168,"column":9},"end":{"line":168,"column":10}},"loc":{"start":{"line":168,"column":21},"end":{"line":216,"column":5}},"line":168},"22":{"name":"(anonymous_22)","decl":{"start":{"line":208,"column":25},"end":{"line":208,"column":26}},"loc":{"start":{"line":208,"column":31},"end":{"line":208,"column":54}},"line":208},"23":{"name":"(anonymous_23)","decl":{"start":{"line":326,"column":27},"end":{"line":326,"column":28}},"loc":{"start":{"line":326,"column":33},"end":{"line":326,"column":56}},"line":326}},"branchMap":{"0":{"loc":{"start":{"line":73,"column":4},"end":{"line":82,"column":5}},"type":"if","locations":[{"start":{"line":73,"column":4},"end":{"line":82,"column":5}},{"start":{"line":73,"column":4},"end":{"line":82,"column":5}}],"line":73},"1":{"loc":{"start":{"line":73,"column":8},"end":{"line":73,"column":73}},"type":"binary-expr","locations":[{"start":{"line":73,"column":8},"end":{"line":73,"column":26}},{"start":{"line":73,"column":30},"end":{"line":73,"column":47}},{"start":{"line":73,"column":51},"end":{"line":73,"column":73}}],"line":73},"2":{"loc":{"start":{"line":87,"column":4},"end":{"line":96,"column":5}},"type":"if","locations":[{"start":{"line":87,"column":4},"end":{"line":96,"column":5}},{"start":{"line":87,"column":4},"end":{"line":96,"column":5}}],"line":87},"3":{"loc":{"start":{"line":87,"column":8},"end":{"line":87,"column":74}},"type":"binary-expr","locations":[{"start":{"line":87,"column":8},"end":{"line":87,"column":27}},{"start":{"line":87,"column":31},"end":{"line":87,"column":48}},{"start":{"line":87,"column":52},"end":{"line":87,"column":74}}],"line":87},"4":{"loc":{"start":{"line":91,"column":10},"end":{"line":91,"column":66}},"type":"cond-expr","locations":[{"start":{"line":91,"column":60},"end":{"line":91,"column":61}},{"start":{"line":91,"column":64},"end":{"line":91,"column":66}}],"line":91},"5":{"loc":{"start":{"line":101,"column":4},"end":{"line":110,"column":5}},"type":"if","locations":[{"start":{"line":101,"column":4},"end":{"line":110,"column":5}},{"start":{"line":101,"column":4},"end":{"line":110,"column":5}}],"line":101},"6":{"loc":{"start":{"line":101,"column":8},"end":{"line":101,"column":75}},"type":"binary-expr","locations":[{"start":{"line":101,"column":8},"end":{"line":101,"column":27}},{"start":{"line":101,"column":31},"end":{"line":101,"column":49}},{"start":{"line":101,"column":53},"end":{"line":101,"column":75}}],"line":101},"7":{"loc":{"start":{"line":105,"column":10},"end":{"line":105,"column":64}},"type":"cond-expr","locations":[{"start":{"line":105,"column":58},"end":{"line":105,"column":59}},{"start":{"line":105,"column":62},"end":{"line":105,"column":64}}],"line":105},"8":{"loc":{"start":{"line":115,"column":4},"end":{"line":124,"column":5}},"type":"if","locations":[{"start":{"line":115,"column":4},"end":{"line":124,"column":5}},{"start":{"line":115,"column":4},"end":{"line":124,"column":5}}],"line":115},"9":{"loc":{"start":{"line":115,"column":8},"end":{"line":115,"column":70}},"type":"binary-expr","locations":[{"start":{"line":115,"column":8},"end":{"line":115,"column":27}},{"start":{"line":115,"column":31},"end":{"line":115,"column":49}},{"start":{"line":115,"column":53},"end":{"line":115,"column":70}}],"line":115},"10":{"loc":{"start":{"line":119,"column":10},"end":{"line":119,"column":74}},"type":"cond-expr","locations":[{"start":{"line":119,"column":68},"end":{"line":119,"column":69}},{"start":{"line":119,"column":72},"end":{"line":119,"column":74}}],"line":119},"11":{"loc":{"start":{"line":142,"column":6},"end":{"line":152,"column":7}},"type":"if","locations":[{"start":{"line":142,"column":6},"end":{"line":152,"column":7}},{"start":{"line":142,"column":6},"end":{"line":152,"column":7}}],"line":142},"12":{"loc":{"start":{"line":158,"column":6},"end":{"line":165,"column":7}},"type":"if","locations":[{"start":{"line":158,"column":6},"end":{"line":165,"column":7}},{"start":{"line":158,"column":6},"end":{"line":165,"column":7}}],"line":158},"13":{"loc":{"start":{"line":160,"column":13},"end":{"line":165,"column":7}},"type":"if","locations":[{"start":{"line":160,"column":13},"end":{"line":165,"column":7}},{"start":{"line":160,"column":13},"end":{"line":165,"column":7}}],"line":160},"14":{"loc":{"start":{"line":161,"column":8},"end":{"line":162,"column":74}},"type":"binary-expr","locations":[{"start":{"line":161,"column":8},"end":{"line":161,"column":70}},{"start":{"line":162,"column":8},"end":{"line":162,"column":74}}],"line":161},"15":{"loc":{"start":{"line":220,"column":7},"end":{"line":356,"column":7}},"type":"cond-expr","locations":[{"start":{"line":221,"column":8},"end":{"line":353,"column":15}},{"start":{"line":355,"column":8},"end":{"line":355,"column":19}}],"line":220},"16":{"loc":{"start":{"line":332,"column":17},"end":{"line":340,"column":17}},"type":"binary-expr","locations":[{"start":{"line":332,"column":17},"end":{"line":332,"column":42}},{"start":{"line":333,"column":18},"end":{"line":339,"column":27}}],"line":332}},"s":{"0":52,"1":52,"2":67,"3":67,"4":62,"5":62,"6":62,"7":62,"8":62,"9":62,"10":62,"11":62,"12":9,"13":62,"14":10,"15":10,"16":62,"17":10,"18":10,"19":10,"20":62,"21":0,"22":0,"23":62,"24":0,"25":0,"26":62,"27":0,"28":0,"29":0,"30":0,"31":0,"32":62,"33":0,"34":0,"35":0,"36":0,"37":0,"38":62,"39":0,"40":0,"41":0,"42":0,"43":0,"44":62,"45":0,"46":0,"47":0,"48":0,"49":0,"50":62,"51":3,"52":62,"53":1,"54":1,"55":1,"56":1,"57":0,"58":62,"59":2532,"60":1512,"61":1020,"62":176,"63":728,"64":728,"65":1,"66":62,"67":1},"f":{"0":67,"1":9,"2":10,"3":10,"4":10,"5":0,"6":0,"7":0,"8":0,"9":0,"10":0,"11":0,"12":0,"13":0,"14":0,"15":0,"16":3,"17":1,"18":1,"19":0,"20":2532,"21":728,"22":1,"23":1},"b":{"0":[0,0],"1":[0,0,0],"2":[0,0],"3":[0,0,0],"4":[0,0],"5":[0,0],"6":[0,0,0],"7":[0,0],"8":[0,0],"9":[0,0,0],"10":[0,0],"11":[1,0],"12":[1512,1020],"13":[176,844],"14":[1020,844],"15":[30,32],"16":[30,30]},"_coverageSchema":"1a1c01bbd47fc00a2c39e90264f33305004495a9","hash":"4490e44f60ecfadfd30688ee22f9e5577f175976"}
,"C:\\Users\\paulh\\OneDrive\\Escritorio\\Infor\\cuarto\\gpsw\\Docenta\\src\\pages\\Course.jsx": {"path":"C:\\Users\\paulh\\OneDrive\\Escritorio\\Infor\\cuarto\\gpsw\\Docenta\\src\\pages\\Course.jsx","statementMap":{"0":{"start":{"line":12,"column":19},"end":{"line":12,"column":60}},"1":{"start":{"line":13,"column":25},"end":{"line":13,"column":71}},"2":{"start":{"line":14,"column":22},"end":{"line":14,"column":65}},"3":{"start":{"line":17,"column":17},"end":{"line":17,"column":28}},"4":{"start":{"line":18,"column":19},"end":{"line":18,"column":32}},"5":{"start":{"line":20,"column":23},"end":{"line":20,"column":57}},"6":{"start":{"line":21,"column":20},"end":{"line":21,"column":54}},"7":{"start":{"line":23,"column":30},"end":{"line":23,"column":42}},"8":{"start":{"line":24,"column":36},"end":{"line":24,"column":48}},"9":{"start":{"line":26,"column":26},"end":{"line":26,"column":38}},"10":{"start":{"line":27,"column":30},"end":{"line":27,"column":42}},"11":{"start":{"line":28,"column":34},"end":{"line":28,"column":46}},"12":{"start":{"line":29,"column":40},"end":{"line":29,"column":52}},"13":{"start":{"line":30,"column":34},"end":{"line":30,"column":46}},"14":{"start":{"line":31,"column":28},"end":{"line":31,"column":40}},"15":{"start":{"line":32,"column":26},"end":{"line":32,"column":38}},"16":{"start":{"line":33,"column":34},"end":{"line":33,"column":46}},"17":{"start":{"line":35,"column":22},"end":{"line":45,"column":3}},"18":{"start":{"line":36,"column":21},"end":{"line":36,"column":53}},"19":{"start":{"line":37,"column":4},"end":{"line":37,"column":20}},"20":{"start":{"line":38,"column":4},"end":{"line":38,"column":28}},"21":{"start":{"line":39,"column":4},"end":{"line":39,"column":40}},"22":{"start":{"line":40,"column":4},"end":{"line":40,"column":35}},"23":{"start":{"line":41,"column":4},"end":{"line":41,"column":29}},"24":{"start":{"line":42,"column":4},"end":{"line":42,"column":36}},"25":{"start":{"line":43,"column":4},"end":{"line":43,"column":29}},"26":{"start":{"line":44,"column":4},"end":{"line":44,"column":28}},"27":{"start":{"line":47,"column":2},"end":{"line":50,"column":9}},"28":{"start":{"line":48,"column":4},"end":{"line":48,"column":18}},"29":{"start":{"line":52,"column":23},"end":{"line":71,"column":3}},"30":{"start":{"line":53,"column":4},"end":{"line":70,"column":9}},"31":{"start":{"line":59,"column":8},"end":{"line":69,"column":9}},"32":{"start":{"line":60,"column":10},"end":{"line":68,"column":13}},"33":{"start":{"line":67,"column":12},"end":{"line":67,"column":48}},"34":{"start":{"line":73,"column":19},"end":{"line":75,"column":3}},"35":{"start":{"line":74,"column":4},"end":{"line":74,"column":27}},"36":{"start":{"line":77,"column":2},"end":{"line":138,"column":4}},"37":{"start":{"line":130,"column":29},"end":{"line":130,"column":41}}},"fnMap":{"0":{"name":"Course","decl":{"start":{"line":16,"column":9},"end":{"line":16,"column":15}},"loc":{"start":{"line":16,"column":18},"end":{"line":139,"column":1}},"line":16},"1":{"name":"(anonymous_1)","decl":{"start":{"line":35,"column":22},"end":{"line":35,"column":23}},"loc":{"start":{"line":35,"column":34},"end":{"line":45,"column":3}},"line":35},"2":{"name":"(anonymous_2)","decl":{"start":{"line":47,"column":12},"end":{"line":47,"column":13}},"loc":{"start":{"line":47,"column":18},"end":{"line":50,"column":3}},"line":47},"3":{"name":"(anonymous_3)","decl":{"start":{"line":52,"column":23},"end":{"line":52,"column":24}},"loc":{"start":{"line":52,"column":35},"end":{"line":71,"column":3}},"line":52},"4":{"name":"(anonymous_4)","decl":{"start":{"line":58,"column":12},"end":{"line":58,"column":13}},"loc":{"start":{"line":58,"column":26},"end":{"line":70,"column":7}},"line":58},"5":{"name":"(anonymous_5)","decl":{"start":{"line":66,"column":18},"end":{"line":66,"column":19}},"loc":{"start":{"line":66,"column":24},"end":{"line":68,"column":11}},"line":66},"6":{"name":"(anonymous_6)","decl":{"start":{"line":73,"column":19},"end":{"line":73,"column":20}},"loc":{"start":{"line":73,"column":25},"end":{"line":75,"column":3}},"line":73},"7":{"name":"(anonymous_7)","decl":{"start":{"line":130,"column":23},"end":{"line":130,"column":24}},"loc":{"start":{"line":130,"column":29},"end":{"line":130,"column":41}},"line":130}},"branchMap":{"0":{"loc":{"start":{"line":59,"column":8},"end":{"line":69,"column":9}},"type":"if","locations":[{"start":{"line":59,"column":8},"end":{"line":69,"column":9}},{"start":{"line":59,"column":8},"end":{"line":69,"column":9}}],"line":59}},"s":{"0":52,"1":52,"2":52,"3":12,"4":12,"5":12,"6":12,"7":12,"8":12,"9":12,"10":12,"11":12,"12":12,"13":12,"14":12,"15":12,"16":12,"17":12,"18":4,"19":4,"20":4,"21":4,"22":4,"23":4,"24":4,"25":4,"26":4,"27":12,"28":4,"29":12,"30":1,"31":1,"32":1,"33":0,"34":12,"35":1,"36":12,"37":0},"f":{"0":12,"1":4,"2":4,"3":1,"4":1,"5":0,"6":1,"7":0},"b":{"0":[1,0]},"_coverageSchema":"1a1c01bbd47fc00a2c39e90264f33305004495a9","hash":"f760fdda2e018c6ad2e2212e3c1bd5500aa03e9e"}
,"C:\\Users\\paulh\\OneDrive\\Escritorio\\Infor\\cuarto\\gpsw\\Docenta\\src\\pages\\Dashboard.jsx": {"path":"C:\\Users\\paulh\\OneDrive\\Escritorio\\Infor\\cuarto\\gpsw\\Docenta\\src\\pages\\Dashboard.jsx","statementMap":{"0":{"start":{"line":12,"column":0},"end":{"line":12,"column":46}},"1":{"start":{"line":15,"column":17},"end":{"line":15,"column":56}},"2":{"start":{"line":16,"column":19},"end":{"line":16,"column":60}},"3":{"start":{"line":17,"column":23},"end":{"line":17,"column":68}},"4":{"start":{"line":18,"column":24},"end":{"line":18,"column":70}},"5":{"start":{"line":21,"column":19},"end":{"line":21,"column":32}},"6":{"start":{"line":23,"column":32},"end":{"line":23,"column":46}},"7":{"start":{"line":24,"column":48},"end":{"line":24,"column":60}},"8":{"start":{"line":25,"column":26},"end":{"line":25,"column":38}},"9":{"start":{"line":26,"column":36},"end":{"line":26,"column":48}},"10":{"start":{"line":27,"column":32},"end":{"line":27,"column":44}},"11":{"start":{"line":28,"column":38},"end":{"line":28,"column":50}},"12":{"start":{"line":29,"column":34},"end":{"line":29,"column":46}},"13":{"start":{"line":30,"column":30},"end":{"line":30,"column":41}},"14":{"start":{"line":31,"column":34},"end":{"line":31,"column":45}},"15":{"start":{"line":33,"column":21},"end":{"line":45,"column":3}},"16":{"start":{"line":34,"column":21},"end":{"line":34,"column":46}},"17":{"start":{"line":35,"column":4},"end":{"line":35,"column":18}},"18":{"start":{"line":37,"column":16},"end":{"line":37,"column":27}},"19":{"start":{"line":39,"column":16},"end":{"line":39,"column":70}},"20":{"start":{"line":39,"column":38},"end":{"line":39,"column":62}},"21":{"start":{"line":41,"column":18},"end":{"line":41,"column":71}},"22":{"start":{"line":41,"column":40},"end":{"line":41,"column":63}},"23":{"start":{"line":42,"column":4},"end":{"line":42,"column":21}},"24":{"start":{"line":43,"column":4},"end":{"line":43,"column":19}},"25":{"start":{"line":44,"column":4},"end":{"line":44,"column":23}},"26":{"start":{"line":47,"column":28},"end":{"line":50,"column":3}},"27":{"start":{"line":48,"column":21},"end":{"line":48,"column":53}},"28":{"start":{"line":49,"column":4},"end":{"line":49,"column":23}},"29":{"start":{"line":52,"column":27},"end":{"line":76,"column":3}},"30":{"start":{"line":53,"column":21},"end":{"line":53,"column":23}},"31":{"start":{"line":54,"column":24},"end":{"line":54,"column":26}},"32":{"start":{"line":56,"column":4},"end":{"line":62,"column":58}},"33":{"start":{"line":59,"column":8},"end":{"line":59,"column":35}},"34":{"start":{"line":60,"column":8},"end":{"line":60,"column":34}},"35":{"start":{"line":62,"column":24},"end":{"line":62,"column":56}},"36":{"start":{"line":64,"column":4},"end":{"line":70,"column":58}},"37":{"start":{"line":67,"column":8},"end":{"line":67,"column":38}},"38":{"start":{"line":68,"column":8},"end":{"line":68,"column":37}},"39":{"start":{"line":70,"column":24},"end":{"line":70,"column":56}},"40":{"start":{"line":72,"column":21},"end":{"line":74,"column":5}},"41":{"start":{"line":73,"column":6},"end":{"line":73,"column":49}},"42":{"start":{"line":73,"column":33},"end":{"line":73,"column":48}},"43":{"start":{"line":75,"column":4},"end":{"line":75,"column":33}},"44":{"start":{"line":78,"column":2},"end":{"line":83,"column":9}},"45":{"start":{"line":79,"column":4},"end":{"line":79,"column":23}},"46":{"start":{"line":80,"column":4},"end":{"line":80,"column":24}},"47":{"start":{"line":81,"column":4},"end":{"line":81,"column":17}},"48":{"start":{"line":82,"column":4},"end":{"line":82,"column":45}},"49":{"start":{"line":82,"column":21},"end":{"line":82,"column":38}},"50":{"start":{"line":85,"column":27},"end":{"line":93,"column":4}},"51":{"start":{"line":88,"column":4},"end":{"line":92,"column":6}},"52":{"start":{"line":95,"column":28},"end":{"line":103,"column":4}},"53":{"start":{"line":98,"column":4},"end":{"line":102,"column":6}},"54":{"start":{"line":105,"column":2},"end":{"line":204,"column":4}},"55":{"start":{"line":193,"column":31},"end":{"line":193,"column":54}}},"fnMap":{"0":{"name":"Dashboard","decl":{"start":{"line":20,"column":9},"end":{"line":20,"column":18}},"loc":{"start":{"line":20,"column":21},"end":{"line":205,"column":1}},"line":20},"1":{"name":"(anonymous_1)","decl":{"start":{"line":33,"column":21},"end":{"line":33,"column":22}},"loc":{"start":{"line":33,"column":33},"end":{"line":45,"column":3}},"line":33},"2":{"name":"(anonymous_2)","decl":{"start":{"line":39,"column":28},"end":{"line":39,"column":29}},"loc":{"start":{"line":39,"column":38},"end":{"line":39,"column":62}},"line":39},"3":{"name":"(anonymous_3)","decl":{"start":{"line":41,"column":30},"end":{"line":41,"column":31}},"loc":{"start":{"line":41,"column":40},"end":{"line":41,"column":63}},"line":41},"4":{"name":"(anonymous_4)","decl":{"start":{"line":47,"column":28},"end":{"line":47,"column":29}},"loc":{"start":{"line":47,"column":40},"end":{"line":50,"column":3}},"line":47},"5":{"name":"(anonymous_5)","decl":{"start":{"line":52,"column":27},"end":{"line":52,"column":28}},"loc":{"start":{"line":52,"column":39},"end":{"line":76,"column":3}},"line":52},"6":{"name":"(anonymous_6)","decl":{"start":{"line":58,"column":12},"end":{"line":58,"column":13}},"loc":{"start":{"line":58,"column":26},"end":{"line":61,"column":7}},"line":58},"7":{"name":"(anonymous_7)","decl":{"start":{"line":62,"column":13},"end":{"line":62,"column":14}},"loc":{"start":{"line":62,"column":24},"end":{"line":62,"column":56}},"line":62},"8":{"name":"(anonymous_8)","decl":{"start":{"line":66,"column":12},"end":{"line":66,"column":13}},"loc":{"start":{"line":66,"column":26},"end":{"line":69,"column":7}},"line":66},"9":{"name":"(anonymous_9)","decl":{"start":{"line":70,"column":13},"end":{"line":70,"column":14}},"loc":{"start":{"line":70,"column":24},"end":{"line":70,"column":56}},"line":70},"10":{"name":"(anonymous_10)","decl":{"start":{"line":72,"column":39},"end":{"line":72,"column":40}},"loc":{"start":{"line":73,"column":6},"end":{"line":73,"column":49}},"line":73},"11":{"name":"(anonymous_11)","decl":{"start":{"line":73,"column":25},"end":{"line":73,"column":26}},"loc":{"start":{"line":73,"column":33},"end":{"line":73,"column":48}},"line":73},"12":{"name":"(anonymous_12)","decl":{"start":{"line":78,"column":12},"end":{"line":78,"column":13}},"loc":{"start":{"line":78,"column":18},"end":{"line":83,"column":3}},"line":78},"13":{"name":"(anonymous_13)","decl":{"start":{"line":82,"column":15},"end":{"line":82,"column":16}},"loc":{"start":{"line":82,"column":21},"end":{"line":82,"column":38}},"line":82},"14":{"name":"(anonymous_14)","decl":{"start":{"line":85,"column":41},"end":{"line":85,"column":42}},"loc":{"start":{"line":85,"column":58},"end":{"line":93,"column":3}},"line":85},"15":{"name":"(anonymous_15)","decl":{"start":{"line":95,"column":48},"end":{"line":95,"column":49}},"loc":{"start":{"line":95,"column":65},"end":{"line":103,"column":3}},"line":95},"16":{"name":"(anonymous_16)","decl":{"start":{"line":193,"column":25},"end":{"line":193,"column":26}},"loc":{"start":{"line":193,"column":31},"end":{"line":193,"column":54}},"line":193}},"branchMap":{"0":{"loc":{"start":{"line":107,"column":7},"end":{"line":202,"column":7}},"type":"cond-expr","locations":[{"start":{"line":108,"column":8},"end":{"line":199,"column":15}},{"start":{"line":201,"column":8},"end":{"line":201,"column":19}}],"line":107}},"s":{"0":52,"1":52,"2":52,"3":52,"4":52,"5":14,"6":14,"7":14,"8":14,"9":14,"10":14,"11":14,"12":14,"13":14,"14":14,"15":14,"16":2,"17":2,"18":2,"19":2,"20":12,"21":2,"22":12,"23":2,"24":2,"25":2,"26":14,"27":2,"28":2,"29":14,"30":2,"31":2,"32":2,"33":2,"34":2,"35":0,"36":2,"37":2,"38":2,"39":0,"40":2,"41":100,"42":294,"43":2,"44":14,"45":2,"46":2,"47":2,"48":2,"49":2,"50":14,"51":36,"52":14,"53":18,"54":14,"55":1},"f":{"0":14,"1":2,"2":12,"3":12,"4":2,"5":2,"6":2,"7":0,"8":2,"9":0,"10":100,"11":294,"12":2,"13":2,"14":36,"15":18,"16":1},"b":{"0":[4,10]},"_coverageSchema":"1a1c01bbd47fc00a2c39e90264f33305004495a9","hash":"ffc7baabc88b2d769e38700a3e4b9ce218c100f8"}
,"C:\\Users\\paulh\\OneDrive\\Escritorio\\Infor\\cuarto\\gpsw\\Docenta\\src\\pages\\FavCourse.jsx": {"path":"C:\\Users\\paulh\\OneDrive\\Escritorio\\Infor\\cuarto\\gpsw\\Docenta\\src\\pages\\FavCourse.jsx","statementMap":{"0":{"start":{"line":13,"column":19},"end":{"line":13,"column":60}},"1":{"start":{"line":14,"column":24},"end":{"line":14,"column":73}},"2":{"start":{"line":15,"column":22},"end":{"line":15,"column":65}},"3":{"start":{"line":16,"column":24},"end":{"line":16,"column":70}},"4":{"start":{"line":19,"column":17},"end":{"line":19,"column":28}},"5":{"start":{"line":20,"column":19},"end":{"line":20,"column":32}},"6":{"start":{"line":22,"column":23},"end":{"line":22,"column":57}},"7":{"start":{"line":24,"column":30},"end":{"line":24,"column":45}},"8":{"start":{"line":25,"column":30},"end":{"line":25,"column":42}},"9":{"start":{"line":26,"column":36},"end":{"line":26,"column":48}},"10":{"start":{"line":28,"column":26},"end":{"line":28,"column":38}},"11":{"start":{"line":29,"column":30},"end":{"line":29,"column":42}},"12":{"start":{"line":30,"column":34},"end":{"line":30,"column":46}},"13":{"start":{"line":31,"column":40},"end":{"line":31,"column":52}},"14":{"start":{"line":32,"column":34},"end":{"line":32,"column":46}},"15":{"start":{"line":33,"column":28},"end":{"line":33,"column":40}},"16":{"start":{"line":34,"column":26},"end":{"line":34,"column":38}},"17":{"start":{"line":35,"column":34},"end":{"line":35,"column":46}},"18":{"start":{"line":37,"column":22},"end":{"line":47,"column":3}},"19":{"start":{"line":38,"column":21},"end":{"line":38,"column":53}},"20":{"start":{"line":39,"column":4},"end":{"line":39,"column":20}},"21":{"start":{"line":40,"column":4},"end":{"line":40,"column":28}},"22":{"start":{"line":41,"column":4},"end":{"line":41,"column":40}},"23":{"start":{"line":42,"column":4},"end":{"line":42,"column":35}},"24":{"start":{"line":43,"column":4},"end":{"line":43,"column":29}},"25":{"start":{"line":44,"column":4},"end":{"line":44,"column":36}},"26":{"start":{"line":45,"column":4},"end":{"line":45,"column":29}},"27":{"start":{"line":46,"column":4},"end":{"line":46,"column":28}},"28":{"start":{"line":49,"column":25},"end":{"line":53,"column":3}},"29":{"start":{"line":50,"column":21},"end":{"line":50,"column":77}},"30":{"start":{"line":51,"column":4},"end":{"line":51,"column":23}},"31":{"start":{"line":52,"column":4},"end":{"line":52,"column":34}},"32":{"start":{"line":55,"column":2},"end":{"line":59,"column":9}},"33":{"start":{"line":56,"column":4},"end":{"line":56,"column":21}},"34":{"start":{"line":57,"column":4},"end":{"line":57,"column":18}},"35":{"start":{"line":61,"column":23},"end":{"line":84,"column":3}},"36":{"start":{"line":62,"column":4},"end":{"line":83,"column":7}},"37":{"start":{"line":72,"column":6},"end":{"line":82,"column":7}},"38":{"start":{"line":73,"column":8},"end":{"line":73,"column":64}},"39":{"start":{"line":74,"column":8},"end":{"line":81,"column":11}},"40":{"start":{"line":80,"column":10},"end":{"line":80,"column":48}},"41":{"start":{"line":87,"column":25},"end":{"line":104,"column":3}},"42":{"start":{"line":88,"column":4},"end":{"line":103,"column":9}},"43":{"start":{"line":93,"column":8},"end":{"line":102,"column":9}},"44":{"start":{"line":94,"column":10},"end":{"line":100,"column":13}},"45":{"start":{"line":101,"column":10},"end":{"line":101,"column":27}},"46":{"start":{"line":106,"column":19},"end":{"line":108,"column":3}},"47":{"start":{"line":107,"column":4},"end":{"line":107,"column":27}},"48":{"start":{"line":110,"column":2},"end":{"line":219,"column":4}},"49":{"start":{"line":122,"column":31},"end":{"line":122,"column":51}},"50":{"start":{"line":157,"column":33},"end":{"line":157,"column":49}},"51":{"start":{"line":173,"column":48},"end":{"line":173,"column":73}},"52":{"start":{"line":191,"column":35},"end":{"line":191,"column":50}},"53":{"start":{"line":211,"column":29},"end":{"line":211,"column":41}}},"fnMap":{"0":{"name":"FavCourse","decl":{"start":{"line":18,"column":9},"end":{"line":18,"column":18}},"loc":{"start":{"line":18,"column":21},"end":{"line":220,"column":1}},"line":18},"1":{"name":"(anonymous_1)","decl":{"start":{"line":37,"column":22},"end":{"line":37,"column":23}},"loc":{"start":{"line":37,"column":34},"end":{"line":47,"column":3}},"line":37},"2":{"name":"(anonymous_2)","decl":{"start":{"line":49,"column":25},"end":{"line":49,"column":26}},"loc":{"start":{"line":49,"column":37},"end":{"line":53,"column":3}},"line":49},"3":{"name":"(anonymous_3)","decl":{"start":{"line":55,"column":12},"end":{"line":55,"column":13}},"loc":{"start":{"line":55,"column":18},"end":{"line":59,"column":3}},"line":55},"4":{"name":"(anonymous_4)","decl":{"start":{"line":61,"column":23},"end":{"line":61,"column":24}},"loc":{"start":{"line":61,"column":41},"end":{"line":84,"column":3}},"line":61},"5":{"name":"(anonymous_5)","decl":{"start":{"line":71,"column":12},"end":{"line":71,"column":13}},"loc":{"start":{"line":71,"column":24},"end":{"line":83,"column":5}},"line":71},"6":{"name":"(anonymous_6)","decl":{"start":{"line":79,"column":16},"end":{"line":79,"column":17}},"loc":{"s
[...]
,"C:\\Users\\paulh\\OneDrive\\Escritorio\\Infor\\cuarto\\gpsw\\Docenta\\src\\pages\\RestorePasswd.jsx": {"path":"C:\\Users\\paulh\\OneDrive\\Escritorio\\Infor\\cuarto\\gpsw\\Docenta\\src\\pages\\RestorePasswd.jsx","statementMap":{"0":{"start":{"line":10,"column":34},"end":{"line":10,"column":46}},"1":{"start":{"line":11,"column":36},"end":{"line":11,"column":48}},"2":{"start":{"line":14,"column":24},"end":{"line":20,"column":3}},"3":{"start":{"line":15,"column":4},"end":{"line":19,"column":5}},"4":{"start":{"line":16,"column":6},"end":{"line":16,"column":18}},"5":{"start":{"line":18,"column":6},"end":{"line":18,"column":19}},"6":{"start":{"line":23,"column":24},"end":{"line":45,"column":3}},"7":{"start":{"line":24,"column":4},"end":{"line":44,"column":5}},"8":{"start":{"line":25,"column":6},"end":{"line":31,"column":9}},"9":{"start":{"line":33,"column":6},"end":{"line":43,"column":9}},"10":{"start":{"line":40,"column":8},"end":{"line":42,"column":17}},"11":{"start":{"line":41,"column":10},"end":{"line":41,"column":44}},"12":{"start":{"line":47,"column":2},"end":{"line":128,"column":4}},"13":{"start":{"line":91,"column":46},"end":{"line":91,"column":71}},"14":{"start":{"line":108,"column":46},"end":{"line":108,"column":72}}},"fnMap":{"0":{"name":"RestorePasswd","decl":{"start":{"line":9,"column":9},"end":{"line":9,"column":22}},"loc":{"start":{"line":9,"column":25},"end":{"line":129,"column":1}},"line":9},"1":{"name":"(anonymous_1)","decl":{"start":{"line":14,"column":24},"end":{"line":14,"column":25}},"loc":{"start":{"line":14,"column":30},"end":{"line":20,"column":3}},"line":14},"2":{"name":"(anonymous_2)","decl":{"start":{"line":23,"column":24},"end":{"line":23,"column":25}},"loc":{"start":{"line":23,"column":30},"end":{"line":45,"column":3}},"line":23},"3":{"name":"(anonymous_3)","decl":{"start":{"line":39,"column":14},"end":{"line":39,"column":15}},"loc":{"start":{"line":39,"column":20},"end":{"line":43,"column":7}},"line":39},"4":{"name":"(anonymous_4)","decl":{"start":{"line":40,"column":19},"end":{"line":40,"column":20}},"loc":{"start":{"line":40,"column":25},"end":{"line":42,"column":9}},"line":40},"5":{"name":"(anonymous_5)","decl":{"start":{"line":91,"column":30},"end":{"line":91,"column":31}},"loc":{"start":{"line":91,"column":46},"end":{"line":91,"column":71}},"line":91},"6":{"name":"(anonymous_6)","decl":{"start":{"line":108,"column":30},"end":{"line":108,"column":31}},"loc":{"start":{"line":108,"column":46},"end":{"line":108,"column":72}},"line":108}},"branchMap":{"0":{"loc":{"start":{"line":15,"column":4},"end":{"line":19,"column":5}},"type":"if","locations":[{"start":{"line":15,"column":4},"end":{"line":19,"column":5}},{"start":{"line":15,"column":4},"end":{"line":19,"column":5}}],"line":15},"1":{"loc":{"start":{"line":15,"column":8},"end":{"line":15,"column":43}},"type":"binary-expr","locations":[{"start":{"line":15,"column":8},"end":{"line":15,"column":23}},{"start":{"line":15,"column":27},"end":{"line":15,"column":43}}],"line":15},"2":{"loc":{"start":{"line":24,"column":4},"end":{"line":44,"column":5}},"type":"if","locations":[{"start":{"line":24,"column":4},"end":{"line":44,"column":5}},{"start":{"line":24,"column":4},"end":{"line":44,"column":5}}],"line":24}},"s":{"0":56,"1":56,"2":56,"3":2,"4":1,"5":1,"6":56,"7":2,"8":1,"9":1,"10":0,"11":0,"12":56,"13":13,"14":13},"f":{"0":56,"1":2,"2":2,"3":0,"4":0,"5":13,"6":13},"b":{"0":[1,1],"1":[2,1],"2":[1,1]},"_coverageSchema":"1a1c01bbd47fc00a2c39e90264f33305004495a9","hash":"1c1f1ffc31c64de4aaa9c8fba61f87e272e93ba6"}
,"C:\\Users\\paulh\\OneDrive\\Escritorio\\Infor\\cuarto\\gpsw\\Docenta\\src\\pages\\UserManagement.jsx": {"path":"C:\\Users\\paulh\\OneDrive\\Escritorio\\Infor\\cuarto\\gpsw\\Docenta\\src\\pages\\UserManagement.jsx","statementMap":{"0":{"start":{"line":25,"column":17},"end":{"line":25,"column":55}},"1":{"start":{"line":26,"column":19},"end":{"line":26,"column":63}},"2":{"start":{"line":29,"column":25},"end":{"line":29,"column":27}},"3":{"start":{"line":30,"column":26},"end":{"line":30,"column":38}},"4":{"start":{"line":31,"column":28},"end":{"line":31,"column":40}},"5":{"start":{"line":32,"column":32},"end":{"line":32,"column":46}},"6":{"start":{"line":33,"column":34},"end":{"line":33,"column":58}},"7":{"start":{"line":34,"column":28},"end":{"line":34,"column":47}},"8":{"start":{"line":36,"column":19},"end":{"line":36,"column":32}},"9":{"start":{"line":38,"column":23},"end":{"line":38,"column":57}},"10":{"start":{"line":39,"column":20},"end":{"line":39,"column":54}},"11":{"start":{"line":42,"column":21},"end":{"line":44,"column":3}},"12":{"start":{"line":43,"column":4},"end":{"line":43,"column":29}},"13":{"start":{"line":47,"column":21},"end":{"line":54,"column":3}},"14":{"start":{"line":48,"column":4},"end":{"line":53,"column":58}},"15":{"start":{"line":51,"column":8},"end":{"line":51,"column":31}},"16":{"start":{"line":53,"column":24},"end":{"line":53,"column":56}},"17":{"start":{"line":56,"column":2},"end":{"line":63,"column":9}},"18":{"start":{"line":57,"column":23},"end":{"line":60,"column":5}},"19":{"start":{"line":58,"column":23},"end":{"line":58,"column":48}},"20":{"start":{"line":59,"column":6},"end":{"line":59,"column":20}},"21":{"start":{"line":61,"column":4},"end":{"line":61,"column":17}},"22":{"start":{"line":62,"column":4},"end":{"line":62,"column":46}},"23":{"start":{"line":62,"column":21},"end":{"line":62,"column":38}},"24":{"start":{"line":66,"column":19},"end":{"line":68,"column":3}},"25":{"start":{"line":67,"column":4},"end":{"line":67,"column":59}},"26":{"start":{"line":67,"column":31},"end":{"line":67,"column":57}},"27":{"start":{"line":71,"column":22},"end":{"line":78,"column":3}},"28":{"start":{"line":72,"column":20},"end":{"line":72,"column":56}},"29":{"start":{"line":73,"column":4},"end":{"line":77,"column":7}},"30":{"start":{"line":81,"column":24},"end":{"line":92,"column":3}},"31":{"start":{"line":82,"column":4},"end":{"line":91,"column":5}},"32":{"start":{"line":83,"column":6},"end":{"line":83,"column":26}},"33":{"start":{"line":84,"column":6},"end":{"line":88,"column":8}},"34":{"start":{"line":86,"column":10},"end":{"line":86,"column":70}},"35":{"start":{"line":90,"column":6},"end":{"line":90,"column":18}},"36":{"start":{"line":95,"column":26},"end":{"line":106,"column":3}},"37":{"start":{"line":96,"column":4},"end":{"line":105,"column":5}},"38":{"start":{"line":97,"column":6},"end":{"line":97,"column":25}},"39":{"start":{"line":98,"column":6},"end":{"line":102,"column":8}},"40":{"start":{"line":100,"column":10},"end":{"line":100,"column":72}},"41":{"start":{"line":104,"column":6},"end":{"line":104,"column":18}},"42":{"start":{"line":109,"column":25},"end":{"line":120,"column":3}},"43":{"start":{"line":110,"column":4},"end":{"line":119,"column":5}},"44":{"start":{"line":111,"column":6},"end":{"line":111,"column":27}},"45":{"start":{"line":112,"column":6},"end":{"line":116,"column":8}},"46":{"start":{"line":114,"column":10},"end":{"line":114,"column":70}},"47":{"start":{"line":118,"column":6},"end":{"line":118,"column":18}},"48":{"start":{"line":123,"column":24},"end":{"line":134,"column":3}},"49":{"start":{"line":124,"column":4},"end":{"line":133,"column":5}},"50":{"start":{"line":125,"column":6},"end":{"line":125,"column":23}},"51":{"start":{"line":126,"column":6},"end":{"line":130,"column":8}},"52":{"start":{"line":128,"column":10},"end":{"line":128,"column":68}},"53":{"start":{"line":132,"column":6},"end":{"line":132,"column":18}},"54":{"start":{"line":136,"column":24},"end":{"line":167,"column":3}},"55":{"start":{"line":137,"column":4},"end":{"line":166,"column":5}},"56":{"start":{"line":138,"column":6},"end":{"line":142,"column":9}},"57":{"start":{"line":144,"column":6},"end":{"line":165,"column":9}},"58":{"start":{"line":154,"column":8},"end":{"line":164,"column":9}},"59":{"start":{"line":155,"column":10},"end":{"line":155,"column":51}},"60":{"start":{"line":156,"column":10},"end":{"line":163,"column":13}},"61":{"start":{"line":162,"column":12},"end":{"line":162,"column":25}},"62":{"start":{"line":169,"column":2},"end":{"line":169,"column":21}},"63":{"start":{"line":171,"column":23},"end":{"line":233,"column":6}},"64":{"start":{"line":173,"column":6},"end":{"line":182,"column":7}},"65":{"start":{"line":174,"column":8},"end":{"line":174,"column":21}},"66":{"start":{"line":175,"column":13},"end":{"line":182,"column":7}},"67":{"start":{"line":181,"column":8},"end":{"line":181,"column":21}},"68":{"start":{"line":195,"column":10},"end":{"line":195,"column":14}},"69":{"start":{"line":197,"column":6},"end":{"line":232,"column":8}},"70":{"start":{"line":225,"column":31},"end":{"line":225,"column":50}},"71":{"start":{"line":235,"column":2},"end":{"line":365,"column":4}},"72":{"start":{"line":333,"column":33},"end":{"line":333,"column":56}}},"fnMap":{"0":{"name":"UserManagement","decl":{"start":{"line":28,"column":9},"end":{"line":28,"column":23}},"loc":{"start":{"line":28,"column":26},"end":{"line":366,"column":1}},"line":28},"1":{"name":"(anonymous_1)","decl":{"start":{"line":42,"column":21},"end":{"line":42,"column":22}},"loc":{"start":{"line":42,"column":28},"end":{"line":44,"column":3}},"line":42},"2":{"name":"(anonymous_2)","decl":{"start":{"line":47,"column":21},"end":{"line":47,"column":22}},"loc":{"start":{"line":47,"column":33},"end":{"line":54,"column":3}},"line":47},"3":{"name":"(anonymous_3)","decl":{"start":{"line":50,"column":12},"end":{"line":50,"column":13}},"loc":{"start":{"line":50,"column":26},"end":{"line":52,"column":7}},"line":50},"4":{"name":"(anonymous_4)","decl":{"start":{"line":53,"column":13},"end":{"line":53,"column":14}},"loc":{"start":{"line":53,"column":24},"end":{"line":53,"column":56}},"line":53},"5":{"name":"(anonymous_5)","decl":{"start":{"line":56,"column":12},"end":{"line":56,"column":13}},"loc":{"start":{"line":56,"column":18},"end":{"line":63,"column":3}},"line":56},"6":{"name":"(anonymous_6)","decl":{"start":{"line":57,"column":23},"end":{"line":57,"column":24}},"loc":{"start":{"line":57,"column":35},"end":{"line":60,"column":5}},"line":57},"7":{"name":"(anonymous_7)","decl":{"start":{"line":62,"column":15},"end":{"line":62,"column":16}},"loc":{"start":{"line":62,"column":21},"end":{"line":62,"column":38}},"line":62},"8":{"name":"(anonymous_8)","decl":{"start":{"line":66,"column":19},"end":{"line":66,"column":20}},"loc":{"start":{"line":66,"column":25},"end":{"line":68,"column":3}},"line":66},"9":{"name":"(anonymous_9)","decl":{"start":{"line":67,"column":16},"end":{"line":67,"column":17}},"loc":{"start":{"line":67,"column":31},"end":{"line":67,"column":57}},"line":67},"10":{"name":"(anonymous_10)","decl":{"start":{"line":71,"column":22},"end":{"line":71,"column":23}},"loc":{"start":{"line":71,"column":28},"end":{"line":78,"column":3}},"line":71},"11":{"name":"(anonymous_11)","decl":{"start":{"line":81,"column":24},"end":{"line":81,"column":25}},"loc":{"start":{"line":81,"column":30},"end":{"line":92,"column":3}},"line":81},"12":{"name":"(anonymous_12)","decl":{"start":{"line":85,"column":18},"end":{"line":85,"column":19}},"loc":{"start":{"line":86,"column":10},"end":{"line":86,"column":70}},"line":86},"13":{"name":"(anonymous_13)","decl":{"start":{"line":95,"column":26},"end":{"line":95,"column":27}},"loc":{"start":{"line":95,"column":32},"end":{"line":106,"column":3}},"line":95},"14":{"name":"(anonymous_14)","decl":{"start":{"line":99,"column":18},"end":{"line":99,"column":19}},"loc":{"start":{"line":100,"column":10},"end":{"line":100,"column":72}},"line":100},"15":{"name":"(anonymous_15)","decl":{"start":{"line":109,"column":25},"end":{"line":109,"column":26}},"loc":{"start":{"line":109,"column":31},"end":{"line":120,"column":3}},"line":109},"16":{"name":"(anonymous_16)","decl":{"start":{"line":113,"column":18},"end":{"line":113,"column":19}},"loc":{"start":{"line":114,"column":10},"end":{"line":114,"column":70}},"line":114},"17":{"name":"(anonymous_17)","decl":{"start":{"line":123,"column":24},"end":{"line":123,"column":25}},"loc":{"start":{"line":123,"column":30},"end":{"line":134,"column":3}},"line":123},"18":{"name":"(anonymous_18)","decl":{"start":{"line":127,"column":18},"end":{"line":127,"column":19}},"loc":{"start":{"line":128,"column":10},"end":{"line":128,"column":68}},"line":128},"19":{"name":"(anonymous_19)","decl":{"start":{"line":136,"column":24},"end":{"line":136,"column":25}},"loc":{"start":{"line":136,"column":40},"end":{"line":167,"column":3}},"line":136},"20":{"name":"(anonymous_20)","decl":{"start":{"line":153,"column":14},"end":{"line":153,"column":15}},"loc":{"start":{"line":153,"column":26},"end":{"line":165,"column":7}},"line":153},"21":{"name":"(anonymous_21)","decl":{"start":{"line":161,"column":18},"end":{"line":161,"column":19}},"loc":{"start":{"line":161,"column":24},"end":{"line":163,"column":11}},"line":161},"22":{"name":"(anonymous_22)","decl":{"start":{"line":172,"column":12},"end":{"line":172,"column":13}},"loc":{"start":{"line":172,"column":23},"end":{"line":183,"column":5}},"line":172},"23":{"name":"(anonymous_23)","decl":{"start":{"line":185,"column":9},"end":{"line":185,"column":10}},"loc":{"start":{"line":185,"column":19},"end":{"line":233,"column":5}},"line":185},"24":{"name":"(anonymous_24)","decl":{"start":{"line":225,"column":25},"end":{"line":225,"column":26}},"loc":{"start":{"line":225,"column":31},"end":{"line":225,"column":50}},"line":225},"25":{"name":"(anonymous_25)","decl":{"start":{"line":333,"column":27},"end":{"line":333,"column":28}},"loc":{"start":{"line":333,"column":33},"end":{"line":333,"column":56}},"line":333}},"branchMap":{"0":{"loc":{"start":{"line":82,"column":4},"end":{"line":91,"column":5}},"type":"if","locations":[{"start":{"line":82,"column":4},"end":{"line":91,"column":5}},{"start":{"line":82,"column":4},"end":{"line":91,"column":5}}],"line":82},"1":{"loc":{"start":{"line":82,"column":8},"end":{"line":82,"column":70}},"type":"binary-expr","locations":[{"start":{"line":82,"column":8},"end":{"line":82,"column":26}},{"start":{"line":82,"column":30},"end":{"line":82,"column":50}},{"start":{"line":82,"column":54},"end":{"line":82,"column":70}}],"line":82},"2":{"loc":{"start":{"line":86,"column":10},"end":{"line":86,"column":70}},"type":"cond-expr","locations":[{"start":{"line":86,"column":64},"end":{"line":86,"column":65}},{"start":{"line":86,"column":68},"end":{"line":86,"column":70}}],"line":86},"3":{"loc":{"start":{"line":96,"column":4},"end":{"line":105,"column":5}},"type":"if","locations":[{"start":{"line":96,"column":4},"end":{"line":105,"column":5}},{"start":{"line":96,"column":4},"end":{"line":105,"column":5}}],"line":96},"4":{"loc":{"start":{"line":96,"column":8},"end":{"line":96,"column":71}},"type":"binary-expr","locations":[{"start":{"line":96,"column":8},"end":{"line":96,"column":27}},{"start":{"line":96,"column":31},"end":{"line":96,"column":51}},{"start":{"line":96,"column":55},"end":{"line":96,"column":71}}],"line":96},"5":{"loc":{"start":{"line":100,"column":10},"end":{"line":100,"column":72}},"type":"cond-expr","locations":[{"start":{"line":100,"column":66},"end":{"line":100,"column":67}},{"start":{"line":100,"column":70},"end":{"line":100,"column":72}}],"line":100},"6":{"loc":{"start":{"line":110,"column":4},"end":{"line":119,"column":5}},"type":"if","locations":[{"start":{"line":110,"column":4},"end":{"line":119,"column":5}},{"start":{"line":110,"column":4},"end":{"line":119,"column":5}}],"line":110},"7":{"loc":{"start":{"line":110,"column":8},"end":{"line":110,"column":69}},"type":"binary-expr","locations":[{"start":{"line":110,"column":8},"end":{"line":110,"column":27}},{"start":{"line":110,"column":31},"end":{"line":110,"column":49}},{"start":{"line":110,"column":53},"end":{"line":110,"column":69}}],"line":110},"8":{"loc":{"start":{"line":114,"column":10},"end":{"line":114,"column":70}},"type":"cond-expr","locations":[{"start":{"line":114,"column":64},"end":{"line":114,"column":65}},{"start":{"line":114,"column":68},"end":{"line":114,"column":70}}],"line":114},"9":{"loc":{"start":{"line":124,"column":4},"end":{"line":133,"column":5}},"type":"if","locations":[{"start":{"line":124,"column":4},"end":{"line":133,"column":5}},{"start":{"line":124,"column":4},"end":{"line":133,"column":5}}],"line":124},"10":{"loc":{"start":{"line":124,"column":8},"end":{"line":124,"column":73}},"type":"binary-expr","locations":[{"start":{"line":124,"column":8},"end":{"line":124,"column":27}},{"start":{"line":124,"column":31},"end":{"line":124,"column":49}},{"start":{"line":124,"column":53},"end":{"line":124,"column":73}}],"line":124},"11":{"loc":{"start":{"line":128,"column":10},"end":{"line":128,"column":68}},"type":"cond-expr","locations":[{"start":{"line":128,"column":62},"end":{"line":128,"column":63}},{"start":{"line":128,"column":66},"end":{"line":128,"column":68}}],"line":128},"12":{"loc":{"start":{"line":137,"column":4},"end":{"line":166,"column":5}},"type":"if","locations":[{"start":{"line":137,"column":4},"end":{"line":166,"column":5}},{"start":{"line":137,"column":4},"end":{"line":166,"column":5}}],"line":137},"13":{"loc":{"start":{"line":154,"column":8},"end":{"line":164,"column":9}},"type":"if","locations":[{"start":{"line":154,"column":8},"end":{"line":164,"column":9}},{"start":{"line":154,"column":8},"end":{"line":164,"column":9}}],"line":154},"14":{"loc":{"start":{"line":173,"column":6},"end":{"line":182,"column":7}},"type":"if","locations":[{"start":{"line":173,"column":6},"end":{"line":182,"column":7}},{"start":{"line":173,"column":6},"end":{"line":182,"column":7}}],"line":173},"15":{"loc":{"start":{"line":175,"column":13},"end":{"line":182,"column":7}},"type":"if","locations":[{"start":{"line":175,"column":13},"end":{"line":182,"column":7}},{"start":{"line":175,"column":13},"end":{"line":182,"column":7}}],"line":175},"16":{"loc":{"start":{"line":176,"column":8},"end":{"line":179,"column":71}},"type":"binary-expr","locations":[{"start":{"line":176,"column":8},"end":{"line":176,"column":72}},{"start":{"line":177,"column":8},"end":{"line":177,"column":73}},{"start":{"line":178,"column":8},"end":{"line":178,"column":72}},{"start":{"line":179,"column":8},"end":{"line":179,"column":71}}],"line":176},"17":{"loc":{"start":{"line":237,"column":7},"end":{"line":363,"column":7}},"type":"cond-expr","locations":[{"start":{"line":238,"column":8},"end":{"line":360,"column":15}},{"start":{"line":362,"column":8},"end":{"line":362,"column":19}}],"line":237},"18":{"loc":{"start":{"line":339,"column":17},"end":{"line":347,"column":17}},"type":"binary-expr","locations":[{"start":{"line":339,"column":17},"end":{"line":339,"column":40}},{"start":{"line":340,"column":18},"end":{"line":346,"column":27}}],"line":339}},"s":{"0":52,"1":52,"2":34,"3":34,"4":32,"5":32,"6":32,"7":32,"8":32,"9":32,"10":32,"11":32,"12":7,"13":32,"14":0,"15":0,"16":0,"17":32,"18":4,"19":4,"20":4,"21":4,"22":4,"23":4,"24":32,"25":0,"26":0,"27":32,"28":0,"29":0,"30":32,"31":0,"32":0,"33":0,"34":0,"35":0,"36":32,"37":0,"38":0,"39":0,"40":0,"41":0,"42":32,"43":0,"44":0,"45":0,"46":0,"47":0,"48":32,"49":0,"50":0,"51":0,"52":0,"53":0,"54":32,"55":1,"56":0,"57":1,"58":1,"59":1,"60":1,"61":0,"62":32,"63":32,"64":162,"65":66,"66":96,"67":28,"68":94,"69":94,"70":1,"71":32,"72":1},"f":{"0":34,"1":7,"2":0,"3":0,"4":0,"5":4,"6":4,"7":4,"8":0,"9":0,"10":0,"11":0,"12":0,"13":0,"14":0,"15":0,"16":0,"17":0,"18":0,"19":1,"20":1,"21":0,"22":162,"23":94,"24":1,"25":1},"b":{"0":[0,0],"1":[0,0,0],"2":[0,0],"3":[0,0],"4":[0,0,0],"5":[0,0],"6":[0,0],"7":[0,0,0],"8":[0,0],"9":[0,0],"10":[0,0,0],"11":[0,0],"12":[0,1],"13":[1,0],"14":[66,96],"15":[28,68],"16":[96,76,76,76],"17":[20,12],"18":[20,0]},"_coverageSchema":"1a1c01bbd47fc00a2c39e90264f33305004495a9","hash":"178f57d2173a39fb953e2ba7f00f17ee8659d41d"}
}
