TN:
SF:src\App.jsx
FN:25,App
FN:31,(anonymous_1)
FNF:2
FNH:2
FNDA:121,App
FNDA:98,(anonymous_1)
DA:26,121
DA:27,121
DA:28,121
DA:29,104
DA:31,104
DA:32,98
DA:33,98
DA:36,104
LF:8
LH:8
BRF:0
BRH:0
end_of_record
TN:
SF:src\index.js
FNF:0
FNH:0
DA:8,52
DA:9,52
DA:20,52
LF:3
LH:3
BRF:0
BRH:0
end_of_record
TN:
SF:src\reportWebVitals.js
FN:1,(anonymous_0)
FN:3,(anonymous_1)
FNF:2
FNH:1
FNDA:52,(anonymous_0)
FNDA:0,(anonymous_1)
DA:1,52
DA:2,52
DA:3,0
DA:4,0
DA:5,0
DA:6,0
DA:7,0
DA:8,0
LF:8
LH:2
BRDA:2,0,0,0
BRDA:2,0,1,52
BRDA:2,1,0,52
BRDA:2,1,1,0
BRF:4
BRH:2
end_of_record
TN:
SF:src\components\Loader.jsx
FN:5,Loading
FNF:1
FNH:1
FNDA:106,Loading
DA:6,106
LF:1
LH:1
BRF:0
BRH:0
end_of_record
TN:
SF:src\components\Navbar.jsx
FN:7,Navbar
FN:34,(anonymous_1)
FNF:2
FNH:2
FNDA:20,Navbar
FNDA:4,(anonymous_1)
DA:8,20
DA:9,20
DA:10,20
DA:11,20
DA:34,4
LF:5
LH:5
BRDA:31,0,0,8
BRDA:31,0,1,12
BRDA:38,1,0,8
BRDA:38,1,1,12
BRDA:45,2,0,8
BRDA:45,2,1,12
BRDA:92,3,0,0
BRDA:92,3,1,20
BRF:8
BRH:7
end_of_record
TN:
SF:src\components\NavbarAdmin.jsx
FN:7,NavbarAdmin
FN:38,(anonymous_1)
FN:54,(anonymous_2)
FNF:3
FNH:0
FNDA:0,NavbarAdmin
FNDA:0,(anonymous_1)
FNDA:0,(anonymous_2)
DA:8,0
DA:10,0
DA:11,0
DA:16,0
DA:38,0
DA:55,0
LF:6
LH:0
BRDA:35,0,0,0
BRDA:35,0,1,0
BRDA:42,1,0,0
BRDA:42,1,1,0
BRDA:49,2,0,0
BRDA:49,2,1,0
BRDA:58,3,0,0
BRDA:58,3,1,0
BRDA:64,4,0,0
BRDA:64,4,1,0
BRF:10
BRH:0
end_of_record
TN:
SF:src\components\NavbarCatalog.jsx
FN:7,NavbarCatalog
FN:39,(anonymous_1)
FN:55,(anonymous_2)
FNF:3
FNH:2
FNDA:54,NavbarCatalog
FNDA:0,(anonymous_1)
FNDA:162,(anonymous_2)
DA:8,54
DA:10,54
DA:11,54
DA:17,54
DA:39,0
DA:56,162
LF:6
LH:5
BRDA:36,0,0,0
BRDA:36,0,1,54
BRDA:43,1,0,0
BRDA:43,1,1,54
BRDA:50,2,0,0
BRDA:50,2,1,54
BRDA:59,3,0,54
BRDA:59,3,1,108
BRDA:65,4,0,54
BRDA:65,4,1,108
BRF:10
BRH:7
end_of_record
TN:
SF:src\components\NavbarFavs.jsx
FN:7,NavbarFavs
FN:37,(anonymous_1)
FN:53,(anonymous_2)
FNF:3
FNH:2
FNDA:46,NavbarFavs
FNDA:0,(anonymous_1)
FNDA:138,(anonymous_2)
DA:8,46
DA:9,46
DA:15,46
DA:37,0
DA:54,138
LF:5
LH:4
BRDA:34,0,0,0
BRDA:34,0,1,46
BRDA:41,1,0,0
BRDA:41,1,1,46
BRDA:48,2,0,0
BRDA:48,2,1,46
BRDA:58,3,0,46
BRDA:58,3,1,92
BRF:8
BRH:5
end_of_record
TN:
SF:src\components\NavbarManagement.jsx
FN:7,NavbarManagement
FN:38,(anonymous_1)
FN:54,(anonymous_2)
FNF:3
FNH:2
FNDA:2046,NavbarManagement
FNDA:0,(anonymous_1)
FNDA:4092,(anonymous_2)
DA:8,2046
DA:10,2046
DA:11,2046
DA:16,2046
DA:38,0
DA:55,4092
LF:6
LH:5
BRDA:35,0,0,0
BRDA:35,0,1,2046
BRDA:42,1,0,0
BRDA:42,1,1,2046
BRDA:49,2,0,0
BRDA:49,2,1,2046
BRDA:58,3,0,4092
BRDA:58,3,1,0
BRDA:64,4,0,2046
BRDA:64,4,1,2046
BRF:10
BRH:6
end_of_record
TN:
SF:src\components\NavbarProfile.jsx
FN:7,NavbarProfile
FN:37,(anonymous_1)
FN:53,(anonymous_2)
FNF:3
FNH:2
FNDA:8,NavbarProfile
FNDA:0,(anonymous_1)
FNDA:24,(anonymous_2)
DA:8,8
DA:9,8
DA:15,8
DA:37,0
DA:54,24
LF:5
LH:4
BRDA:34,0,0,0
BRDA:34,0,1,8
BRDA:41,1,0,0
BRDA:41,1,1,8
BRDA:48,2,0,0
BRDA:48,2,1,8
BRDA:58,3,0,8
BRDA:58,3,1,16
BRF:8
BRH:5
end_of_record
TN:
SF:src\components\ProtectedRoute.jsx
FN:3,(anonymous_0)
FNF:1
FNH:1
FNDA:52,(anonymous_0)
DA:3,52
DA:4,52
DA:5,0
DA:7,52
LF:4
LH:3
BRDA:4,0,0,0
BRDA:4,0,1,52
BRF:2
BRH:1
end_of_record
TN:
SF:src\data\Countries.js
FNF:0
FNH:0
DA:1,52
LF:1
LH:1
BRF:0
BRH:0
end_of_record
TN:
SF:src\pages\AddCourse.jsx
FN:12,AddCourse
FN:24,(anonymous_1)
FN:29,(anonymous_2)
FN:34,(anonymous_3)
FN:51,(anonymous_4)
FN:52,(anonymous_5)
FN:59,(anonymous_6)
FN:87,(anonymous_7)
FN:95,(anonymous_8)
FN:96,(anonymous_9)
FN:144,(anonymous_10)
FN:159,(anonymous_11)
FN:174,(anonymous_12)
FN:189,(anonymous_13)
FN:204,(anonymous_14)
FN:219,(anonymous_15)
FN:234,(anonymous_16)
FN:252,(anonymous_17)
FNF:18
FNH:17
FNDA:1981,AddCourse
FNDA:6,(anonymous_1)
FNDA:6,(anonymous_2)
FNDA:3,(anonymous_3)
FNDA:2,(anonymous_4)
FNDA:101,(anonymous_5)
FNDA:3,(anonymous_6)
FNDA:1,(anonymous_7)
FNDA:1,(anonymous_8)
FNDA:1,(anonymous_9)
FNDA:82,(anonymous_10)
FNDA:8,(anonymous_11)
FNDA:352,(anonymous_12)
FNDA:394,(anonymous_13)
FNDA:118,(anonymous_14)
FNDA:12,(anonymous_15)
FNDA:16,(anonymous_16)
FNDA:0,(anonymous_17)
DA:9,52
DA:10,52
DA:13,1981
DA:15,1978
DA:16,1978
DA:17,1978
DA:18,1978
DA:19,1978
DA:20,1978
DA:21,1978
DA:22,1978
DA:24,1978
DA:25,6
DA:26,5
DA:29,1978
DA:30,6
DA:34,1978
DA:35,3
DA:44,1
DA:46,2
DA:51,1978
DA:52,101
DA:53,1
DA:55,1
DA:59,1978
DA:60,3
DA:61,1
DA:68,2
DA:69,1
DA:77,1
DA:88,1
DA:89,1
DA:96,1
DA:97,1
DA:105,1978
DA:144,82
DA:159,8
DA:174,352
DA:189,394
DA:204,118
DA:219,12
DA:234,16
DA:252,0
LF:43
LH:42
BRDA:35,0,0,1
BRDA:35,0,1,2
BRDA:36,1,0,3
BRDA:36,1,1,2
BRDA:36,1,2,2
BRDA:36,1,3,2
BRDA:36,1,4,2
BRDA:36,1,5,2
BRDA:36,1,6,2
BRDA:52,2,0,1
BRDA:52,2,1,1
BRDA:60,3,0,1
BRDA:60,3,1,2
BRDA:68,4,0,1
BRDA:68,4,1,1
BRDA:88,5,0,1
BRDA:88,5,1,0
BRF:17
BRH:16
end_of_record
TN:
SF:src\pages\AdminProfile.jsx
FN:10,AdminProfile
FN:24,(anonymous_1)
FN:25,(anonymous_2)
FN:41,(anonymous_3)
FNF:4
FNH:0
FNDA:0,AdminProfile
FNDA:0,(anonymous_1)
FNDA:0,(anonymous_2)
FNDA:0,(anonymous_3)
DA:8,52
DA:11,0
DA:12,0
DA:14,0
DA:15,0
DA:16,0
DA:17,0
DA:18,0
DA:19,0
DA:20,0
DA:21,0
DA:22,0
DA:24,0
DA:25,0
DA:26,0
DA:27,0
DA:28,0
DA:29,0
DA:30,0
DA:31,0
DA:32,0
DA:33,0
DA:34,0
DA:35,0
DA:37,0
DA:41,0
DA:42,0
DA:43,0
DA:46,0
LF:29
LH:1
BRDA:48,0,0,0
BRDA:48,0,1,0
BRF:2
BRH:0
end_of_record
TN:
SF:src\pages\Catalog.jsx
FN:26,Catalog
FN:40,(anonymous_1)
FN:44,(anonymous_2)
FN:45,(anonymous_3)
FN:50,(anonymous_4)
FN:54,(anonymous_5)
FN:55,(anonymous_6)
FN:59,(anonymous_7)
FN:69,(anonymous_8)
FN:73,(anonymous_9)
FN:83,(anonymous_10)
FN:87,(anonymous_11)
FN:97,(anonymous_12)
FN:101,(anonymous_13)
FN:111,(anonymous_14)
FN:115,(anonymous_15)
FN:124,(anonymous_16)
FN:130,(anonymous_17)
FN:133,(anonymous_18)
FN:139,(anonymous_19)
FN:150,(anonymous_20)
FN:327,(anonymous_21)
FNF:22
FNH:10
FNDA:86,Catalog
FNDA:16,(anonymous_1)
FNDA:16,(anonymous_2)
FNDA:16,(anonymous_3)
FNDA:8,(anonymous_4)
FNDA:1,(anonymous_5)
FNDA:1,(anonymous_6)
FNDA:1,(anonymous_7)
FNDA:0,(anonymous_8)
FNDA:0,(anonymous_9)
FNDA:0,(anonymous_10)
FNDA:0,(anonymous_11)
FNDA:0,(anonymous_12)
FNDA:0,(anonymous_13)
FNDA:0,(anonymous_14)
FNDA:0,(anonymous_15)
FNDA:0,(anonymous_16)
FNDA:0,(anonymous_17)
FNDA:0,(anonymous_18)
FNDA:3200,(anonymous_19)
FNDA:850,(anonymous_20)
FNDA:0,(anonymous_21)
DA:23,52
DA:24,52
DA:27,86
DA:28,86
DA:29,82
DA:30,82
DA:31,82
DA:32,82
DA:34,82
DA:36,82
DA:37,82
DA:40,82
DA:41,16
DA:44,82
DA:45,16
DA:46,16
DA:47,8
DA:49,16
DA:50,16
DA:54,82
DA:55,1
DA:59,82
DA:60,1
DA:61,1
DA:69,82
DA:70,0
DA:71,0
DA:72,0
DA:74,0
DA:78,0
DA:83,82
DA:84,0
DA:85,0
DA:86,0
DA:88,0
DA:92,0
DA:97,82
DA:98,0
DA:99,0
DA:100,0
DA:102,0
DA:106,0
DA:111,82
DA:112,0
DA:113,0
DA:114,0
DA:116,0
DA:120,0
DA:124,82
DA:125,0
DA:131,0
DA:134,0
DA:138,82
DA:140,3200
DA:141,1400
DA:142,1800
DA:146,274
DA:160,850
DA:162,850
DA:201,82
DA:327,0
LF:61
LH:37
BRDA:70,0,0,0
BRDA:70,0,1,0
BRDA:70,1,0,0
BRDA:70,1,1,0
BRDA:70,1,2,0
BRDA:84,2,0,0
BRDA:84,2,1,0
BRDA:84,3,0,0
BRDA:84,3,1,0
BRDA:84,3,2,0
BRDA:88,4,0,0
BRDA:88,4,1,0
BRDA:98,5,0,0
BRDA:98,5,1,0
BRDA:98,6,0,0
BRDA:98,6,1,0
BRDA:98,6,2,0
BRDA:102,7,0,0
BRDA:102,7,1,0
BRDA:112,8,0,0
BRDA:112,8,1,0
BRDA:112,9,0,0
BRDA:112,9,1,0
BRDA:112,9,2,0
BRDA:116,10,0,0
BRDA:116,10,1,0
BRDA:140,11,0,1400
BRDA:140,11,1,1800
BRDA:142,12,0,274
BRDA:142,12,1,1526
BRDA:143,13,0,1800
BRDA:143,13,1,1526
BRDA:203,14,0,48
BRDA:203,14,1,34
BRDA:301,15,0,48
BRDA:301,15,1,48
BRF:36
BRH:10
end_of_record
TN:
SF:src\pages\ContentManagement.jsx
FN:28,ContentManagement
FN:42,(anonymous_1)
FN:46,(anonymous_2)
FN:51,(anonymous_3)
FN:53,(anonymous_4)
FN:57,(anonymous_5)
FN:58,(anonymous_6)
FN:62,(anonymous_7)
FN:72,(anonymous_8)
FN:76,(anonymous_9)
FN:86,(anonymous_10)
FN:90,(anonymous_11)
FN:100,(anonymous_12)
FN:104,(anonymous_13)
FN:114,(anonymous_14)
FN:118,(anonymous_15)
FN:127,(anonymous_16)
FN:131,(anonymous_17)
FN:141,(anonymous_18)
FN:149,(anonymous_19)
FN:157,(anonymous_20)
FN:168,(anonymous_21)
FN:208,(anonymous_22)
FN:326,(anonymous_23)
FNF:24
FNH:12
FNDA:67,ContentManagement
FNDA:9,(anonymous_1)
FNDA:10,(anonymous_2)
FNDA:10,(anonymous_3)
FNDA:10,(anonymous_4)
FNDA:0,(anonymous_5)
FNDA:0,(anonymous_6)
FNDA:0,(anonymous_7)
FNDA:0,(anonymous_8)
FNDA:0,(anonymous_9)
FNDA:0,(anonymous_10)
FNDA:0,(anonymous_11)
FNDA:0,(anonymous_12)
FNDA:0,(anonymous_13)
FNDA:0,(anonymous_14)
FNDA:0,(anonymous_15)
FNDA:3,(anonymous_16)
FNDA:1,(anonymous_17)
FNDA:1,(anonymous_18)
FNDA:0,(anonymous_19)
FNDA:2532,(anonymous_20)
FNDA:728,(anonymous_21)
FNDA:1,(anonymous_22)
FNDA:1,(anonymous_23)
DA:25,52
DA:26,52
DA:29,67
DA:30,67
DA:31,62
DA:32,62
DA:33,62
DA:34,62
DA:36,62
DA:38,62
DA:39,62
DA:42,62
DA:43,9
DA:46,62
DA:47,10
DA:48,10
DA:51,62
DA:52,10
DA:53,10
DA:57,62
DA:58,0
DA:62,62
DA:63,0
DA:64,0
DA:72,62
DA:73,0
DA:74,0
DA:75,0
DA:77,0
DA:81,0
DA:86,62
DA:87,0
DA:88,0
DA:89,0
DA:91,0
DA:95,0
DA:100,62
DA:101,0
DA:102,0
DA:103,0
DA:105,0
DA:109,0
DA:114,62
DA:115,0
DA:116,0
DA:117,0
DA:119,0
DA:123,0
DA:127,62
DA:128,3
DA:131,62
DA:132,1
DA:142,1
DA:143,1
DA:144,1
DA:150,0
DA:156,62
DA:158,2532
DA:159,1512
DA:160,1020
DA:164,176
DA:178,728
DA:180,728
DA:208,1
DA:218,62
DA:326,1
LF:66
LH:42
BRDA:73,0,0,0
BRDA:73,0,1,0
BRDA:73,1,0,0
BRDA:73,1,1,0
BRDA:73,1,2,0
BRDA:87,2,0,0
BRDA:87,2,1,0
BRDA:87,3,0,0
BRDA:87,3,1,0
BRDA:87,3,2,0
BRDA:91,4,0,0
BRDA:91,4,1,0
BRDA:101,5,0,0
BRDA:101,5,1,0
BRDA:101,6,0,0
BRDA:101,6,1,0
BRDA:101,6,2,0
BRDA:105,7,0,0
BRDA:105,7,1,0
BRDA:115,8,0,0
BRDA:115,8,1,0
BRDA:115,9,0,0
BRDA:115,9,1,0
BRDA:115,9,2,0
BRDA:119,10,0,0
BRDA:119,10,1,0
BRDA:142,11,0,1
BRDA:142,11,1,0
BRDA:158,12,0,1512
BRDA:158,12,1,1020
BRDA:160,13,0,176
BRDA:160,13,1,844
BRDA:161,14,0,1020
BRDA:161,14,1,844
BRDA:220,15,0,30
BRDA:220,15,1,32
BRDA:332,16,0,30
BRDA:332,16,1,30
BRF:38
BRH:11
end_of_record
TN:
SF:src\pages\Course.jsx
FN:16,Course
FN:35,(anonymous_1)
FN:47,(anonymous_2)
FN:52,(anonymous_3)
FN:58,(anonymous_4)
FN:66,(anonymous_5)
FN:73,(anonymous_6)
FN:130,(anonymous_7)
FNF:8
FNH:6
FNDA:12,Course
FNDA:4,(anonymous_1)
FNDA:4,(anonymous_2)
FNDA:1,(anonymous_3)
FNDA:1,(anonymous_4)
FNDA:0,(anonymous_5)
FNDA:1,(anonymous_6)
FNDA:0,(anonymous_7)
DA:12,52
DA:13,52
DA:14,52
DA:17,12
DA:18,12
DA:20,12
DA:21,12
DA:23,12
DA:24,12
DA:26,12
DA:27,12
DA:28,12
DA:29,12
DA:30,12
DA:31,12
DA:32,12
DA:33,12
DA:35,12
DA:36,4
DA:37,4
DA:38,4
DA:39,4
DA:40,4
DA:41,4
DA:42,4
DA:43,4
DA:44,4
DA:47,12
DA:48,4
DA:52,12
DA:53,1
DA:59,1
DA:60,1
DA:67,0
DA:73,12
DA:74,1
DA:77,12
DA:130,0
LF:38
LH:36
BRDA:59,0,0,1
BRDA:59,0,1,0
BRF:2
BRH:1
end_of_record
TN:
SF:src\pages\Dashboard.jsx
FN:20,Dashboard
FN:33,(anonymous_1)
FN:39,(anonymous_2)
FN:41,(anonymous_3)
FN:47,(anonymous_4)
FN:52,(anonymous_5)
FN:58,(anonymous_6)
FN:62,(anonymous_7)
FN:66,(anonymous_8)
FN:70,(anonymous_9)
FN:72,(anonymous_10)
FN:73,(anonymous_11)
FN:78,(anonymous_12)
FN:82,(anonymous_13)
FN:85,(anonymous_14)
FN:95,(anonymous_15)
FN:193,(anonymous_16)
FNF:17
FNH:15
FNDA:14,Dashboard
FNDA:2,(anonymous_1)
FNDA:12,(anonymous_2)
FNDA:12,(anonymous_3)
FNDA:2,(anonymous_4)
FNDA:2,(anonymous_5)
FNDA:2,(anonymous_6)
FNDA:0,(anonymous_7)
FNDA:2,(anonymous_8)
FNDA:0,(anonymous_9)
FNDA:100,(anonymous_10)
FNDA:294,(anonymous_11)
FNDA:2,(anonymous_12)
FNDA:2,(anonymous_13)
FNDA:36,(anonymous_14)
FNDA:18,(anonymous_15)
FNDA:1,(anonymous_16)
DA:12,52
DA:15,52
DA:16,52
DA:17,52
DA:18,52
DA:21,14
DA:23,14
DA:24,14
DA:25,14
DA:26,14
DA:27,14
DA:28,14
DA:29,14
DA:30,14
DA:31,14
DA:33,14
DA:34,2
DA:35,2
DA:37,2
DA:39,12
DA:41,12
DA:42,2
DA:43,2
DA:44,2
DA:47,14
DA:48,2
DA:49,2
DA:52,14
DA:53,2
DA:54,2
DA:56,2
DA:59,2
DA:60,2
DA:62,0
DA:64,2
DA:67,2
DA:68,2
DA:70,0
DA:72,2
DA:73,294
DA:75,2
DA:78,14
DA:79,2
DA:80,2
DA:81,2
DA:82,2
DA:85,14
DA:88,36
DA:95,14
DA:98,18
DA:105,14
DA:193,1
LF:52
LH:50
BRDA:107,0,0,4
BRDA:107,0,1,10
BRF:2
BRH:2
end_of_record
TN:
SF:src\pages\FavCourse.jsx
FN:18,FavCourse
FN:37,(anonymous_1)
FN:49,(anonymous_2)
FN:55,(anonymous_3)
FN:61,(anonymous_4)
FN:71,(anonymous_5)
FN:79,(anonymous_6)
FN:87,(anonymous_7)
FN:92,(anonymous_8)
FN:106,(anonymous_9)
FN:122,(anonymous_10)
FN:157,(anonymous_11)
FN:173,(anonymous_12)
FN:191,(anonymous_13)
FN:211,(anonymous_14)
FNF:15
FNH:11
FNDA:24,FavCourse
FNDA:4,(anonymous_1)
FNDA:4,(anonymous_2)
FNDA:4,(anonymous_3)
FNDA:1,(anonymous_4)
FNDA:1,(anonymous_5)
FNDA:0,(anonymous_6)
FNDA:1,(anonymous_7)
FNDA:1,(anonymous_8)
FNDA:0,(anonymous_9)
FNDA:1,(anonymous_10)
FNDA:0,(anonymous_11)
FNDA:2,(anonymous_12)
FNDA:1,(anonymous_13)
FNDA:0,(anonymous_14)
DA:13,52
DA:14,52
DA:15,52
DA:16,52
DA:19,24
DA:20,22
DA:22,22
DA:24,22
DA:25,22
DA:26,22
DA:28,22
DA:29,22
DA:30,22
DA:31,22
DA:32,22
DA:33,22
DA:34,22
DA:35,22
DA:37,22
DA:38,4
DA:39,4
DA:40,4
DA:41,4
DA:42,4
DA:43,4
DA:44,4
DA:45,4
DA:46,4
DA:49,22
DA:50,4
DA:51,4
DA:52,4
DA:55,22
DA:56,4
DA:57,4
DA:61,22
DA:62,1
DA:72,1
DA:73,1
DA:74,1
DA:80,0
DA:87,22
DA:88,1
DA:93,1
DA:94,1
DA:101,1
DA:106,22
DA:107,0
DA:110,22
DA:122,1
DA:157,0
DA:173,2
DA:191,1
DA:211,0
LF:54
LH:50
BRDA:72,0,0,1
BRDA:72,0,1,0
BRDA:93,1,0,1
BRDA:93,1,1,0
BRF:4
BRH:2
end_of_record
TN:
SF:src\pages\Favorites.jsx
FN:22,Favorites
FN:35,(anonymous_1)
FN:42,(anonymous_2)
FN:50,(anonymous_3)
FN:54,(anonymous_4)
FN:58,(anonymous_5)
FN:62,(anonymous_6)
FN:64,(anonymous_7)
FN:65,(anonymous_8)
FN:70,(anonymous_9)
FN:72,(anonymous_10)
FN:77,(anonymous_11)
FN:78,(anonymous_12)
FN:82,(anonymous_13)
FN:92,(anonymous_14)
FN:96,(anonymous_15)
FN:106,(anonymous_16)
FN:110,(anonymous_17)
FN:120,(anonymous_18)
FN:124,(anonymous_19)
FN:134,(anonymous_20)
FN:138,(anonymous_21)
FN:148,(anonymous_22)
FN:159,(anonymous_23)
FNF:24
FNH:11
FNDA:48,Favorites
FNDA:10,(anonymous_1)
FNDA:4,(anonymous_2)
FNDA:4,(anonymous_3)
FNDA:0,(anonymous_4)
FNDA:4,(anonymous_5)
FNDA:0,(anonymous_6)
FNDA:200,(anonymous_7)
FNDA:1656,(anonymous_8)
FNDA:4,(anonymous_9)
FNDA:4,(anonymous_10)
FNDA:0,(anonymous_11)
FNDA:0,(anonymous_12)
FNDA:0,(anonymous_13)
FNDA:0,(anonymous_14)
FNDA:0,(anonymous_15)
FNDA:0,(anonymous_16)
FNDA:0,(anonymous_17)
FNDA:0,(anonymous_18)
FNDA:0,(anonymous_19)
FNDA:0,(anonymous_20)
FNDA:0,(anonymous_21)
FNDA:324,(anonymous_22)
FNDA:164,(anonymous_23)
DA:19,52
DA:20,52
DA:23,48
DA:24,48
DA:25,46
DA:26,46
DA:27,46
DA:28,46
DA:29,46
DA:30,46
DA:32,46
DA:35,46
DA:36,10
DA:42,46
DA:45,4
DA:46,4
DA:48,4
DA:51,4
DA:52,4
DA:54,0
DA:56,4
DA:59,4
DA:60,4
DA:62,0
DA:64,4
DA:65,1656
DA:67,4
DA:70,46
DA:71,4
DA:72,4
DA:77,46
DA:78,0
DA:82,46
DA:83,0
DA:84,0
DA:92,46
DA:93,0
DA:94,0
DA:95,0
DA:97,0
DA:101,0
DA:106,46
DA:107,0
DA:108,0
DA:109,0
DA:111,0
DA:115,0
DA:120,46
DA:121,0
DA:122,0
DA:123,0
DA:125,0
DA:129,0
DA:134,46
DA:135,0
DA:136,0
DA:137,0
DA:139,0
DA:143,0
DA:147,46
DA:149,324
DA:150,108
DA:151,216
DA:155,56
DA:169,164
DA:171,164
DA:210,46
LF:67
LH:42
BRDA:93,0,0,0
BRDA:93,0,1,0
BRDA:93,1,0,0
BRDA:93,1,1,0
BRDA:93,1,2,0
BRDA:107,2,0,0
BRDA:107,2,1,0
BRDA:107,3,0,0
BRDA:107,3,1,0
BRDA:107,3,2,0
BRDA:111,4,0,0
BRDA:111,4,1,0
BRDA:121,5,0,0
BRDA:121,5,1,0
BRDA:121,6,0,0
BRDA:121,6,1,0
BRDA:121,6,2,0
BRDA:125,7,0,0
BRDA:125,7,1,0
BRDA:135,8,0,0
BRDA:135,8,1,0
BRDA:135,9,0,0
BRDA:135,9,1,0
BRDA:135,9,2,0
BRDA:139,10,0,0
BRDA:139,10,1,0
BRDA:149,11,0,108
BRDA:149,11,1,216
BRDA:151,12,0,56
BRDA:151,12,1,160
BRDA:152,13,0,216
BRDA:152,13,1,160
BRDA:212,14,0,28
BRDA:212,14,1,18
BRDA:303,15,0,28
BRDA:303,15,1,28
BRF:36
BRH:10
end_of_record
TN:
SF:src\pages\ForgotPasswd.jsx
FN:13,ForgotPasswd
FN:18,(anonymous_1)
FN:19,(anonymous_2)
FN:27,(anonymous_3)
FN:51,(anonymous_4)
FN:52,(anonymous_5)
FN:60,(anonymous_6)
FN:69,(anonymous_7)
FN:70,(anonymous_8)
FN:126,(anonymous_9)
FNF:10
FNH:8
FNDA:110,ForgotPasswd
FNDA:10,(anonymous_1)
FNDA:10,(anonymous_2)
FNDA:3,(anonymous_3)
FNDA:0,(anonymous_4)
FNDA:0,(anonymous_5)
FNDA:3,(anonymous_6)
FNDA:2,(anonymous_7)
FNDA:10,(anonymous_8)
FNDA:46,(anonymous_9)
DA:11,52
DA:14,110
DA:15,110
DA:18,110
DA:19,10
DA:20,10
DA:21,4
DA:23,10
DA:27,110
DA:28,3
DA:29,1
DA:36,2
DA:37,1
DA:45,1
DA:52,0
DA:53,0
DA:60,110
DA:61,3
DA:62,1
DA:64,2
DA:69,110
DA:70,10
DA:71,1
DA:73,1
DA:77,110
DA:126,46
LF:26
LH:24
BRDA:28,0,0,1
BRDA:28,0,1,2
BRDA:36,1,0,1
BRDA:36,1,1,1
BRDA:61,2,0,1
BRDA:61,2,1,2
BRDA:70,3,0,1
BRDA:70,3,1,1
BRF:8
BRH:8
end_of_record
TN:
SF:src\pages\Home.jsx
FN:5,Home
FNF:1
FNH:1
FNDA:12,Home
DA:6,12
LF:1
LH:1
BRF:0
BRH:0
end_of_record
TN:
SF:src\pages\Login.jsx
FN:15,Login
FN:22,(anonymous_1)
FN:33,(anonymous_2)
FN:50,(anonymous_3)
FN:53,(anonymous_4)
FN:59,(anonymous_5)
FN:65,(anonymous_6)
FN:79,(anonymous_7)
FN:140,(anonymous_8)
FN:163,(anonymous_9)
FNF:10
FNH:9
FNDA:496,Login
FNDA:0,(anonymous_1)
FNDA:13,(anonymous_2)
FNDA:12,(anonymous_3)
FNDA:11,(anonymous_4)
FNDA:6,(anonymous_5)
FNDA:5,(anonymous_6)
FNDA:1,(anonymous_7)
FNDA:95,(anonymous_8)
FNDA:135,(anonymous_9)
DA:13,52
DA:16,496
DA:17,496
DA:18,496
DA:19,496
DA:22,496
DA:23,0
DA:24,0
DA:25,0
DA:27,0
DA:28,0
DA:33,496
DA:34,13
DA:36,13
DA:37,1
DA:45,12
DA:50,496
DA:51,12
DA:54,11
DA:55,11
DA:56,6
DA:57,6
DA:58,6
DA:59,6
DA:60,6
DA:63,5
DA:64,5
DA:65,5
DA:66,5
DA:70,0
DA:80,1
DA:90,496
DA:140,95
DA:163,135
LF:34
LH:28
BRDA:23,0,0,0
BRDA:23,0,1,0
BRDA:36,1,0,1
BRDA:36,1,1,12
BRDA:36,2,0,13
BRDA:36,2,1,12
BRDA:54,3,0,11
BRDA:54,3,1,0
BRDA:55,4,0,6
BRDA:55,4,1,5
BRF:10
BRH:7
end_of_record
TN:
SF:src\pages\Management.jsx
FN:9,Management
FNF:1
FNH:1
FNDA:18,Management
DA:10,18
LF:1
LH:1
BRF:0
BRH:0
end_of_record
TN:
SF:src\pages\NotFound.jsx
FN:5,NotFound
FN:29,(anonymous_1)
FNF:2
FNH:2
FNDA:2,NotFound
FNDA:1,(anonymous_1)
DA:6,2
DA:7,2
DA:29,1
LF:3
LH:3
BRF:0
BRH:0
end_of_record
TN:
SF:src\pages\Profile.jsx
FN:11,Profile
FN:31,(anonymous_1)
FN:32,(anonymous_2)
FN:47,(anonymous_3)
FN:59,(anonymous_4)
FN:67,(anonymous_5)
FN:68,(anonymous_6)
FN:77,(anonymous_7)
FN:91,(anonymous_8)
FN:136,(anonymous_9)
FNF:10
FNH:5
FNDA:11,Profile
FNDA:2,(anonymous_1)
FNDA:2,(anonymous_2)
FNDA:0,(anonymous_3)
FNDA:0,(anonymous_4)
FNDA:0,(anonymous_5)
FNDA:0,(anonymous_6)
FNDA:2,(anonymous_7)
FNDA:1,(anonymous_8)
FNDA:0,(anonymous_9)
DA:8,52
DA:9,52
DA:12,11
DA:13,11
DA:15,11
DA:16,10
DA:17,10
DA:18,10
DA:19,10
DA:20,10
DA:21,10
DA:22,10
DA:23,10
DA:24,10
DA:27,10
DA:28,10
DA:29,10
DA:31,10
DA:32,2
DA:33,2
DA:34,2
DA:35,2
DA:36,2
DA:37,2
DA:38,2
DA:39,2
DA:40,2
DA:41,2
DA:42,2
DA:44,2
DA:47,10
DA:48,0
DA:60,0
DA:61,0
DA:68,0
DA:69,0
DA:77,10
DA:78,2
DA:79,1
DA:82,1
DA:83,1
DA:84,1
DA:86,1
DA:87,1
DA:91,10
DA:92,1
DA:93,1
DA:96,1
DA:97,1
DA:98,1
DA:99,0
DA:100,0
DA:101,0
DA:104,0
DA:105,0
DA:106,0
DA:110,10
DA:136,0
LF:58
LH:46
BRDA:60,0,0,0
BRDA:60,0,1,0
BRDA:78,1,0,1
BRDA:78,1,1,1
BRDA:92,2,0,1
BRDA:92,2,1,0
BRDA:99,3,0,0
BRDA:99,3,1,0
BRDA:112,4,0,10
BRDA:112,4,1,0
BRF:10
BRH:4
end_of_record
TN:
SF:src\pages\Register.jsx
FN:12,Register
FNF:1
FNH:1
FNDA:4,Register
DA:13,4
LF:1
LH:1
BRF:0
BRH:0
end_of_record
TN:
SF:src\pages\RegisterMobile.jsx
FN:30,RegisterMobile
FN:60,(anonymous_1)
FN:99,(anonymous_2)
FN:110,(anonymous_3)
FN:120,(anonymous_4)
FN:125,(anonymous_5)
FN:126,(anonymous_6)
FN:134,(anonymous_7)
FN:153,(anonymous_8)
FN:154,(anonymous_9)
FN:162,(anonymous_10)
FN:163,(anonymous_11)
FN:171,(anonymous_12)
FN:179,(anonymous_13)
FN:187,(anonymous_14)
FN:200,(anonymous_15)
FN:208,(anonymous_16)
FN:216,(anonymous_17)
FN:224,(anonymous_18)
FN:310,(anonymous_19)
FN:318,(anonymous_20)
FN:319,(anonymous_21)
FN:344,(anonymous_22)
FN:363,(anonymous_23)
FN:396,(anonymous_24)
FN:421,(anonymous_25)
FN:445,(anonymous_26)
FN:468,(anonymous_27)
FN:493,(anonymous_28)
FN:511,(anonymous_29)
FN:534,(anonymous_30)
FN:579,(anonymous_31)
FN:602,(anonymous_32)
FNF:33
FNH:5
FNDA:8,RegisterMobile
FNDA:8,(anonymous_1)
FNDA:0,(anonymous_2)
FNDA:0,(anonymous_3)
FNDA:0,(anonymous_4)
FNDA:4,(anonymous_5)
FNDA:4,(anonymous_6)
FNDA:0,(anonymous_7)
FNDA:0,(anonymous_8)
FNDA:0,(anonymous_9)
FNDA:0,(anonymous_10)
FNDA:0,(anonymous_11)
FNDA:0,(anonymous_12)
FNDA:0,(anonymous_13)
FNDA:0,(anonymous_14)
FNDA:0,(anonymous_15)
FNDA:0,(anonymous_16)
FNDA:0,(anonymous_17)
FNDA:0,(anonymous_18)
FNDA:0,(anonymous_19)
FNDA:0,(anonymous_20)
FNDA:0,(anonymous_21)
FNDA:0,(anonymous_22)
FNDA:0,(anonymous_23)
FNDA:0,(anonymous_24)
FNDA:0,(anonymous_25)
FNDA:0,(anonymous_26)
FNDA:0,(anonymous_27)
FNDA:0,(anonymous_28)
FNDA:0,(anonymous_29)
FNDA:0,(anonymous_30)
FNDA:0,(anonymous_31)
FNDA:4,(anonymous_32)
DA:14,52
DA:15,52
DA:18,52
DA:19,52
DA:22,52
DA:24,52
DA:26,52
DA:34,8
DA:38,8
DA:39,8
DA:41,8
DA:42,8
DA:43,8
DA:44,8
DA:45,8
DA:46,8
DA:47,8
DA:48,8
DA:49,8
DA:50,8
DA:51,8
DA:52,8
DA:54,8
DA:55,8
DA:56,8
DA:57,8
DA:60,8
DA:96,8
DA:99,8
DA:100,0
DA:101,0
DA:102,0
DA:104,0
DA:105,0
DA:110,8
DA:111,0
DA:112,0
DA:113,0
DA:115,0
DA:116,0
DA:120,8
DA:121,0
DA:125,8
DA:126,4
DA:127,4
DA:128,0
DA:130,4
DA:134,8
DA:135,0
DA:146,0
DA:148,0
DA:153,8
DA:154,0
DA:155,0
DA:157,0
DA:162,8
DA:163,0
DA:164,0
DA:166,0
DA:171,8
DA:172,0
DA:173,0
DA:175,0
DA:179,8
DA:180,0
DA:181,0
DA:183,0
DA:187,8
DA:188,0
DA:194,0
DA:196,0
DA:200,8
DA:201,0
DA:202,0
DA:204,0
DA:208,8
DA:209,0
DA:210,0
DA:212,0
DA:216,8
DA:217,0
DA:218,0
DA:220,0
DA:224,8
DA:225,0
DA:226,0
DA:233,0
DA:234,0
DA:241,0
DA:242,0
DA:249,0
DA:250,0
DA:257,0
DA:258,0
DA:265,0
DA:266,0
DA:273,0
DA:274,0
DA:281,0
DA:282,0
DA:289,0
DA:290,0
DA:298,0
DA:311,0
DA:312,0
DA:319,0
DA:320,0
DA:328,8
DA:344,0
DA:363,0
DA:396,0
DA:421,0
DA:445,0
DA:468,0
DA:493,0
DA:511,0
DA:534,0
DA:579,0
DA:603,4
LF:119
LH:47
BRDA:100,0,0,0
BRDA:100,0,1,0
BRDA:111,1,0,0
BRDA:111,1,1,0
BRDA:135,2,0,0
BRDA:135,2,1,0
BRDA:136,3,0,0
BRDA:136,3,1,0
BRDA:136,3,2,0
BRDA:136,3,3,0
BRDA:136,3,4,0
BRDA:136,3,5,0
BRDA:136,3,6,0
BRDA:136,3,7,0
BRDA:136,3,8,0
BRDA:154,4,0,0
BRDA:154,4,1,0
BRDA:163,5,0,0
BRDA:163,5,1,0
BRDA:172,6,0,0
BRDA:172,6,1,0
BRDA:180,7,0,0
BRDA:180,7,1,0
BRDA:188,8,0,0
BRDA:188,8,1,0
BRDA:189,9,0,0
BRDA:189,9,1,0
BRDA:201,10,0,0
BRDA:201,10,1,0
BRDA:209,11,0,0
BRDA:209,11,1,0
BRDA:217,12,0,0
BRDA:217,12,1,0
BRDA:225,13,0,0
BRDA:225,13,1,0
BRDA:233,14,0,0
BRDA:233,14,1,0
BRDA:241,15,0,0
BRDA:241,15,1,0
BRDA:249,16,0,0
BRDA:249,16,1,0
BRDA:257,17,0,0
BRDA:257,17,1,0
BRDA:265,18,0,0
BRDA:265,18,1,0
BRDA:273,19,0,0
BRDA:273,19,1,0
BRDA:281,20,0,0
BRDA:281,20,1,0
BRDA:289,21,0,0
BRDA:289,21,1,0
BRDA:311,22,0,0
BRDA:311,22,1,0
BRF:53
BRH:0
end_of_record
TN:
SF:src\pages\RegisterWeb.jsx
FN:38,RegisterWeb
FN:71,(anonymous_1)
FN:110,(anonymous_2)
FN:127,(anonymous_3)
FN:138,(anonymous_4)
FN:149,(anonymous_5)
FN:160,(anonymous_6)
FN:161,(anonymous_7)
FN:169,(anonymous_8)
FN:188,(anonymous_9)
FN:189,(anonymous_10)
FN:197,(anonymous_11)
FN:198,(anonymous_12)
FN:206,(anonymous_13)
FN:214,(anonymous_14)
FN:222,(anonymous_15)
FN:235,(anonymous_16)
FN:243,(anonymous_17)
FN:251,(anonymous_18)
FN:259,(anonymous_19)
FN:345,(anonymous_20)
FN:353,(anonymous_21)
FN:354,(anonymous_22)
FN:379,(anonymous_23)
FN:398,(anonymous_24)
FN:431,(anonymous_25)
FN:456,(anonymous_26)
FN:502,(anonymous_27)
FN:524,(anonymous_28)
FN:542,(anonymous_29)
FN:565,(anonymous_30)
FN:610,(anonymous_31)
FN:633,(anonymous_32)
FNF:33
FNH:5
FNDA:8,RegisterWeb
FNDA:8,(anonymous_1)
FNDA:0,(anonymous_2)
FNDA:0,(anonymous_3)
FNDA:0,(anonymous_4)
FNDA:0,(anonymous_5)
FNDA:4,(anonymous_6)
FNDA:4,(anonymous_7)
FNDA:0,(anonymous_8)
FNDA:0,(anonymous_9)
FNDA:0,(anonymous_10)
FNDA:0,(anonymous_11)
FNDA:0,(anonymous_12)
FNDA:0,(anonymous_13)
FNDA:0,(anonymous_14)
FNDA:0,(anonymous_15)
FNDA:0,(anonymous_16)
FNDA:0,(anonymous_17)
FNDA:0,(anonymous_18)
FNDA:0,(anonymous_19)
FNDA:0,(anonymous_20)
FNDA:0,(anonymous_21)
FNDA:0,(anonymous_22)
FNDA:0,(anonymous_23)
FNDA:0,(anonymous_24)
FNDA:0,(anonymous_25)
FNDA:0,(anonymous_26)
FNDA:0,(anonymous_27)
FNDA:0,(anonymous_28)
FNDA:0,(anonymous_29)
FNDA:0,(anonymous_30)
FNDA:0,(anonymous_31)
FNDA:4,(anonymous_32)
DA:22,52
DA:23,52
DA:26,52
DA:27,52
DA:30,52
DA:32,52
DA:34,52
DA:42,8
DA:46,8
DA:47,8
DA:49,8
DA:50,8
DA:51,8
DA:52,8
DA:53,8
DA:54,8
DA:55,8
DA:56,8
DA:57,8
DA:58,8
DA:59,8
DA:61,8
DA:62,8
DA:64,8
DA:65,8
DA:66,8
DA:67,8
DA:68,8
DA:71,8
DA:107,8
DA:110,8
DA:111,0
DA:112,0
DA:113,0
DA:114,0
DA:118,0
DA:119,0
DA:121,0
DA:122,0
DA:127,8
DA:128,0
DA:129,0
DA:130,0
DA:132,0
DA:133,0
DA:138,8
DA:139,0
DA:140,0
DA:141,0
DA:143,0
DA:144,0
DA:149,8
DA:150,0
DA:151,0
DA:152,0
DA:154,0
DA:155,0
DA:160,8
DA:161,4
DA:162,4
DA:163,0
DA:165,4
DA:169,8
DA:170,0
DA:181,0
DA:183,0
DA:188,8
DA:189,0
DA:190,0
DA:192,0
DA:197,8
DA:198,0
DA:199,0
DA:201,0
DA:206,8
DA:207,0
DA:208,0
DA:210,0
DA:214,8
DA:215,0
DA:216,0
DA:218,0
DA:222,8
DA:223,0
DA:229,0
DA:231,0
DA:235,8
DA:236,0
DA:237,0
DA:239,0
DA:243,8
DA:244,0
DA:245,0
DA:247,0
DA:251,8
DA:252,0
DA:253,0
DA:255,0
DA:259,8
DA:260,0
DA:261,0
DA:268,0
DA:269,0
DA:276,0
DA:277,0
DA:284,0
DA:285,0
DA:292,0
DA:293,0
DA:300,0
DA:301,0
DA:308,0
DA:309,0
DA:316,0
DA:317,0
DA:324,0
DA:325,0
DA:333,0
DA:346,0
DA:347,0
DA:354,0
DA:355,0
DA:363,8
DA:379,0
DA:398,0
DA:431,0
DA:456,0
DA:502,0
DA:524,0
DA:542,0
DA:565,0
DA:610,0
DA:634,4
LF:133
LH:50
BRDA:111,0,0,0
BRDA:111,0,1,0
BRDA:111,1,0,0
BRDA:111,1,1,0
BRDA:114,2,0,0
BRDA:114,2,1,0
BRDA:115,3,0,0
BRDA:115,3,1,0
BRDA:128,4,0,0
BRDA:128,4,1,0
BRDA:139,5,0,0
BRDA:139,5,1,0
BRDA:150,6,0,0
BRDA:150,6,1,0
BRDA:170,7,0,0
BRDA:170,7,1,0
BRDA:171,8,0,0
BRDA:171,8,1,0
BRDA:171,8,2,0
BRDA:171,8,3,0
BRDA:171,8,4,0
BRDA:171,8,5,0
BRDA:171,8,6,0
BRDA:171,8,7,0
BRDA:171,8,8,0
BRDA:189,9,0,0
BRDA:189,9,1,0
BRDA:198,10,0,0
BRDA:198,10,1,0
BRDA:207,11,0,0
BRDA:207,11,1,0
BRDA:215,12,0,0
BRDA:215,12,1,0
BRDA:223,13,0,0
BRDA:223,13,1,0
BRDA:224,14,0,0
BRDA:224,14,1,0
BRDA:236,15,0,0
BRDA:236,15,1,0
BRDA:244,16,0,0
BRDA:244,16,1,0
BRDA:252,17,0,0
BRDA:252,17,1,0
BRDA:260,18,0,0
BRDA:260,18,1,0
BRDA:268,19,0,0
BRDA:268,19,1,0
BRDA:276,20,0,0
BRDA:276,20,1,0
BRDA:284,21,0,0
BRDA:284,21,1,0
BRDA:292,22,0,0
BRDA:292,22,1,0
BRDA:300,23,0,0
BRDA:300,23,1,0
BRDA:308,24,0,0
BRDA:308,24,1,0
BRDA:316,25,0,0
BRDA:316,25,1,0
BRDA:324,26,0,0
BRDA:324,26,1,0
BRDA:346,27,0,0
BRDA:346,27,1,0
BRF:63
BRH:0
end_of_record
TN:
SF:src\pages\RestorePasswd.jsx
FN:9,RestorePasswd
FN:14,(anonymous_1)
FN:23,(anonymous_2)
FN:39,(anonymous_3)
FN:40,(anonymous_4)
FN:91,(anonymous_5)
FN:108,(anonymous_6)
FNF:7
FNH:5
FNDA:56,RestorePasswd
FNDA:2,(anonymous_1)
FNDA:2,(anonymous_2)
FNDA:0,(anonymous_3)
FNDA:0,(anonymous_4)
FNDA:13,(anonymous_5)
FNDA:13,(anonymous_6)
DA:10,56
DA:11,56
DA:14,56
DA:15,2
DA:16,1
DA:18,1
DA:23,56
DA:24,2
DA:25,1
DA:33,1
DA:40,0
DA:41,0
DA:47,56
DA:91,13
DA:108,13
LF:15
LH:13
BRDA:15,0,0,1
BRDA:15,0,1,1
BRDA:15,1,0,2
BRDA:15,1,1,1
BRDA:24,2,0,1
BRDA:24,2,1,1
BRF:6
BRH:6
end_of_record
TN:
SF:src\pages\UserManagement.jsx
FN:28,UserManagement
FN:42,(anonymous_1)
FN:47,(anonymous_2)
FN:50,(anonymous_3)
FN:53,(anonymous_4)
FN:56,(anonymous_5)
FN:57,(anonymous_6)
FN:62,(anonymous_7)
FN:66,(anonymous_8)
FN:67,(anonymous_9)
FN:71,(anonymous_10)
FN:81,(anonymous_11)
FN:85,(anonymous_12)
FN:95,(anonymous_13)
FN:99,(anonymous_14)
FN:109,(anonymous_15)
FN:113,(anonymous_16)
FN:123,(anonymous_17)
FN:127,(anonymous_18)
FN:136,(anonymous_19)
FN:153,(anonymous_20)
FN:161,(anonymous_21)
FN:172,(anonymous_22)
FN:185,(anonymous_23)
FN:225,(anonymous_24)
FN:333,(anonymous_25)
FNF:26
FNH:11
FNDA:34,UserManagement
FNDA:7,(anonymous_1)
FNDA:0,(anonymous_2)
FNDA:0,(anonymous_3)
FNDA:0,(anonymous_4)
FNDA:4,(anonymous_5)
FNDA:4,(anonymous_6)
FNDA:4,(anonymous_7)
FNDA:0,(anonymous_8)
FNDA:0,(anonymous_9)
FNDA:0,(anonymous_10)
FNDA:0,(anonymous_11)
FNDA:0,(anonymous_12)
FNDA:0,(anonymous_13)
FNDA:0,(anonymous_14)
FNDA:0,(anonymous_15)
FNDA:0,(anonymous_16)
FNDA:0,(anonymous_17)
FNDA:0,(anonymous_18)
FNDA:1,(anonymous_19)
FNDA:1,(anonymous_20)
FNDA:0,(anonymous_21)
FNDA:162,(anonymous_22)
FNDA:94,(anonymous_23)
FNDA:1,(anonymous_24)
FNDA:1,(anonymous_25)
DA:25,52
DA:26,52
DA:29,34
DA:30,34
DA:31,32
DA:32,32
DA:33,32
DA:34,32
DA:36,32
DA:38,32
DA:39,32
DA:42,32
DA:43,7
DA:47,32
DA:48,0
DA:51,0
DA:53,0
DA:56,32
DA:57,4
DA:58,4
DA:59,4
DA:61,4
DA:62,4
DA:66,32
DA:67,0
DA:71,32
DA:72,0
DA:73,0
DA:81,32
DA:82,0
DA:83,0
DA:84,0
DA:86,0
DA:90,0
DA:95,32
DA:96,0
DA:97,0
DA:98,0
DA:100,0
DA:104,0
DA:109,32
DA:110,0
DA:111,0
DA:112,0
DA:114,0
DA:118,0
DA:123,32
DA:124,0
DA:125,0
DA:126,0
DA:128,0
DA:132,0
DA:136,32
DA:137,1
DA:138,0
DA:144,1
DA:154,1
DA:155,1
DA:156,1
DA:162,0
DA:169,32
DA:171,32
DA:173,162
DA:174,66
DA:175,96
DA:181,28
DA:195,94
DA:197,94
DA:225,1
DA:235,32
DA:333,1
LF:71
LH:43
BRDA:82,0,0,0
BRDA:82,0,1,0
BRDA:82,1,0,0
BRDA:82,1,1,0
BRDA:82,1,2,0
BRDA:86,2,0,0
BRDA:86,2,1,0
BRDA:96,3,0,0
BRDA:96,3,1,0
BRDA:96,4,0,0
BRDA:96,4,1,0
BRDA:96,4,2,0
BRDA:100,5,0,0
BRDA:100,5,1,0
BRDA:110,6,0,0
BRDA:110,6,1,0
BRDA:110,7,0,0
BRDA:110,7,1,0
BRDA:110,7,2,0
BRDA:114,8,0,0
BRDA:114,8,1,0
BRDA:124,9,0,0
BRDA:124,9,1,0
BRDA:124,10,0,0
BRDA:124,10,1,0
BRDA:124,10,2,0
BRDA:128,11,0,0
BRDA:128,11,1,0
BRDA:137,12,0,0
BRDA:137,12,1,1
BRDA:154,13,0,1
BRDA:154,13,1,0
BRDA:173,14,0,66
BRDA:173,14,1,96
BRDA:175,15,0,28
BRDA:175,15,1,68
BRDA:176,16,0,96
BRDA:176,16,1,76
BRDA:176,16,2,76
BRDA:176,16,3,76
BRDA:237,17,0,20
BRDA:237,17,1,12
BRDA:339,18,0,20
BRDA:339,18,1,0
BRF:44
BRH:13
end_of_record
